  Determining projects to restore...
  All projects are up-to-date for restore.
  ByteForgeFrontend -> D:\Repository\@Founder-y\ByteForgeFrontend\project\code\bin\Debug\net8.0\ByteForgeFrontend.dll
D:\Repository\@Founder-y\ByteForgeFrontend\project\code\Tests\Integration\Performance\LoadTestingSuite.cs(554,102): warning CS8625: Cannot convert null literal to non-nullable reference type. [D:\Repository\@Founder-y\ByteForgeFrontend\project\code\Tests\ByteForgeFrontend.Tests.csproj]
D:\Repository\@Founder-y\ByteForgeFrontend\project\code\Tests\Integration\Security\SecurityIntegrationTests.cs(40,16): warning CS8618: Non-nullable field '_client' must contain a non-null value when exiting constructor. Consider adding the 'required' modifier or declaring the field as nullable. [D:\Repository\@Founder-y\ByteForgeFrontend\project\code\Tests\ByteForgeFrontend.Tests.csproj]
D:\Repository\@Founder-y\ByteForgeFrontend\project\code\Tests\Integration\Security\SecurityIntegrationTests.cs(40,16): warning CS8618: Non-nullable field '_scope' must contain a non-null value when exiting constructor. Consider adding the 'required' modifier or declaring the field as nullable. [D:\Repository\@Founder-y\ByteForgeFrontend\project\code\Tests\ByteForgeFrontend.Tests.csproj]
D:\Repository\@Founder-y\ByteForgeFrontend\project\code\Tests\Integration\Security\SecurityIntegrationTests.cs(40,16): warning CS8618: Non-nullable field '_apiKeyService' must contain a non-null value when exiting constructor. Consider adding the 'required' modifier or declaring the field as nullable. [D:\Repository\@Founder-y\ByteForgeFrontend\project\code\Tests\ByteForgeFrontend.Tests.csproj]
D:\Repository\@Founder-y\ByteForgeFrontend\project\code\Tests\Integration\Security\SecurityIntegrationTests.cs(40,16): warning CS8618: Non-nullable field '_auditService' must contain a non-null value when exiting constructor. Consider adding the 'required' modifier or declaring the field as nullable. [D:\Repository\@Founder-y\ByteForgeFrontend\project\code\Tests\ByteForgeFrontend.Tests.csproj]
D:\Repository\@Founder-y\ByteForgeFrontend\project\code\Tests\Integration\Security\SecurityIntegrationTests.cs(40,16): warning CS8618: Non-nullable field '_complianceService' must contain a non-null value when exiting constructor. Consider adding the 'required' modifier or declaring the field as nullable. [D:\Repository\@Founder-y\ByteForgeFrontend\project\code\Tests\ByteForgeFrontend.Tests.csproj]
D:\Repository\@Founder-y\ByteForgeFrontend\project\code\Tests\Integration\Security\SecurityIntegrationTests.cs(40,16): warning CS8618: Non-nullable field '_userManager' must contain a non-null value when exiting constructor. Consider adding the 'required' modifier or declaring the field as nullable. [D:\Repository\@Founder-y\ByteForgeFrontend\project\code\Tests\ByteForgeFrontend.Tests.csproj]
D:\Repository\@Founder-y\ByteForgeFrontend\project\code\Tests\Integration\E2E\FullWorkflowIntegrationTests.cs(45,16): warning CS8618: Non-nullable field '_scope' must contain a non-null value when exiting constructor. Consider adding the 'required' modifier or declaring the field as nullable. [D:\Repository\@Founder-y\ByteForgeFrontend\project\code\Tests\ByteForgeFrontend.Tests.csproj]
D:\Repository\@Founder-y\ByteForgeFrontend\project\code\Tests\Integration\E2E\FullWorkflowIntegrationTests.cs(45,16): warning CS8618: Non-nullable field '_context' must contain a non-null value when exiting constructor. Consider adding the 'required' modifier or declaring the field as nullable. [D:\Repository\@Founder-y\ByteForgeFrontend\project\code\Tests\ByteForgeFrontend.Tests.csproj]
D:\Repository\@Founder-y\ByteForgeFrontend\project\code\Tests\Integration\E2E\FullWorkflowIntegrationTests.cs(45,16): warning CS8618: Non-nullable field '_projectService' must contain a non-null value when exiting constructor. Consider adding the 'required' modifier or declaring the field as nullable. [D:\Repository\@Founder-y\ByteForgeFrontend\project\code\Tests\ByteForgeFrontend.Tests.csproj]
D:\Repository\@Founder-y\ByteForgeFrontend\project\code\Tests\Integration\E2E\FullWorkflowIntegrationTests.cs(45,16): warning CS8618: Non-nullable field '_requirementsService' must contain a non-null value when exiting constructor. Consider adding the 'required' modifier or declaring the field as nullable. [D:\Repository\@Founder-y\ByteForgeFrontend\project\code\Tests\ByteForgeFrontend.Tests.csproj]
D:\Repository\@Founder-y\ByteForgeFrontend\project\code\Tests\Integration\E2E\FullWorkflowIntegrationTests.cs(45,16): warning CS8618: Non-nullable field '_templateService' must contain a non-null value when exiting constructor. Consider adding the 'required' modifier or declaring the field as nullable. [D:\Repository\@Founder-y\ByteForgeFrontend\project\code\Tests\ByteForgeFrontend.Tests.csproj]
D:\Repository\@Founder-y\ByteForgeFrontend\project\code\Tests\Integration\E2E\FullWorkflowIntegrationTests.cs(45,16): warning CS8618: Non-nullable field '_agentRegistry' must contain a non-null value when exiting constructor. Consider adding the 'required' modifier or declaring the field as nullable. [D:\Repository\@Founder-y\ByteForgeFrontend\project\code\Tests\ByteForgeFrontend.Tests.csproj]
D:\Repository\@Founder-y\ByteForgeFrontend\project\code\Tests\Integration\E2E\FullWorkflowIntegrationTests.cs(45,16): warning CS8618: Non-nullable field '_monitoringService' must contain a non-null value when exiting constructor. Consider adding the 'required' modifier or declaring the field as nullable. [D:\Repository\@Founder-y\ByteForgeFrontend\project\code\Tests\ByteForgeFrontend.Tests.csproj]
D:\Repository\@Founder-y\ByteForgeFrontend\project\code\Tests\Integration\E2E\FullWorkflowIntegrationTests.cs(45,16): warning CS8618: Non-nullable field '_auditService' must contain a non-null value when exiting constructor. Consider adding the 'required' modifier or declaring the field as nullable. [D:\Repository\@Founder-y\ByteForgeFrontend\project\code\Tests\ByteForgeFrontend.Tests.csproj]
D:\Repository\@Founder-y\ByteForgeFrontend\project\code\Tests\Integration\E2E\FullWorkflowIntegrationTests.cs(45,16): warning CS8618: Non-nullable field '_authService' must contain a non-null value when exiting constructor. Consider adding the 'required' modifier or declaring the field as nullable. [D:\Repository\@Founder-y\ByteForgeFrontend\project\code\Tests\ByteForgeFrontend.Tests.csproj]
D:\Repository\@Founder-y\ByteForgeFrontend\project\code\Tests\Integration\Performance\PerformanceBenchmarkTests.cs(36,16): warning CS8618: Non-nullable field '_scope' must contain a non-null value when exiting constructor. Consider adding the 'required' modifier or declaring the field as nullable. [D:\Repository\@Founder-y\ByteForgeFrontend\project\code\Tests\ByteForgeFrontend.Tests.csproj]
D:\Repository\@Founder-y\ByteForgeFrontend\project\code\Tests\Integration\Performance\PerformanceBenchmarkTests.cs(36,16): warning CS8618: Non-nullable field '_context' must contain a non-null value when exiting constructor. Consider adding the 'required' modifier or declaring the field as nullable. [D:\Repository\@Founder-y\ByteForgeFrontend\project\code\Tests\ByteForgeFrontend.Tests.csproj]
D:\Repository\@Founder-y\ByteForgeFrontend\project\code\Tests\Integration\Performance\PerformanceBenchmarkTests.cs(36,16): warning CS8618: Non-nullable field '_projectService' must contain a non-null value when exiting constructor. Consider adding the 'required' modifier or declaring the field as nullable. [D:\Repository\@Founder-y\ByteForgeFrontend\project\code\Tests\ByteForgeFrontend.Tests.csproj]
D:\Repository\@Founder-y\ByteForgeFrontend\project\code\Tests\Integration\Performance\PerformanceBenchmarkTests.cs(36,16): warning CS8618: Non-nullable field '_requirementsService' must contain a non-null value when exiting constructor. Consider adding the 'required' modifier or declaring the field as nullable. [D:\Repository\@Founder-y\ByteForgeFrontend\project\code\Tests\ByteForgeFrontend.Tests.csproj]
D:\Repository\@Founder-y\ByteForgeFrontend\project\code\Tests\Integration\Performance\PerformanceBenchmarkTests.cs(36,16): warning CS8618: Non-nullable field '_monitoringService' must contain a non-null value when exiting constructor. Consider adding the 'required' modifier or declaring the field as nullable. [D:\Repository\@Founder-y\ByteForgeFrontend\project\code\Tests\ByteForgeFrontend.Tests.csproj]
D:\Repository\@Founder-y\ByteForgeFrontend\project\code\Tests\Integration\Performance\PerformanceBenchmarkTests.cs(36,16): warning CS8618: Non-nullable field '_llmService' must contain a non-null value when exiting constructor. Consider adding the 'required' modifier or declaring the field as nullable. [D:\Repository\@Founder-y\ByteForgeFrontend\project\code\Tests\ByteForgeFrontend.Tests.csproj]
D:\Repository\@Founder-y\ByteForgeFrontend\project\code\Tests\Infrastructure\LLM\LLMProviderFactoryTests.cs(21,24): error CS7036: There is no argument given that corresponds to the required parameter 'httpClientFactory' of 'LLMProviderFactory.LLMProviderFactory(ILLMConfigurationService, ILoggerFactory, IHttpClientFactory)' [D:\Repository\@Founder-y\ByteForgeFrontend\project\code\Tests\ByteForgeFrontend.Tests.csproj]
D:\Repository\@Founder-y\ByteForgeFrontend\project\code\Tests\Security\Authentication\MultiTenantAuthenticationTests.cs(26,39): warning CS8625: Cannot convert null literal to non-nullable reference type. [D:\Repository\@Founder-y\ByteForgeFrontend\project\code\Tests\ByteForgeFrontend.Tests.csproj]
D:\Repository\@Founder-y\ByteForgeFrontend\project\code\Tests\Security\Authentication\MultiTenantAuthenticationTests.cs(26,45): warning CS8625: Cannot convert null literal to non-nullable reference type. [D:\Repository\@Founder-y\ByteForgeFrontend\project\code\Tests\ByteForgeFrontend.Tests.csproj]
D:\Repository\@Founder-y\ByteForgeFrontend\project\code\Tests\Security\Authentication\MultiTenantAuthenticationTests.cs(26,51): warning CS8625: Cannot convert null literal to non-nullable reference type. [D:\Repository\@Founder-y\ByteForgeFrontend\project\code\Tests\ByteForgeFrontend.Tests.csproj]
D:\Repository\@Founder-y\ByteForgeFrontend\project\code\Tests\Security\Authentication\MultiTenantAuthenticationTests.cs(26,57): warning CS8625: Cannot convert null literal to non-nullable reference type. [D:\Repository\@Founder-y\ByteForgeFrontend\project\code\Tests\ByteForgeFrontend.Tests.csproj]
D:\Repository\@Founder-y\ByteForgeFrontend\project\code\Tests\Security\Authentication\MultiTenantAuthenticationTests.cs(26,63): warning CS8625: Cannot convert null literal to non-nullable reference type. [D:\Repository\@Founder-y\ByteForgeFrontend\project\code\Tests\ByteForgeFrontend.Tests.csproj]
D:\Repository\@Founder-y\ByteForgeFrontend\project\code\Tests\Security\Authentication\MultiTenantAuthenticationTests.cs(26,69): warning CS8625: Cannot convert null literal to non-nullable reference type. [D:\Repository\@Founder-y\ByteForgeFrontend\project\code\Tests\ByteForgeFrontend.Tests.csproj]
D:\Repository\@Founder-y\ByteForgeFrontend\project\code\Tests\Security\Authentication\MultiTenantAuthenticationTests.cs(26,75): warning CS8625: Cannot convert null literal to non-nullable reference type. [D:\Repository\@Founder-y\ByteForgeFrontend\project\code\Tests\ByteForgeFrontend.Tests.csproj]
D:\Repository\@Founder-y\ByteForgeFrontend\project\code\Tests\Security\Authentication\MultiTenantAuthenticationTests.cs(26,81): warning CS8625: Cannot convert null literal to non-nullable reference type. [D:\Repository\@Founder-y\ByteForgeFrontend\project\code\Tests\ByteForgeFrontend.Tests.csproj]
D:\Repository\@Founder-y\ByteForgeFrontend\project\code\Tests\Integration\Security\SecurityIntegrationTests.cs(46,27): warning CS1998: This async method lacks 'await' operators and will run synchronously. Consider using the 'await' operator to await non-blocking API calls, or 'await Task.Run(...)' to do CPU-bound work on a background thread. [D:\Repository\@Founder-y\ByteForgeFrontend\project\code\Tests\ByteForgeFrontend.Tests.csproj]
D:\Repository\@Founder-y\ByteForgeFrontend\project\code\Tests\Integration\Performance\PerformanceBenchmarkTests.cs(78,27): warning CS1998: This async method lacks 'await' operators and will run synchronously. Consider using the 'await' operator to await non-blocking API calls, or 'await Task.Run(...)' to do CPU-bound work on a background thread. [D:\Repository\@Founder-y\ByteForgeFrontend\project\code\Tests\ByteForgeFrontend.Tests.csproj]
D:\Repository\@Founder-y\ByteForgeFrontend\project\code\Tests\Integration\Security\SecurityIntegrationTests.cs(74,27): warning CS1998: This async method lacks 'await' operators and will run synchronously. Consider using the 'await' operator to await non-blocking API calls, or 'await Task.Run(...)' to do CPU-bound work on a background thread. [D:\Repository\@Founder-y\ByteForgeFrontend\project\code\Tests\ByteForgeFrontend.Tests.csproj]
D:\Repository\@Founder-y\ByteForgeFrontend\project\code\Tests\TestHelpers\TestDatabaseHelper.cs(30,22): error CS0029: Cannot implicitly convert type 'System.Guid' to 'string' [D:\Repository\@Founder-y\ByteForgeFrontend\project\code\Tests\ByteForgeFrontend.Tests.csproj]
D:\Repository\@Founder-y\ByteForgeFrontend\project\code\Tests\TestHelpers\TestDatabaseHelper.cs(40,22): error CS0029: Cannot implicitly convert type 'System.Guid' to 'string' [D:\Repository\@Founder-y\ByteForgeFrontend\project\code\Tests\ByteForgeFrontend.Tests.csproj]
D:\Repository\@Founder-y\ByteForgeFrontend\project\code\Tests\TestHelpers\TestDatabaseHelper.cs(56,22): error CS0029: Cannot implicitly convert type 'System.Guid' to 'string' [D:\Repository\@Founder-y\ByteForgeFrontend\project\code\Tests\ByteForgeFrontend.Tests.csproj]
D:\Repository\@Founder-y\ByteForgeFrontend\project\code\Tests\TestHelpers\TestDatabaseHelper.cs(65,22): error CS0029: Cannot implicitly convert type 'System.Guid' to 'string' [D:\Repository\@Founder-y\ByteForgeFrontend\project\code\Tests\ByteForgeFrontend.Tests.csproj]
D:\Repository\@Founder-y\ByteForgeFrontend\project\code\Tests\Integration\E2E\FullWorkflowIntegrationTests.cs(72,57): error CS0246: The type or namespace name 'MockLLMProvider' could not be found (are you missing a using directive or an assembly reference?) [D:\Repository\@Founder-y\ByteForgeFrontend\project\code\Tests\ByteForgeFrontend.Tests.csproj]
D:\Repository\@Founder-y\ByteForgeFrontend\project\code\Tests\Infrastructure\LLM\LLMProviderFactoryTests.cs(42,36): error CS0246: The type or namespace name 'OpenAIProvider' could not be found (are you missing a using directive or an assembly reference?) [D:\Repository\@Founder-y\ByteForgeFrontend\project\code\Tests\ByteForgeFrontend.Tests.csproj]
D:\Repository\@Founder-y\ByteForgeFrontend\project\code\Tests\Integration\E2E\FullWorkflowIntegrationTests.cs(90,27): warning CS1998: This async method lacks 'await' operators and will run synchronously. Consider using the 'await' operator to await non-blocking API calls, or 'await Task.Run(...)' to do CPU-bound work on a background thread. [D:\Repository\@Founder-y\ByteForgeFrontend\project\code\Tests\ByteForgeFrontend.Tests.csproj]
D:\Repository\@Founder-y\ByteForgeFrontend\project\code\Tests\Infrastructure\LLM\LLMProviderFactoryTests.cs(63,36): error CS0246: The type or namespace name 'AnthropicProvider' could not be found (are you missing a using directive or an assembly reference?) [D:\Repository\@Founder-y\ByteForgeFrontend\project\code\Tests\ByteForgeFrontend.Tests.csproj]
D:\Repository\@Founder-y\ByteForgeFrontend\project\code\Tests\Integration\Performance\LoadTestingSuite.cs(72,33): error CS1061: 'LoadTestingSuite.LoadTestMetrics' does not contain a definition for 'SuccessRate' and no accessible extension method 'SuccessRate' accepting a first argument of type 'LoadTestingSuite.LoadTestMetrics' could be found (are you missing a using directive or an assembly reference?) [D:\Repository\@Founder-y\ByteForgeFrontend\project\code\Tests\ByteForgeFrontend.Tests.csproj]
D:\Repository\@Founder-y\ByteForgeFrontend\project\code\Tests\Integration\Performance\LoadTestingSuite.cs(72,77): error CS1061: 'LoadTestingSuite.LoadTestMetrics' does not contain a definition for 'SuccessRate' and no accessible extension method 'SuccessRate' accepting a first argument of type 'LoadTestingSuite.LoadTestMetrics' could be found (are you missing a using directive or an assembly reference?) [D:\Repository\@Founder-y\ByteForgeFrontend\project\code\Tests\ByteForgeFrontend.Tests.csproj]
D:\Repository\@Founder-y\ByteForgeFrontend\project\code\Tests\Integration\Performance\LoadTestingSuite.cs(73,33): error CS1061: 'LoadTestingSuite.LoadTestMetrics' does not contain a definition for 'AverageResponseTime' and no accessible extension method 'AverageResponseTime' accepting a first argument of type 'LoadTestingSuite.LoadTestMetrics' could be found (are you missing a using directive or an assembly reference?) [D:\Repository\@Founder-y\ByteForgeFrontend\project\code\Tests\ByteForgeFrontend.Tests.csproj]
D:\Repository\@Founder-y\ByteForgeFrontend\project\code\Tests\Integration\Performance\LoadTestingSuite.cs(73,93): error CS1061: 'LoadTestingSuite.LoadTestMetrics' does not contain a definition for 'AverageResponseTime' and no accessible extension method 'AverageResponseTime' accepting a first argument of type 'LoadTestingSuite.LoadTestMetrics' could be found (are you missing a using directive or an assembly reference?) [D:\Repository\@Founder-y\ByteForgeFrontend\project\code\Tests\ByteForgeFrontend.Tests.csproj]
D:\Repository\@Founder-y\ByteForgeFrontend\project\code\Tests\Integration\Performance\LoadTestingSuite.cs(74,33): error CS1061: 'LoadTestingSuite.LoadTestMetrics' does not contain a definition for 'P95ResponseTime' and no accessible extension method 'P95ResponseTime' accepting a first argument of type 'LoadTestingSuite.LoadTestMetrics' could be found (are you missing a using directive or an assembly reference?) [D:\Repository\@Founder-y\ByteForgeFrontend\project\code\Tests\ByteForgeFrontend.Tests.csproj]
D:\Repository\@Founder-y\ByteForgeFrontend\project\code\Tests\Integration\Performance\LoadTestingSuite.cs(74,86): error CS1061: 'LoadTestingSuite.LoadTestMetrics' does not contain a definition for 'P95ResponseTime' and no accessible extension method 'P95ResponseTime' accepting a first argument of type 'LoadTestingSuite.LoadTestMetrics' could be found (are you missing a using directive or an assembly reference?) [D:\Repository\@Founder-y\ByteForgeFrontend\project\code\Tests\ByteForgeFrontend.Tests.csproj]
D:\Repository\@Founder-y\ByteForgeFrontend\project\code\Tests\Infrastructure\RequirementsGeneration\RequirementTraceabilityServiceTests.cs(71,67): error CS1503: Argument 1: cannot convert from 'System.Guid' to 'string' [D:\Repository\@Founder-y\ByteForgeFrontend\project\code\Tests\ByteForgeFrontend.Tests.csproj]
D:\Repository\@Founder-y\ByteForgeFrontend\project\code\Tests\Security\Audit\ComplianceTests.cs(51,28): error CS0246: The type or namespace name 'ApplicationUser' could not be found (are you missing a using directive or an assembly reference?) [D:\Repository\@Founder-y\ByteForgeFrontend\project\code\Tests\ByteForgeFrontend.Tests.csproj]
D:\Repository\@Founder-y\ByteForgeFrontend\project\code\Tests\Infrastructure\LLM\LLMProviderFactoryTests.cs(84,36): error CS0246: The type or namespace name 'GoogleGeminiProvider' could not be found (are you missing a using directive or an assembly reference?) [D:\Repository\@Founder-y\ByteForgeFrontend\project\code\Tests\ByteForgeFrontend.Tests.csproj]
D:\Repository\@Founder-y\ByteForgeFrontend\project\code\Tests\Infrastructure\LLM\LLMProviderFactoryTests.cs(105,36): error CS0246: The type or namespace name 'GrokProvider' could not be found (are you missing a using directive or an assembly reference?) [D:\Repository\@Founder-y\ByteForgeFrontend\project\code\Tests\ByteForgeFrontend.Tests.csproj]
D:\Repository\@Founder-y\ByteForgeFrontend\project\code\Tests\Infrastructure\RequirementsGeneration\RequirementsOrchestrationServiceTests.cs(52,27): error CS0246: The type or namespace name 'Project' could not be found (are you missing a using directive or an assembly reference?) [D:\Repository\@Founder-y\ByteForgeFrontend\project\code\Tests\ByteForgeFrontend.Tests.csproj]
D:\Repository\@Founder-y\ByteForgeFrontend\project\code\Tests\Infrastructure\RequirementsGeneration\RequirementsOrchestrationServiceTests.cs(60,58): error CS1503: Argument 1: cannot convert from 'System.Guid' to 'string' [D:\Repository\@Founder-y\ByteForgeFrontend\project\code\Tests\ByteForgeFrontend.Tests.csproj]
D:\Repository\@Founder-y\ByteForgeFrontend\project\code\Tests\Infrastructure\LLM\LLMProviderTests.cs(31,43): error CS0246: The type or namespace name 'OpenAIProvider' could not be found (are you missing a using directive or an assembly reference?) [D:\Repository\@Founder-y\ByteForgeFrontend\project\code\Tests\ByteForgeFrontend.Tests.csproj]
D:\Repository\@Founder-y\ByteForgeFrontend\project\code\Tests\Infrastructure\LLM\LLMProviderTests.cs(33,28): error CS0246: The type or namespace name 'OpenAISettings' could not be found (are you missing a using directive or an assembly reference?) [D:\Repository\@Founder-y\ByteForgeFrontend\project\code\Tests\ByteForgeFrontend.Tests.csproj]
D:\Repository\@Founder-y\ByteForgeFrontend\project\code\Tests\Infrastructure\LLM\LLMProviderTests.cs(42,28): error CS0246: The type or namespace name 'OpenAIProvider' could not be found (are you missing a using directive or an assembly reference?) [D:\Repository\@Founder-y\ByteForgeFrontend\project\code\Tests\ByteForgeFrontend.Tests.csproj]
D:\Repository\@Founder-y\ByteForgeFrontend\project\code\Tests\Infrastructure\LLM\LLMProviderFactoryTests.cs(121,49): warning CS8625: Cannot convert null literal to non-nullable reference type. [D:\Repository\@Founder-y\ByteForgeFrontend\project\code\Tests\ByteForgeFrontend.Tests.csproj]
D:\Repository\@Founder-y\ByteForgeFrontend\project\code\Tests\AIAgents\SpecializedAgentTests.cs(58,56): error CS1503: Argument 1: cannot convert from 'string' to 'ByteForgeFrontend.Services.Infrastructure.LLM.LLMGenerationRequest' [D:\Repository\@Founder-y\ByteForgeFrontend\project\code\Tests\ByteForgeFrontend.Tests.csproj]
D:\Repository\@Founder-y\ByteForgeFrontend\project\code\Tests\AIAgents\SpecializedAgentTests.cs(59,35): error CS0246: The type or namespace name 'LLMResponse' could not be found (are you missing a using directive or an assembly reference?) [D:\Repository\@Founder-y\ByteForgeFrontend\project\code\Tests\ByteForgeFrontend.Tests.csproj]
D:\Repository\@Founder-y\ByteForgeFrontend\project\code\Tests\AIAgents\SpecializedAgentTests.cs(72,17): error CS1503: Argument 1: cannot convert from 'string' to 'ByteForgeFrontend.Services.Infrastructure.LLM.LLMGenerationRequest' [D:\Repository\@Founder-y\ByteForgeFrontend\project\code\Tests\ByteForgeFrontend.Tests.csproj]
D:\Repository\@Founder-y\ByteForgeFrontend\project\code\Tests\Infrastructure\ProjectManagement\ProjectServiceTests.cs(69,18): error CS0029: Cannot implicitly convert type 'System.Guid' to 'string' [D:\Repository\@Founder-y\ByteForgeFrontend\project\code\Tests\ByteForgeFrontend.Tests.csproj]
D:\Repository\@Founder-y\ByteForgeFrontend\project\code\Tests\Integration\Security\SecurityIntegrationTests.cs(162,71): error CS0246: The type or namespace name 'AuditLogQuery' could not be found (are you missing a using directive or an assembly reference?) [D:\Repository\@Founder-y\ByteForgeFrontend\project\code\Tests\ByteForgeFrontend.Tests.csproj]
D:\Repository\@Founder-y\ByteForgeFrontend\project\code\Tests\Integration\Security\SecurityIntegrationTests.cs(106,25): warning CS8602: Dereference of a possibly null reference. [D:\Repository\@Founder-y\ByteForgeFrontend\project\code\Tests\ByteForgeFrontend.Tests.csproj]
D:\Repository\@Founder-y\ByteForgeFrontend\project\code\Tests\Integration\Security\SecurityIntegrationTests.cs(107,28): warning CS8602: Dereference of a possibly null reference. [D:\Repository\@Founder-y\ByteForgeFrontend\project\code\Tests\ByteForgeFrontend.Tests.csproj]
D:\Repository\@Founder-y\ByteForgeFrontend\project\code\Tests\Integration\Security\SecurityIntegrationTests.cs(124,25): warning CS8602: Dereference of a possibly null reference. [D:\Repository\@Founder-y\ByteForgeFrontend\project\code\Tests\ByteForgeFrontend.Tests.csproj]
D:\Repository\@Founder-y\ByteForgeFrontend\project\code\Tests\Integration\Security\SecurityIntegrationTests.cs(125,28): warning CS8602: Dereference of a possibly null reference. [D:\Repository\@Founder-y\ByteForgeFrontend\project\code\Tests\ByteForgeFrontend.Tests.csproj]
D:\Repository\@Founder-y\ByteForgeFrontend\project\code\Tests\Infrastructure\RequirementsGeneration\RequirementTraceabilityServiceTests.cs(130,67): error CS1503: Argument 1: cannot convert from 'System.Guid' to 'string' [D:\Repository\@Founder-y\ByteForgeFrontend\project\code\Tests\ByteForgeFrontend.Tests.csproj]
D:\Repository\@Founder-y\ByteForgeFrontend\project\code\Tests\Infrastructure\RequirementsGeneration\PRDGeneratorTests.cs(46,28): error CS0029: Cannot implicitly convert type 'System.Collections.Generic.Dictionary<string, string>' to 'System.Collections.Generic.Dictionary<string, object>' [D:\Repository\@Founder-y\ByteForgeFrontend\project\code\Tests\ByteForgeFrontend.Tests.csproj]
D:\Repository\@Founder-y\ByteForgeFrontend\project\code\Tests\Infrastructure\RequirementsGeneration\PRDGeneratorTests.cs(53,43): error CS1061: 'IDocumentTemplateService' does not contain a definition for 'GetTemplateAsync' and no accessible extension method 'GetTemplateAsync' accepting a first argument of type 'IDocumentTemplateService' could be found (are you missing a using directive or an assembly reference?) [D:\Repository\@Founder-y\ByteForgeFrontend\project\code\Tests\ByteForgeFrontend.Tests.csproj]
D:\Repository\@Founder-y\ByteForgeFrontend\project\code\Tests\Infrastructure\RequirementsGeneration\PRDGeneratorTests.cs(92,45): error CS7036: There is no argument given that corresponds to the required parameter 'content' of 'IDocumentValidationService.ValidateDocumentAsync(string, string)' [D:\Repository\@Founder-y\ByteForgeFrontend\project\code\Tests\ByteForgeFrontend.Tests.csproj]
D:\Repository\@Founder-y\ByteForgeFrontend\project\code\Tests\Infrastructure\RequirementsGeneration\PRDGeneratorTests.cs(93,31): error CS0246: The type or namespace name 'DocumentValidationResponse' could not be found (are you missing a using directive or an assembly reference?) [D:\Repository\@Founder-y\ByteForgeFrontend\project\code\Tests\ByteForgeFrontend.Tests.csproj]
D:\Repository\@Founder-y\ByteForgeFrontend\project\code\Tests\Infrastructure\RequirementsGeneration\BRDGeneratorTests.cs(50,43): error CS1061: 'IDocumentTemplateService' does not contain a definition for 'GetTemplateAsync' and no accessible extension method 'GetTemplateAsync' accepting a first argument of type 'IDocumentTemplateService' could be found (are you missing a using directive or an assembly reference?) [D:\Repository\@Founder-y\ByteForgeFrontend\project\code\Tests\ByteForgeFrontend.Tests.csproj]
D:\Repository\@Founder-y\ByteForgeFrontend\project\code\Tests\Infrastructure\RequirementsGeneration\BRDGeneratorTests.cs(86,45): error CS7036: There is no argument given that corresponds to the required parameter 'content' of 'IDocumentValidationService.ValidateDocumentAsync(string, string)' [D:\Repository\@Founder-y\ByteForgeFrontend\project\code\Tests\ByteForgeFrontend.Tests.csproj]
D:\Repository\@Founder-y\ByteForgeFrontend\project\code\Tests\Infrastructure\RequirementsGeneration\BRDGeneratorTests.cs(87,31): error CS0246: The type or namespace name 'DocumentValidationResponse' could not be found (are you missing a using directive or an assembly reference?) [D:\Repository\@Founder-y\ByteForgeFrontend\project\code\Tests\ByteForgeFrontend.Tests.csproj]
D:\Repository\@Founder-y\ByteForgeFrontend\project\code\Tests\Security\Audit\ComplianceTests.cs(94,28): error CS0246: The type or namespace name 'ApplicationUser' could not be found (are you missing a using directive or an assembly reference?) [D:\Repository\@Founder-y\ByteForgeFrontend\project\code\Tests\ByteForgeFrontend.Tests.csproj]
D:\Repository\@Founder-y\ByteForgeFrontend\project\code\Tests\Infrastructure\Templates\TemplateGeneratorTests.cs(80,69): error CS1503: Argument 2: cannot convert from 'object' to 'System.Collections.Generic.Dictionary<string, object>' [D:\Repository\@Founder-y\ByteForgeFrontend\project\code\Tests\ByteForgeFrontend.Tests.csproj]
D:\Repository\@Founder-y\ByteForgeFrontend\project\code\Tests\Infrastructure\ProjectManagement\ProjectServiceTests.cs(94,18): error CS0029: Cannot implicitly convert type 'System.Guid' to 'string' [D:\Repository\@Founder-y\ByteForgeFrontend\project\code\Tests\ByteForgeFrontend.Tests.csproj]
D:\Repository\@Founder-y\ByteForgeFrontend\project\code\Tests\Infrastructure\ProjectManagement\ProjectServiceTests.cs(116,53): error CS1503: Argument 1: cannot convert from 'System.Guid' to 'string' [D:\Repository\@Founder-y\ByteForgeFrontend\project\code\Tests\ByteForgeFrontend.Tests.csproj]
D:\Repository\@Founder-y\ByteForgeFrontend\project\code\Tests\Integration\Performance\PerformanceBenchmarkTests.cs(97,40): error CS1061: 'IRequirementsOrchestrationService' does not contain a definition for 'GenerateDocumentAsync' and no accessible extension method 'GenerateDocumentAsync' accepting a first argument of type 'IRequirementsOrchestrationService' could be found (are you missing a using directive or an assembly reference?) [D:\Repository\@Founder-y\ByteForgeFrontend\project\code\Tests\ByteForgeFrontend.Tests.csproj]
D:\Repository\@Founder-y\ByteForgeFrontend\project\code\Tests\Integration\Performance\PerformanceBenchmarkTests.cs(109,61): error CS1061: 'IRequirementsOrchestrationService' does not contain a definition for 'GenerateDocumentAsync' and no accessible extension method 'GenerateDocumentAsync' accepting a first argument of type 'IRequirementsOrchestrationService' could be found (are you missing a using directive or an assembly reference?) [D:\Repository\@Founder-y\ByteForgeFrontend\project\code\Tests\ByteForgeFrontend.Tests.csproj]
D:\Repository\@Founder-y\ByteForgeFrontend\project\code\Tests\Security\Audit\ComplianceTests.cs(123,28): error CS0246: The type or namespace name 'ApplicationUser' could not be found (are you missing a using directive or an assembly reference?) [D:\Repository\@Founder-y\ByteForgeFrontend\project\code\Tests\ByteForgeFrontend.Tests.csproj]
D:\Repository\@Founder-y\ByteForgeFrontend\project\code\Tests\Infrastructure\LLM\LLMProviderTests.cs(81,43): error CS0246: The type or namespace name 'OpenAIProvider' could not be found (are you missing a using directive or an assembly reference?) [D:\Repository\@Founder-y\ByteForgeFrontend\project\code\Tests\ByteForgeFrontend.Tests.csproj]
D:\Repository\@Founder-y\ByteForgeFrontend\project\code\Tests\Infrastructure\LLM\LLMProviderTests.cs(83,28): error CS0246: The type or namespace name 'OpenAISettings' could not be found (are you missing a using directive or an assembly reference?) [D:\Repository\@Founder-y\ByteForgeFrontend\project\code\Tests\ByteForgeFrontend.Tests.csproj]
D:\Repository\@Founder-y\ByteForgeFrontend\project\code\Tests\Infrastructure\LLM\LLMProviderTests.cs(90,28): error CS0246: The type or namespace name 'OpenAIProvider' could not be found (are you missing a using directive or an assembly reference?) [D:\Repository\@Founder-y\ByteForgeFrontend\project\code\Tests\ByteForgeFrontend.Tests.csproj]
D:\Repository\@Founder-y\ByteForgeFrontend\project\code\Tests\AIAgents\SpecializedAgentTests.cs(93,56): error CS1503: Argument 1: cannot convert from 'string' to 'ByteForgeFrontend.Services.Infrastructure.LLM.LLMGenerationRequest' [D:\Repository\@Founder-y\ByteForgeFrontend\project\code\Tests\ByteForgeFrontend.Tests.csproj]
D:\Repository\@Founder-y\ByteForgeFrontend\project\code\Tests\AIAgents\SpecializedAgentTests.cs(94,35): error CS0246: The type or namespace name 'LLMResponse' could not be found (are you missing a using directive or an assembly reference?) [D:\Repository\@Founder-y\ByteForgeFrontend\project\code\Tests\ByteForgeFrontend.Tests.csproj]
D:\Repository\@Founder-y\ByteForgeFrontend\project\code\Tests\AIAgents\SpecializedAgentTests.cs(107,17): error CS1503: Argument 1: cannot convert from 'string' to 'ByteForgeFrontend.Services.Infrastructure.LLM.LLMGenerationRequest' [D:\Repository\@Founder-y\ByteForgeFrontend\project\code\Tests\ByteForgeFrontend.Tests.csproj]
D:\Repository\@Founder-y\ByteForgeFrontend\project\code\Tests\Integration\Security\SecurityIntegrationTests.cs(190,53): error CS7036: There is no argument given that corresponds to the required parameter 'value' of 'IApiKeyManagementService.CreateApiKeyAsync(string, string, string, ApiKeyType, Dictionary<string, string>, int?)' [D:\Repository\@Founder-y\ByteForgeFrontend\project\code\Tests\ByteForgeFrontend.Tests.csproj]
D:\Repository\@Founder-y\ByteForgeFrontend\project\code\Tests\Integration\Security\SecurityIntegrationTests.cs(216,53): error CS1061: 'IApiKeyManagementService' does not contain a definition for 'RevokeApiKeyAsync' and no accessible extension method 'RevokeApiKeyAsync' accepting a first argument of type 'IApiKeyManagementService' could be found (are you missing a using directive or an assembly reference?) [D:\Repository\@Founder-y\ByteForgeFrontend\project\code\Tests\ByteForgeFrontend.Tests.csproj]
D:\Repository\@Founder-y\ByteForgeFrontend\project\code\Tests\Integration\Security\SecurityIntegrationTests.cs(228,53): error CS7036: There is no argument given that corresponds to the required parameter 'value' of 'IApiKeyManagementService.CreateApiKeyAsync(string, string, string, ApiKeyType, Dictionary<string, string>, int?)' [D:\Repository\@Founder-y\ByteForgeFrontend\project\code\Tests\ByteForgeFrontend.Tests.csproj]
D:\Repository\@Founder-y\ByteForgeFrontend\project\code\Tests\Integration\Security\SecurityIntegrationTests.cs(248,71): error CS0246: The type or namespace name 'AuditLogQuery' could not be found (are you missing a using directive or an assembly reference?) [D:\Repository\@Founder-y\ByteForgeFrontend\project\code\Tests\ByteForgeFrontend.Tests.csproj]
D:\Repository\@Founder-y\ByteForgeFrontend\project\code\Tests\Infrastructure\RequirementsGeneration\RequirementTraceabilityServiceTests.cs(179,67): error CS1503: Argument 1: cannot convert from 'System.Guid' to 'string' [D:\Repository\@Founder-y\ByteForgeFrontend\project\code\Tests\ByteForgeFrontend.Tests.csproj]
D:\Repository\@Founder-y\ByteForgeFrontend\project\code\Tests\Security\Authentication\ApiKeyManagementTests.cs(101,17): warning CS8625: Cannot convert null literal to non-nullable reference type. [D:\Repository\@Founder-y\ByteForgeFrontend\project\code\Tests\ByteForgeFrontend.Tests.csproj]
D:\Repository\@Founder-y\ByteForgeFrontend\project\code\Tests\Infrastructure\Templates\TemplateManagementServiceTests.cs(215,18): error CS0029: Cannot implicitly convert type 'System.Guid' to 'string' [D:\Repository\@Founder-y\ByteForgeFrontend\project\code\Tests\ByteForgeFrontend.Tests.csproj]
D:\Repository\@Founder-y\ByteForgeFrontend\project\code\Tests\Infrastructure\Templates\TemplateManagementServiceTests.cs(218,13): error CS0117: 'Project' does not contain a definition for 'ClientName' [D:\Repository\@Founder-y\ByteForgeFrontend\project\code\Tests\ByteForgeFrontend.Tests.csproj]
D:\Repository\@Founder-y\ByteForgeFrontend\project\code\Tests\Infrastructure\ProjectManagement\ProjectServiceTests.cs(128,32): error CS0029: Cannot implicitly convert type 'System.Guid' to 'string' [D:\Repository\@Founder-y\ByteForgeFrontend\project\code\Tests\ByteForgeFrontend.Tests.csproj]
D:\Repository\@Founder-y\ByteForgeFrontend\project\code\Tests\Infrastructure\ProjectManagement\ProjectServiceTests.cs(129,32): error CS0029: Cannot implicitly convert type 'System.Guid' to 'string' [D:\Repository\@Founder-y\ByteForgeFrontend\project\code\Tests\ByteForgeFrontend.Tests.csproj]
D:\Repository\@Founder-y\ByteForgeFrontend\project\code\Tests\Infrastructure\ProjectManagement\ProjectServiceTests.cs(130,32): error CS0029: Cannot implicitly convert type 'System.Guid' to 'string' [D:\Repository\@Founder-y\ByteForgeFrontend\project\code\Tests\ByteForgeFrontend.Tests.csproj]
D:\Repository\@Founder-y\ByteForgeFrontend\project\code\Tests\Infrastructure\LLM\LLMProviderTests.cs(120,43): error CS0246: The type or namespace name 'OpenAIProvider' could not be found (are you missing a using directive or an assembly reference?) [D:\Repository\@Founder-y\ByteForgeFrontend\project\code\Tests\ByteForgeFrontend.Tests.csproj]
D:\Repository\@Founder-y\ByteForgeFrontend\project\code\Tests\Infrastructure\LLM\LLMProviderTests.cs(122,28): error CS0246: The type or namespace name 'OpenAISettings' could not be found (are you missing a using directive or an assembly reference?) [D:\Repository\@Founder-y\ByteForgeFrontend\project\code\Tests\ByteForgeFrontend.Tests.csproj]
D:\Repository\@Founder-y\ByteForgeFrontend\project\code\Tests\Infrastructure\LLM\LLMProviderTests.cs(129,28): error CS0246: The type or namespace name 'OpenAIProvider' could not be found (are you missing a using directive or an assembly reference?) [D:\Repository\@Founder-y\ByteForgeFrontend\project\code\Tests\ByteForgeFrontend.Tests.csproj]
D:\Repository\@Founder-y\ByteForgeFrontend\project\code\Tests\Security\Authentication\ApiKeyManagementTests.cs(137,17): warning CS8625: Cannot convert null literal to non-nullable reference type. [D:\Repository\@Founder-y\ByteForgeFrontend\project\code\Tests\ByteForgeFrontend.Tests.csproj]
D:\Repository\@Founder-y\ByteForgeFrontend\project\code\Tests\Integration\Performance\PerformanceBenchmarkTests.cs(178,54): error CS1061: 'IProjectService' does not contain a definition for 'GetProjectsByTenantAsync' and no accessible extension method 'GetProjectsByTenantAsync' accepting a first argument of type 'IProjectService' could be found (are you missing a using directive or an assembly reference?) [D:\Repository\@Founder-y\ByteForgeFrontend\project\code\Tests\ByteForgeFrontend.Tests.csproj]
D:\Repository\@Founder-y\ByteForgeFrontend\project\code\Tests\Integration\Performance\PerformanceBenchmarkTests.cs(198,54): error CS1061: 'IProjectService' does not contain a definition for 'GetProjectsByTenantAsync' and no accessible extension method 'GetProjectsByTenantAsync' accepting a first argument of type 'IProjectService' could be found (are you missing a using directive or an assembly reference?) [D:\Repository\@Founder-y\ByteForgeFrontend\project\code\Tests\ByteForgeFrontend.Tests.csproj]
D:\Repository\@Founder-y\ByteForgeFrontend\project\code\Tests\Integration\Performance\PerformanceBenchmarkTests.cs(202,53): error CS1061: 'IProjectService' does not contain a definition for 'GetProjectDetailsAsync' and no accessible extension method 'GetProjectDetailsAsync' accepting a first argument of type 'IProjectService' could be found (are you missing a using directive or an assembly reference?) [D:\Repository\@Founder-y\ByteForgeFrontend\project\code\Tests\ByteForgeFrontend.Tests.csproj]
D:\Repository\@Founder-y\ByteForgeFrontend\project\code\Tests\Integration\Performance\PerformanceBenchmarkTests.cs(221,53): error CS1061: 'IProjectService' does not contain a definition for 'SearchProjectsAsync' and no accessible extension method 'SearchProjectsAsync' accepting a first argument of type 'IProjectService' could be found (are you missing a using directive or an assembly reference?) [D:\Repository\@Founder-y\ByteForgeFrontend\project\code\Tests\ByteForgeFrontend.Tests.csproj]
D:\Repository\@Founder-y\ByteForgeFrontend\project\code\Tests\Security\Audit\ComplianceTests.cs(152,28): error CS0246: The type or namespace name 'ApplicationUser' could not be found (are you missing a using directive or an assembly reference?) [D:\Repository\@Founder-y\ByteForgeFrontend\project\code\Tests\ByteForgeFrontend.Tests.csproj]
D:\Repository\@Founder-y\ByteForgeFrontend\project\code\Tests\Security\Audit\ComplianceTests.cs(164,31): error CS0246: The type or namespace name 'Project' could not be found (are you missing a using directive or an assembly reference?) [D:\Repository\@Founder-y\ByteForgeFrontend\project\code\Tests\ByteForgeFrontend.Tests.csproj]
D:\Repository\@Founder-y\ByteForgeFrontend\project\code\Tests\Security\Audit\ComplianceTests.cs(201,46): warning CS8602: Dereference of a possibly null reference. [D:\Repository\@Founder-y\ByteForgeFrontend\project\code\Tests\ByteForgeFrontend.Tests.csproj]
D:\Repository\@Founder-y\ByteForgeFrontend\project\code\Tests\Security\Audit\ComplianceTests.cs(205,27): warning CS8604: Possible null reference argument for parameter 'collection' in 'object Assert.Single<object>(IEnumerable<object> collection)'. [D:\Repository\@Founder-y\ByteForgeFrontend\project\code\Tests\ByteForgeFrontend.Tests.csproj]
D:\Repository\@Founder-y\ByteForgeFrontend\project\code\Tests\Infrastructure\ProjectManagement\ProjectServiceTests.cs(149,32): error CS0029: Cannot implicitly convert type 'System.Guid' to 'string' [D:\Repository\@Founder-y\ByteForgeFrontend\project\code\Tests\ByteForgeFrontend.Tests.csproj]
D:\Repository\@Founder-y\ByteForgeFrontend\project\code\Tests\Infrastructure\ProjectManagement\ProjectServiceTests.cs(150,32): error CS0029: Cannot implicitly convert type 'System.Guid' to 'string' [D:\Repository\@Founder-y\ByteForgeFrontend\project\code\Tests\ByteForgeFrontend.Tests.csproj]
D:\Repository\@Founder-y\ByteForgeFrontend\project\code\Tests\Infrastructure\ProjectManagement\ProjectServiceTests.cs(151,32): error CS0029: Cannot implicitly convert type 'System.Guid' to 'string' [D:\Repository\@Founder-y\ByteForgeFrontend\project\code\Tests\ByteForgeFrontend.Tests.csproj]
D:\Repository\@Founder-y\ByteForgeFrontend\project\code\Tests\Integration\Performance\PerformanceBenchmarkTests.cs(260,21): error CS1503: Argument 1: cannot convert from 'System.Guid' to 'string' [D:\Repository\@Founder-y\ByteForgeFrontend\project\code\Tests\ByteForgeFrontend.Tests.csproj]
D:\Repository\@Founder-y\ByteForgeFrontend\project\code\Tests\Integration\Performance\PerformanceBenchmarkTests.cs(284,63): error CS1061: 'IMonitoringService' does not contain a definition for 'GetSystemStatusAsync' and no accessible extension method 'GetSystemStatusAsync' accepting a first argument of type 'IMonitoringService' could be found (are you missing a using directive or an assembly reference?) [D:\Repository\@Founder-y\ByteForgeFrontend\project\code\Tests\ByteForgeFrontend.Tests.csproj]
D:\Repository\@Founder-y\ByteForgeFrontend\project\code\Tests\Security\Audit\ComplianceTests.cs(216,28): error CS0246: The type or namespace name 'ApplicationUser' could not be found (are you missing a using directive or an assembly reference?) [D:\Repository\@Founder-y\ByteForgeFrontend\project\code\Tests\ByteForgeFrontend.Tests.csproj]
D:\Repository\@Founder-y\ByteForgeFrontend\project\code\Tests\Security\Audit\ComplianceTests.cs(227,31): error CS0246: The type or namespace name 'Project' could not be found (are you missing a using directive or an assembly reference?) [D:\Repository\@Founder-y\ByteForgeFrontend\project\code\Tests\ByteForgeFrontend.Tests.csproj]
D:\Repository\@Founder-y\ByteForgeFrontend\project\code\Tests\Security\Audit\ComplianceTests.cs(248,49): warning CS8602: Dereference of a possibly null reference. [D:\Repository\@Founder-y\ByteForgeFrontend\project\code\Tests\ByteForgeFrontend.Tests.csproj]
D:\Repository\@Founder-y\ByteForgeFrontend\project\code\Tests\Security\Audit\ComplianceTests.cs(249,25): warning CS8602: Dereference of a possibly null reference. [D:\Repository\@Founder-y\ByteForgeFrontend\project\code\Tests\ByteForgeFrontend.Tests.csproj]
D:\Repository\@Founder-y\ByteForgeFrontend\project\code\Tests\Security\Audit\ComplianceTests.cs(255,54): warning CS8602: Dereference of a possibly null reference. [D:\Repository\@Founder-y\ByteForgeFrontend\project\code\Tests\ByteForgeFrontend.Tests.csproj]
D:\Repository\@Founder-y\ByteForgeFrontend\project\code\Tests\Infrastructure\RequirementsGeneration\RequirementTraceabilityServiceTests.cs(215,67): error CS1503: Argument 1: cannot convert from 'System.Guid' to 'string' [D:\Repository\@Founder-y\ByteForgeFrontend\project\code\Tests\ByteForgeFrontend.Tests.csproj]
D:\Repository\@Founder-y\ByteForgeFrontend\project\code\Tests\AIAgents\SpecializedAgentTests.cs(128,56): error CS1503: Argument 1: cannot convert from 'string' to 'ByteForgeFrontend.Services.Infrastructure.LLM.LLMGenerationRequest' [D:\Repository\@Founder-y\ByteForgeFrontend\project\code\Tests\ByteForgeFrontend.Tests.csproj]
D:\Repository\@Founder-y\ByteForgeFrontend\project\code\Tests\AIAgents\SpecializedAgentTests.cs(129,35): error CS0246: The type or namespace name 'LLMResponse' could not be found (are you missing a using directive or an assembly reference?) [D:\Repository\@Founder-y\ByteForgeFrontend\project\code\Tests\ByteForgeFrontend.Tests.csproj]
D:\Repository\@Founder-y\ByteForgeFrontend\project\code\Tests\AIAgents\SpecializedAgentTests.cs(142,17): error CS1503: Argument 1: cannot convert from 'string' to 'ByteForgeFrontend.Services.Infrastructure.LLM.LLMGenerationRequest' [D:\Repository\@Founder-y\ByteForgeFrontend\project\code\Tests\ByteForgeFrontend.Tests.csproj]
D:\Repository\@Founder-y\ByteForgeFrontend\project\code\Tests\Infrastructure\RequirementsGeneration\PRDGeneratorTests.cs(123,28): error CS0029: Cannot implicitly convert type 'System.Collections.Generic.Dictionary<string, string>' to 'System.Collections.Generic.Dictionary<string, object>' [D:\Repository\@Founder-y\ByteForgeFrontend\project\code\Tests\ByteForgeFrontend.Tests.csproj]
D:\Repository\@Founder-y\ByteForgeFrontend\project\code\Tests\Infrastructure\RequirementsGeneration\PRDGeneratorTests.cs(129,43): error CS1061: 'IDocumentTemplateService' does not contain a definition for 'GetTemplateAsync' and no accessible extension method 'GetTemplateAsync' accepting a first argument of type 'IDocumentTemplateService' could be found (are you missing a using directive or an assembly reference?) [D:\Repository\@Founder-y\ByteForgeFrontend\project\code\Tests\ByteForgeFrontend.Tests.csproj]
D:\Repository\@Founder-y\ByteForgeFrontend\project\code\Tests\Infrastructure\RequirementsGeneration\PRDGeneratorTests.cs(141,45): error CS7036: There is no argument given that corresponds to the required parameter 'content' of 'IDocumentValidationService.ValidateDocumentAsync(string, string)' [D:\Repository\@Founder-y\ByteForgeFrontend\project\code\Tests\ByteForgeFrontend.Tests.csproj]
D:\Repository\@Founder-y\ByteForgeFrontend\project\code\Tests\Infrastructure\RequirementsGeneration\PRDGeneratorTests.cs(142,31): error CS0246: The type or namespace name 'DocumentValidationResponse' could not be found (are you missing a using directive or an assembly reference?) [D:\Repository\@Founder-y\ByteForgeFrontend\project\code\Tests\ByteForgeFrontend.Tests.csproj]
D:\Repository\@Founder-y\ByteForgeFrontend\project\code\Tests\Infrastructure\ProjectManagement\ProjectServiceTests.cs(170,18): error CS0029: Cannot implicitly convert type 'System.Guid' to 'string' [D:\Repository\@Founder-y\ByteForgeFrontend\project\code\Tests\ByteForgeFrontend.Tests.csproj]
D:\Repository\@Founder-y\ByteForgeFrontend\project\code\Tests\Integration\E2E\FullWorkflowIntegrationTests.cs(114,26): error CS0029: Cannot implicitly convert type 'string' to 'ByteForgeFrontend.Models.ProjectManagement.ProjectStatus' [D:\Repository\@Founder-y\ByteForgeFrontend\project\code\Tests\ByteForgeFrontend.Tests.csproj]
D:\Repository\@Founder-y\ByteForgeFrontend\project\code\Tests\Integration\E2E\FullWorkflowIntegrationTests.cs(115,17): error CS0117: 'Project' does not contain a definition for 'CurrentPhase' [D:\Repository\@Founder-y\ByteForgeFrontend\project\code\Tests\ByteForgeFrontend.Tests.csproj]
D:\Repository\@Founder-y\ByteForgeFrontend\project\code\Tests\Integration\E2E\FullWorkflowIntegrationTests.cs(125,52): error CS1061: 'ITemplateManagementService' does not contain a definition for 'GetTemplatesAsync' and no accessible extension method 'GetTemplatesAsync' accepting a first argument of type 'ITemplateManagementService' could be found (are you missing a using directive or an assembly reference?) [D:\Repository\@Founder-y\ByteForgeFrontend\project\code\Tests\ByteForgeFrontend.Tests.csproj]
D:\Repository\@Founder-y\ByteForgeFrontend\project\code\Tests\Integration\E2E\FullWorkflowIntegrationTests.cs(129,54): error CS1061: 'ITemplateManagementService' does not contain a definition for 'ApplyTemplateAsync' and no accessible extension method 'ApplyTemplateAsync' accepting a first argument of type 'ITemplateManagementService' could be found (are you missing a using directive or an assembly reference?) [D:\Repository\@Founder-y\ByteForgeFrontend\project\code\Tests\ByteForgeFrontend.Tests.csproj]
D:\Repository\@Founder-y\ByteForgeFrontend\project\code\Tests\Integration\E2E\FullWorkflowIntegrationTests.cs(143,60): error CS1061: 'IRequirementsOrchestrationService' does not contain a definition for 'GenerateDocumentAsync' and no accessible extension method 'GenerateDocumentAsync' accepting a first argument of type 'IRequirementsOrchestrationService' could be found (are you missing a using directive or an assembly reference?) [D:\Repository\@Founder-y\ByteForgeFrontend\project\code\Tests\ByteForgeFrontend.Tests.csproj]
D:\Repository\@Founder-y\ByteForgeFrontend\project\code\Tests\Integration\E2E\FullWorkflowIntegrationTests.cs(157,91): error CS0234: The type or namespace name 'AuditLogQuery' does not exist in the namespace 'ByteForgeFrontend.Models.Security' (are you missing an assembly reference?) [D:\Repository\@Founder-y\ByteForgeFrontend\project\code\Tests\ByteForgeFrontend.Tests.csproj]
D:\Repository\@Founder-y\ByteForgeFrontend\project\code\Tests\Integration\E2E\FullWorkflowIntegrationTests.cs(169,65): error CS1061: 'IRequirementsOrchestrationService' does not contain a definition for 'ValidateTraceabilityAsync' and no accessible extension method 'ValidateTraceabilityAsync' accepting a first argument of type 'IRequirementsOrchestrationService' could be found (are you missing a using directive or an assembly reference?) [D:\Repository\@Founder-y\ByteForgeFrontend\project\code\Tests\ByteForgeFrontend.Tests.csproj]
D:\Repository\@Founder-y\ByteForgeFrontend\project\code\Tests\Integration\E2E\FullWorkflowIntegrationTests.cs(182,49): error CS0246: The type or namespace name 'AgentContext' could not be found (are you missing a using directive or an assembly reference?) [D:\Repository\@Founder-y\ByteForgeFrontend\project\code\Tests\ByteForgeFrontend.Tests.csproj]
D:\Repository\@Founder-y\ByteForgeFrontend\project\code\Tests\Integration\E2E\FullWorkflowIntegrationTests.cs(182,29): error CS1061: 'IAgent' does not contain a definition for 'InitializeAsync' and no accessible extension method 'InitializeAsync' accepting a first argument of type 'IAgent' could be found (are you missing a using directive or an assembly reference?) [D:\Repository\@Founder-y\ByteForgeFrontend\project\code\Tests\ByteForgeFrontend.Tests.csproj]
D:\Repository\@Founder-y\ByteForgeFrontend\project\code\Tests\Integration\E2E\FullWorkflowIntegrationTests.cs(206,36): error CS1061: 'IMonitoringService' does not contain a definition for 'StartAgentMonitoring' and no accessible extension method 'StartAgentMonitoring' accepting a first argument of type 'IMonitoringService' could be found (are you missing a using directive or an assembly reference?) [D:\Repository\@Founder-y\ByteForgeFrontend\project\code\Tests\ByteForgeFrontend.Tests.csproj]
D:\Repository\@Founder-y\ByteForgeFrontend\project\code\Tests\Integration\E2E\FullWorkflowIntegrationTests.cs(208,68): error CS0246: The type or namespace name 'AgentTaskRequest' could not be found (are you missing a using directive or an assembly reference?) [D:\Repository\@Founder-y\ByteForgeFrontend\project\code\Tests\ByteForgeFrontend.Tests.csproj]
D:\Repository\@Founder-y\ByteForgeFrontend\project\code\Tests\Integration\E2E\FullWorkflowIntegrationTests.cs(221,60): error CS1061: 'IMonitoringService' does not contain a definition for 'GetAgentStatusAsync' and no accessible extension method 'GetAgentStatusAsync' accepting a first argument of type 'IMonitoringService' could be found (are you missing a using directive or an assembly reference?) [D:\Repository\@Founder-y\ByteForgeFrontend\project\code\Tests\ByteForgeFrontend.Tests.csproj]
D:\Repository\@Founder-y\ByteForgeFrontend\project\code\Tests\Integration\E2E\FullWorkflowIntegrationTests.cs(232,54): error CS1061: 'IProjectService' does not contain a definition for 'GetProjectFilesAsync' and no accessible extension method 'GetProjectFilesAsync' accepting a first argument of type 'IProjectService' could be found (are you missing a using directive or an assembly reference?) [D:\Repository\@Founder-y\ByteForgeFrontend\project\code\Tests\ByteForgeFrontend.Tests.csproj]
D:\Repository\@Founder-y\ByteForgeFrontend\project\code\Tests\Integration\E2E\FullWorkflowIntegrationTests.cs(261,26): error CS0029: Cannot implicitly convert type 'string' to 'ByteForgeFrontend.Models.ProjectManagement.ProjectStatus' [D:\Repository\@Founder-y\ByteForgeFrontend\project\code\Tests\ByteForgeFrontend.Tests.csproj]
D:\Repository\@Founder-y\ByteForgeFrontend\project\code\Tests\Integration\E2E\FullWorkflowIntegrationTests.cs(267,56): error CS1061: 'IProjectService' does not contain a definition for 'GetProjectsByTenantAsync' and no accessible extension method 'GetProjectsByTenantAsync' accepting a first argument of type 'IProjectService' could be found (are you missing a using directive or an assembly reference?) [D:\Repository\@Founder-y\ByteForgeFrontend\project\code\Tests\ByteForgeFrontend.Tests.csproj]
D:\Repository\@Founder-y\ByteForgeFrontend\project\code\Tests\Integration\E2E\FullWorkflowIntegrationTests.cs(287,54): error CS1061: 'IProjectService' does not contain a definition for 'ExportProjectAsync' and no accessible extension method 'ExportProjectAsync' accepting a first argument of type 'IProjectService' could be found (are you missing a using directive or an assembly reference?) [D:\Repository\@Founder-y\ByteForgeFrontend\project\code\Tests\ByteForgeFrontend.Tests.csproj]
D:\Repository\@Founder-y\ByteForgeFrontend\project\code\Tests\Integration\Performance\PerformanceBenchmarkTests.cs(320,73): error CS0246: The type or namespace name 'LLMRequest' could not be found (are you missing a using directive or an assembly reference?) [D:\Repository\@Founder-y\ByteForgeFrontend\project\code\Tests\ByteForgeFrontend.Tests.csproj]
D:\Repository\@Founder-y\ByteForgeFrontend\project\code\Tests\Integration\Performance\PerformanceBenchmarkTests.cs(320,48): error CS1061: 'ILLMService' does not contain a definition for 'GenerateContentAsync' and no accessible extension method 'GenerateContentAsync' accepting a first argument of type 'ILLMService' could be found (are you missing a using directive or an assembly reference?) [D:\Repository\@Founder-y\ByteForgeFrontend\project\code\Tests\ByteForgeFrontend.Tests.csproj]
D:\Repository\@Founder-y\ByteForgeFrontend\project\code\Tests\Integration\Performance\PerformanceBenchmarkTests.cs(349,73): error CS0246: The type or namespace name 'LLMRequest' could not be found (are you missing a using directive or an assembly reference?) [D:\Repository\@Founder-y\ByteForgeFrontend\project\code\Tests\ByteForgeFrontend.Tests.csproj]
D:\Repository\@Founder-y\ByteForgeFrontend\project\code\Tests\Integration\Performance\PerformanceBenchmarkTests.cs(349,48): error CS1061: 'ILLMService' does not contain a definition for 'GenerateContentAsync' and no accessible extension method 'GenerateContentAsync' accepting a first argument of type 'ILLMService' could be found (are you missing a using directive or an assembly reference?) [D:\Repository\@Founder-y\ByteForgeFrontend\project\code\Tests\ByteForgeFrontend.Tests.csproj]
D:\Repository\@Founder-y\ByteForgeFrontend\project\code\Tests\Security\Authentication\ApiKeyManagementTests.cs(267,17): warning CS8625: Cannot convert null literal to non-nullable reference type. [D:\Repository\@Founder-y\ByteForgeFrontend\project\code\Tests\ByteForgeFrontend.Tests.csproj]
D:\Repository\@Founder-y\ByteForgeFrontend\project\code\Tests\Security\Authentication\ApiKeyManagementTests.cs(282,25): warning CS8602: Dereference of a possibly null reference. [D:\Repository\@Founder-y\ByteForgeFrontend\project\code\Tests\ByteForgeFrontend.Tests.csproj]
D:\Repository\@Founder-y\ByteForgeFrontend\project\code\Tests\Infrastructure\RequirementsGeneration\BRDGeneratorTests.cs(116,43): error CS1061: 'IDocumentTemplateService' does not contain a definition for 'GetTemplateAsync' and no accessible extension method 'GetTemplateAsync' accepting a first argument of type 'IDocumentTemplateService' could be found (are you missing a using directive or an assembly reference?) [D:\Repository\@Founder-y\ByteForgeFrontend\project\code\Tests\ByteForgeFrontend.Tests.csproj]
D:\Repository\@Founder-y\ByteForgeFrontend\project\code\Tests\Infrastructure\RequirementsGeneration\BRDGeneratorTests.cs(128,45): error CS7036: There is no argument given that corresponds to the required parameter 'content' of 'IDocumentValidationService.ValidateDocumentAsync(string, string)' [D:\Repository\@Founder-y\ByteForgeFrontend\project\code\Tests\ByteForgeFrontend.Tests.csproj]
D:\Repository\@Founder-y\ByteForgeFrontend\project\code\Tests\Infrastructure\RequirementsGeneration\BRDGeneratorTests.cs(129,31): error CS0246: The type or namespace name 'DocumentValidationResponse' could not be found (are you missing a using directive or an assembly reference?) [D:\Repository\@Founder-y\ByteForgeFrontend\project\code\Tests\ByteForgeFrontend.Tests.csproj]
D:\Repository\@Founder-y\ByteForgeFrontend\project\code\Tests\Infrastructure\ProjectManagement\ProjectServiceTests.cs(198,18): error CS0029: Cannot implicitly convert type 'System.Guid' to 'string' [D:\Repository\@Founder-y\ByteForgeFrontend\project\code\Tests\ByteForgeFrontend.Tests.csproj]
D:\Repository\@Founder-y\ByteForgeFrontend\project\code\Tests\Infrastructure\RequirementsGeneration\RequirementTraceabilityServiceTests.cs(257,67): error CS1503: Argument 1: cannot convert from 'System.Guid' to 'string' [D:\Repository\@Founder-y\ByteForgeFrontend\project\code\Tests\ByteForgeFrontend.Tests.csproj]
D:\Repository\@Founder-y\ByteForgeFrontend\project\code\Tests\Security\Authentication\ApiKeyManagementTests.cs(299,17): warning CS8625: Cannot convert null literal to non-nullable reference type. [D:\Repository\@Founder-y\ByteForgeFrontend\project\code\Tests\ByteForgeFrontend.Tests.csproj]
D:\Repository\@Founder-y\ByteForgeFrontend\project\code\Tests\AIAgents\SpecializedAgentTests.cs(163,56): error CS1503: Argument 1: cannot convert from 'string' to 'ByteForgeFrontend.Services.Infrastructure.LLM.LLMGenerationRequest' [D:\Repository\@Founder-y\ByteForgeFrontend\project\code\Tests\ByteForgeFrontend.Tests.csproj]
D:\Repository\@Founder-y\ByteForgeFrontend\project\code\Tests\AIAgents\SpecializedAgentTests.cs(164,35): error CS0246: The type or namespace name 'LLMResponse' could not be found (are you missing a using directive or an assembly reference?) [D:\Repository\@Founder-y\ByteForgeFrontend\project\code\Tests\ByteForgeFrontend.Tests.csproj]
D:\Repository\@Founder-y\ByteForgeFrontend\project\code\Tests\AIAgents\SpecializedAgentTests.cs(177,17): error CS1503: Argument 1: cannot convert from 'string' to 'ByteForgeFrontend.Services.Infrastructure.LLM.LLMGenerationRequest' [D:\Repository\@Founder-y\ByteForgeFrontend\project\code\Tests\ByteForgeFrontend.Tests.csproj]
D:\Repository\@Founder-y\ByteForgeFrontend\project\code\Tests\Security\Authentication\ApiKeyManagementTests.cs(325,17): warning CS8625: Cannot convert null literal to non-nullable reference type. [D:\Repository\@Founder-y\ByteForgeFrontend\project\code\Tests\ByteForgeFrontend.Tests.csproj]
D:\Repository\@Founder-y\ByteForgeFrontend\project\code\Tests\Integration\Security\SecurityIntegrationTests.cs(351,73): error CS0246: The type or namespace name 'AuditLogQuery' could not be found (are you missing a using directive or an assembly reference?) [D:\Repository\@Founder-y\ByteForgeFrontend\project\code\Tests\ByteForgeFrontend.Tests.csproj]
D:\Repository\@Founder-y\ByteForgeFrontend\project\code\Tests\Integration\Security\SecurityIntegrationTests.cs(356,73): error CS0246: The type or namespace name 'AuditLogQuery' could not be found (are you missing a using directive or an assembly reference?) [D:\Repository\@Founder-y\ByteForgeFrontend\project\code\Tests\ByteForgeFrontend.Tests.csproj]
D:\Repository\@Founder-y\ByteForgeFrontend\project\code\Tests\Integration\Security\SecurityIntegrationTests.cs(292,25): warning CS8602: Dereference of a possibly null reference. [D:\Repository\@Founder-y\ByteForgeFrontend\project\code\Tests\ByteForgeFrontend.Tests.csproj]
D:\Repository\@Founder-y\ByteForgeFrontend\project\code\Tests\Integration\Security\SecurityIntegrationTests.cs(293,30): warning CS8602: Dereference of a possibly null reference. [D:\Repository\@Founder-y\ByteForgeFrontend\project\code\Tests\ByteForgeFrontend.Tests.csproj]
D:\Repository\@Founder-y\ByteForgeFrontend\project\code\Tests\Integration\Security\SecurityIntegrationTests.cs(334,27): warning CS8602: Dereference of a possibly null reference. [D:\Repository\@Founder-y\ByteForgeFrontend\project\code\Tests\ByteForgeFrontend.Tests.csproj]
D:\Repository\@Founder-y\ByteForgeFrontend\project\code\Tests\Integration\Security\SecurityIntegrationTests.cs(334,27): warning CS8604: Possible null reference argument for parameter 'collection' in 'dynamic Assert.Single<dynamic>(IEnumerable<dynamic> collection)'. [D:\Repository\@Founder-y\ByteForgeFrontend\project\code\Tests\ByteForgeFrontend.Tests.csproj]
D:\Repository\@Founder-y\ByteForgeFrontend\project\code\Tests\Integration\Security\SecurityIntegrationTests.cs(344,27): warning CS8602: Dereference of a possibly null reference. [D:\Repository\@Founder-y\ByteForgeFrontend\project\code\Tests\ByteForgeFrontend.Tests.csproj]
D:\Repository\@Founder-y\ByteForgeFrontend\project\code\Tests\Integration\Security\SecurityIntegrationTests.cs(344,27): warning CS8604: Possible null reference argument for parameter 'collection' in 'dynamic Assert.Single<dynamic>(IEnumerable<dynamic> collection)'. [D:\Repository\@Founder-y\ByteForgeFrontend\project\code\Tests\ByteForgeFrontend.Tests.csproj]
D:\Repository\@Founder-y\ByteForgeFrontend\project\code\Tests\Security\Audit\AuditLoggingTests.cs(249,87): warning CS8625: Cannot convert null literal to non-nullable reference type. [D:\Repository\@Founder-y\ByteForgeFrontend\project\code\Tests\ByteForgeFrontend.Tests.csproj]
D:\Repository\@Founder-y\ByteForgeFrontend\project\code\Tests\Infrastructure\DocumentGeneration\DocumentGenerationServiceTests.cs(132,22): error CS0029: Cannot implicitly convert type 'string[]' to 'System.Collections.Generic.List<string>' [D:\Repository\@Founder-y\ByteForgeFrontend\project\code\Tests\ByteForgeFrontend.Tests.csproj]
D:\Repository\@Founder-y\ByteForgeFrontend\project\code\Tests\Infrastructure\RequirementsGeneration\PRDGeneratorTests.cs(164,43): error CS1061: 'IDocumentTemplateService' does not contain a definition for 'GetTemplateAsync' and no accessible extension method 'GetTemplateAsync' accepting a first argument of type 'IDocumentTemplateService' could be found (are you missing a using directive or an assembly reference?) [D:\Repository\@Founder-y\ByteForgeFrontend\project\code\Tests\ByteForgeFrontend.Tests.csproj]
D:\Repository\@Founder-y\ByteForgeFrontend\project\code\Tests\Infrastructure\RequirementsGeneration\PRDGeneratorTests.cs(182,45): error CS7036: There is no argument given that corresponds to the required parameter 'content' of 'IDocumentValidationService.ValidateDocumentAsync(string, string)' [D:\Repository\@Founder-y\ByteForgeFrontend\project\code\Tests\ByteForgeFrontend.Tests.csproj]
D:\Repository\@Founder-y\ByteForgeFrontend\project\code\Tests\Infrastructure\RequirementsGeneration\PRDGeneratorTests.cs(183,31): error CS0246: The type or namespace name 'DocumentValidationResponse' could not be found (are you missing a using directive or an assembly reference?) [D:\Repository\@Founder-y\ByteForgeFrontend\project\code\Tests\ByteForgeFrontend.Tests.csproj]
D:\Repository\@Founder-y\ByteForgeFrontend\project\code\Tests\Integration\Performance\PerformanceBenchmarkTests.cs(395,30): error CS0029: Cannot implicitly convert type 'string' to 'ByteForgeFrontend.Models.ProjectManagement.ProjectStatus' [D:\Repository\@Founder-y\ByteForgeFrontend\project\code\Tests\ByteForgeFrontend.Tests.csproj]
D:\Repository\@Founder-y\ByteForgeFrontend\project\code\Tests\Integration\Performance\PerformanceBenchmarkTests.cs(398,71): error CS1503: Argument 1: cannot convert from 'ByteForgeFrontend.Models.ProjectManagement.Project' to 'ByteForgeFrontend.Services.Infrastructure.ProjectManagement.CreateProjectRequest' [D:\Repository\@Founder-y\ByteForgeFrontend\project\code\Tests\ByteForgeFrontend.Tests.csproj]
D:\Repository\@Founder-y\ByteForgeFrontend\project\code\Tests\Integration\Performance\PerformanceBenchmarkTests.cs(402,60): error CS1061: 'IRequirementsOrchestrationService' does not contain a definition for 'GenerateDocumentAsync' and no accessible extension method 'GenerateDocumentAsync' accepting a first argument of type 'IRequirementsOrchestrationService' could be found (are you missing a using directive or an assembly reference?) [D:\Repository\@Founder-y\ByteForgeFrontend\project\code\Tests\ByteForgeFrontend.Tests.csproj]
D:\Repository\@Founder-y\ByteForgeFrontend\project\code\Tests\Integration\Performance\PerformanceBenchmarkTests.cs(443,26): error CS0029: Cannot implicitly convert type 'string' to 'ByteForgeFrontend.Models.ProjectManagement.ProjectStatus' [D:\Repository\@Founder-y\ByteForgeFrontend\project\code\Tests\ByteForgeFrontend.Tests.csproj]
D:\Repository\@Founder-y\ByteForgeFrontend\project\code\Tests\Infrastructure\ProjectManagement\ProjectServiceTests.cs(223,18): error CS0029: Cannot implicitly convert type 'System.Guid' to 'string' [D:\Repository\@Founder-y\ByteForgeFrontend\project\code\Tests\ByteForgeFrontend.Tests.csproj]
D:\Repository\@Founder-y\ByteForgeFrontend\project\code\Tests\Infrastructure\RequirementsGeneration\RequirementTraceabilityServiceTests.cs(294,67): error CS1503: Argument 1: cannot convert from 'System.Guid' to 'string' [D:\Repository\@Founder-y\ByteForgeFrontend\project\code\Tests\ByteForgeFrontend.Tests.csproj]
D:\Repository\@Founder-y\ByteForgeFrontend\project\code\Tests\Integration\Performance\PerformanceBenchmarkTests.cs(467,34): error CS0029: Cannot implicitly convert type 'string' to 'ByteForgeFrontend.Models.ProjectManagement.ProjectStatus' [D:\Repository\@Founder-y\ByteForgeFrontend\project\code\Tests\ByteForgeFrontend.Tests.csproj]
D:\Repository\@Founder-y\ByteForgeFrontend\project\code\Tests\Integration\Performance\PerformanceBenchmarkTests.cs(478,29): error CS0117: 'ProjectDocument' does not contain a definition for 'Type' [D:\Repository\@Founder-y\ByteForgeFrontend\project\code\Tests\ByteForgeFrontend.Tests.csproj]
D:\Repository\@Founder-y\ByteForgeFrontend\project\code\Tests\Security\Audit\AuditLoggingTests.cs(289,33): error CS7036: There is no argument given that corresponds to the required parameter 'success' of 'AuditLoggingService.LogDocumentGenerationAsync(string, string, string, string, string, int, TimeSpan, bool)' [D:\Repository\@Founder-y\ByteForgeFrontend\project\code\Tests\ByteForgeFrontend.Tests.csproj]
D:\Repository\@Founder-y\ByteForgeFrontend\project\code\Tests\Security\Audit\AuditLoggingTests.cs(286,87): warning CS8625: Cannot convert null literal to non-nullable reference type. [D:\Repository\@Founder-y\ByteForgeFrontend\project\code\Tests\ByteForgeFrontend.Tests.csproj]
D:\Repository\@Founder-y\ByteForgeFrontend\project\code\Tests\AIAgents\SpecializedAgentTests.cs(189,42): error CS1501: No overload for method 'GetTemplateAsync' takes 2 arguments [D:\Repository\@Founder-y\ByteForgeFrontend\project\code\Tests\ByteForgeFrontend.Tests.csproj]
D:\Repository\@Founder-y\ByteForgeFrontend\project\code\Tests\AIAgents\SpecializedAgentTests.cs(192,42): error CS1501: No overload for method 'RenderTemplateAsync' takes 3 arguments [D:\Repository\@Founder-y\ByteForgeFrontend\project\code\Tests\ByteForgeFrontend.Tests.csproj]
D:\Repository\@Founder-y\ByteForgeFrontend\project\code\Tests\AIAgents\SpecializedAgentTests.cs(204,43): error CS1501: No overload for method 'GetTemplateAsync' takes 2 arguments [D:\Repository\@Founder-y\ByteForgeFrontend\project\code\Tests\ByteForgeFrontend.Tests.csproj]
D:\Repository\@Founder-y\ByteForgeFrontend\project\code\Tests\AIAgents\SpecializedAgentTests.cs(205,43): error CS1501: No overload for method 'RenderTemplateAsync' takes 3 arguments [D:\Repository\@Founder-y\ByteForgeFrontend\project\code\Tests\ByteForgeFrontend.Tests.csproj]
D:\Repository\@Founder-y\ByteForgeFrontend\project\code\Tests\Infrastructure\ProjectManagement\ProjectServiceTests.cs(264,18): error CS0029: Cannot implicitly convert type 'System.Guid' to 'string' [D:\Repository\@Founder-y\ByteForgeFrontend\project\code\Tests\ByteForgeFrontend.Tests.csproj]
D:\Repository\@Founder-y\ByteForgeFrontend\project\code\Tests\Infrastructure\ProjectManagement\ProjectServiceTests.cs(270,44): error CS0029: Cannot implicitly convert type 'System.Guid' to 'string' [D:\Repository\@Founder-y\ByteForgeFrontend\project\code\Tests\ByteForgeFrontend.Tests.csproj]
D:\Repository\@Founder-y\ByteForgeFrontend\project\code\Tests\Infrastructure\ProjectManagement\ProjectServiceTests.cs(271,44): error CS0029: Cannot implicitly convert type 'System.Guid' to 'string' [D:\Repository\@Founder-y\ByteForgeFrontend\project\code\Tests\ByteForgeFrontend.Tests.csproj]
D:\Repository\@Founder-y\ByteForgeFrontend\project\code\Tests\Infrastructure\ProjectManagement\ProjectServiceTests.cs(272,44): error CS0029: Cannot implicitly convert type 'System.Guid' to 'string' [D:\Repository\@Founder-y\ByteForgeFrontend\project\code\Tests\ByteForgeFrontend.Tests.csproj]
D:\Repository\@Founder-y\ByteForgeFrontend\project\code\Tests\Integration\E2E\FullWorkflowIntegrationTests.cs(320,34): error CS0029: Cannot implicitly convert type 'string' to 'ByteForgeFrontend.Models.ProjectManagement.ProjectStatus' [D:\Repository\@Founder-y\ByteForgeFrontend\project\code\Tests\ByteForgeFrontend.Tests.csproj]
D:\Repository\@Founder-y\ByteForgeFrontend\project\code\Tests\Integration\E2E\FullWorkflowIntegrationTests.cs(323,75): error CS1503: Argument 1: cannot convert from 'ByteForgeFrontend.Models.ProjectManagement.Project' to 'ByteForgeFrontend.Services.Infrastructure.ProjectManagement.CreateProjectRequest' [D:\Repository\@Founder-y\ByteForgeFrontend\project\code\Tests\ByteForgeFrontend.Tests.csproj]
D:\Repository\@Founder-y\ByteForgeFrontend\project\code\Tests\Integration\E2E\FullWorkflowIntegrationTests.cs(332,48): error CS1061: 'IRequirementsOrchestrationService' does not contain a definition for 'GenerateDocumentAsync' and no accessible extension method 'GenerateDocumentAsync' accepting a first argument of type 'IRequirementsOrchestrationService' could be found (are you missing a using directive or an assembly reference?) [D:\Repository\@Founder-y\ByteForgeFrontend\project\code\Tests\ByteForgeFrontend.Tests.csproj]
D:\Repository\@Founder-y\ByteForgeFrontend\project\code\Tests\Integration\E2E\FullWorkflowIntegrationTests.cs(346,60): error CS1061: 'IProjectService' does not contain a definition for 'GetProjectsByTenantAsync' and no accessible extension method 'GetProjectsByTenantAsync' accepting a first argument of type 'IProjectService' could be found (are you missing a using directive or an assembly reference?) [D:\Repository\@Founder-y\ByteForgeFrontend\project\code\Tests\ByteForgeFrontend.Tests.csproj]
D:\Repository\@Founder-y\ByteForgeFrontend\project\code\Tests\Integration\E2E\FullWorkflowIntegrationTests.cs(358,91): error CS0234: The type or namespace name 'AuditLogQuery' does not exist in the namespace 'ByteForgeFrontend.Models.Security' (are you missing an assembly reference?) [D:\Repository\@Founder-y\ByteForgeFrontend\project\code\Tests\ByteForgeFrontend.Tests.csproj]
D:\Repository\@Founder-y\ByteForgeFrontend\project\code\Tests\Integration\Performance\LoadTestingSuite.cs(281,29): warning CS8602: Dereference of a possibly null reference. [D:\Repository\@Founder-y\ByteForgeFrontend\project\code\Tests\ByteForgeFrontend.Tests.csproj]
D:\Repository\@Founder-y\ByteForgeFrontend\project\code\Tests\Integration\Performance\LoadTestingSuite.cs(297,25): warning CS8602: Dereference of a possibly null reference. [D:\Repository\@Founder-y\ByteForgeFrontend\project\code\Tests\ByteForgeFrontend.Tests.csproj]
D:\Repository\@Founder-y\ByteForgeFrontend\project\code\Tests\AIAgents\SpecializedAgentTests.cs(219,56): error CS1503: Argument 1: cannot convert from 'string' to 'ByteForgeFrontend.Services.Infrastructure.LLM.LLMGenerationRequest' [D:\Repository\@Founder-y\ByteForgeFrontend\project\code\Tests\ByteForgeFrontend.Tests.csproj]
D:\Repository\@Founder-y\ByteForgeFrontend\project\code\Tests\AIAgents\SpecializedAgentTests.cs(220,35): error CS0246: The type or namespace name 'LLMResponse' could not be found (are you missing a using directive or an assembly reference?) [D:\Repository\@Founder-y\ByteForgeFrontend\project\code\Tests\ByteForgeFrontend.Tests.csproj]
D:\Repository\@Founder-y\ByteForgeFrontend\project\code\Tests\Infrastructure\RequirementsGeneration\BRDGeneratorTests.cs(150,43): error CS1061: 'IDocumentTemplateService' does not contain a definition for 'GetTemplateAsync' and no accessible extension method 'GetTemplateAsync' accepting a first argument of type 'IDocumentTemplateService' could be found (are you missing a using directive or an assembly reference?) [D:\Repository\@Founder-y\ByteForgeFrontend\project\code\Tests\ByteForgeFrontend.Tests.csproj]
D:\Repository\@Founder-y\ByteForgeFrontend\project\code\Tests\Infrastructure\RequirementsGeneration\BRDGeneratorTests.cs(168,45): error CS7036: There is no argument given that corresponds to the required parameter 'content' of 'IDocumentValidationService.ValidateDocumentAsync(string, string)' [D:\Repository\@Founder-y\ByteForgeFrontend\project\code\Tests\ByteForgeFrontend.Tests.csproj]
D:\Repository\@Founder-y\ByteForgeFrontend\project\code\Tests\Infrastructure\RequirementsGeneration\BRDGeneratorTests.cs(169,31): error CS0246: The type or namespace name 'DocumentValidationResponse' could not be found (are you missing a using directive or an assembly reference?) [D:\Repository\@Founder-y\ByteForgeFrontend\project\code\Tests\ByteForgeFrontend.Tests.csproj]
D:\Repository\@Founder-y\ByteForgeFrontend\project\code\Tests\Security\Authentication\MultiTenantAuthenticationTests.cs(194,27): warning CS1998: This async method lacks 'await' operators and will run synchronously. Consider using the 'await' operator to await non-blocking API calls, or 'await Task.Run(...)' to do CPU-bound work on a background thread. [D:\Repository\@Founder-y\ByteForgeFrontend\project\code\Tests\ByteForgeFrontend.Tests.csproj]
D:\Repository\@Founder-y\ByteForgeFrontend\project\code\Tests\Infrastructure\RequirementsGeneration\RequirementTraceabilityServiceTests.cs(342,67): error CS1503: Argument 1: cannot convert from 'System.Guid' to 'string' [D:\Repository\@Founder-y\ByteForgeFrontend\project\code\Tests\ByteForgeFrontend.Tests.csproj]
D:\Repository\@Founder-y\ByteForgeFrontend\project\code\Tests\Security\Audit\ComplianceTests.cs(434,32): error CS0246: The type or namespace name 'ApplicationUser' could not be found (are you missing a using directive or an assembly reference?) [D:\Repository\@Founder-y\ByteForgeFrontend\project\code\Tests\ByteForgeFrontend.Tests.csproj]
D:\Repository\@Founder-y\ByteForgeFrontend\project\code\Tests\Integration\Performance\LoadTestingSuite.cs(328,32): warning CS8600: Converting null literal or possible null value to non-nullable type. [D:\Repository\@Founder-y\ByteForgeFrontend\project\code\Tests\ByteForgeFrontend.Tests.csproj]
D:\Repository\@Founder-y\ByteForgeFrontend\project\code\Tests\Integration\Performance\LoadTestingSuite.cs(360,80): warning CS8604: Possible null reference argument for parameter 'error' in 'void LoadTestMetrics.RecordRequest(string action, long responseTime, bool success, string error = null)'. [D:\Repository\@Founder-y\ByteForgeFrontend\project\code\Tests\ByteForgeFrontend.Tests.csproj]
D:\Repository\@Founder-y\ByteForgeFrontend\project\code\Tests\Security\Audit\AuditLoggingTests.cs(316,55): warning CS8625: Cannot convert null literal to non-nullable reference type. [D:\Repository\@Founder-y\ByteForgeFrontend\project\code\Tests\ByteForgeFrontend.Tests.csproj]
D:\Repository\@Founder-y\ByteForgeFrontend\project\code\Tests\Integration\E2E\FullWorkflowIntegrationTests.cs(389,26): error CS0029: Cannot implicitly convert type 'string' to 'ByteForgeFrontend.Models.ProjectManagement.ProjectStatus' [D:\Repository\@Founder-y\ByteForgeFrontend\project\code\Tests\ByteForgeFrontend.Tests.csproj]
D:\Repository\@Founder-y\ByteForgeFrontend\project\code\Tests\Integration\E2E\FullWorkflowIntegrationTests.cs(398,47): error CS1061: 'IAgentRegistry' does not contain a definition for 'GetAgent' and no accessible extension method 'GetAgent' accepting a first argument of type 'IAgentRegistry' could be found (are you missing a using directive or an assembly reference?) [D:\Repository\@Founder-y\ByteForgeFrontend\project\code\Tests\ByteForgeFrontend.Tests.csproj]
D:\Repository\@Founder-y\ByteForgeFrontend\project\code\Tests\Integration\E2E\FullWorkflowIntegrationTests.cs(401,62): error CS0246: The type or namespace name 'AgentTaskRequest' could not be found (are you missing a using directive or an assembly reference?) [D:\Repository\@Founder-y\ByteForgeFrontend\project\code\Tests\ByteForgeFrontend.Tests.csproj]
D:\Repository\@Founder-y\ByteForgeFrontend\project\code\Tests\Integration\E2E\FullWorkflowIntegrationTests.cs(413,38): error CS0117: 'AgentStatus' does not contain a definition for 'Error' [D:\Repository\@Founder-y\ByteForgeFrontend\project\code\Tests\ByteForgeFrontend.Tests.csproj]
D:\Repository\@Founder-y\ByteForgeFrontend\project\code\Tests\Integration\E2E\FullWorkflowIntegrationTests.cs(416,61): error CS1061: 'IMonitoringService' does not contain a definition for 'GetAgentStatusAsync' and no accessible extension method 'GetAgentStatusAsync' accepting a first argument of type 'IMonitoringService' could be found (are you missing a using directive or an assembly reference?) [D:\Repository\@Founder-y\ByteForgeFrontend\project\code\Tests\ByteForgeFrontend.Tests.csproj]
D:\Repository\@Founder-y\ByteForgeFrontend\project\code\Tests\Integration\E2E\FullWorkflowIntegrationTests.cs(420,87): error CS0234: The type or namespace name 'AuditLogQuery' does not exist in the namespace 'ByteForgeFrontend.Models.Security' (are you missing an assembly reference?) [D:\Repository\@Founder-y\ByteForgeFrontend\project\code\Tests\ByteForgeFrontend.Tests.csproj]
D:\Repository\@Founder-y\ByteForgeFrontend\project\code\Tests\Integration\E2E\FullWorkflowIntegrationTests.cs(433,67): error CS0246: The type or namespace name 'AgentTaskRequest' could not be found (are you missing a using directive or an assembly reference?) [D:\Repository\@Founder-y\ByteForgeFrontend\project\code\Tests\ByteForgeFrontend.Tests.csproj]
D:\Repository\@Founder-y\ByteForgeFrontend\project\code\Tests\Integration\Security\SecurityIntegrationTests.cs(426,57): error CS1061: 'IComplianceService' does not contain a definition for 'ExportUserDataAsync' and no accessible extension method 'ExportUserDataAsync' accepting a first argument of type 'IComplianceService' could be found (are you missing a using directive or an assembly reference?) [D:\Repository\@Founder-y\ByteForgeFrontend\project\code\Tests\ByteForgeFrontend.Tests.csproj]
D:\Repository\@Founder-y\ByteForgeFrontend\project\code\Tests\Integration\Security\SecurityIntegrationTests.cs(435,60): error CS1061: 'IComplianceService' does not contain a definition for 'AnonymizeUserDataAsync' and no accessible extension method 'AnonymizeUserDataAsync' accepting a first argument of type 'IComplianceService' could be found (are you missing a using directive or an assembly reference?) [D:\Repository\@Founder-y\ByteForgeFrontend\project\code\Tests\ByteForgeFrontend.Tests.csproj]
D:\Repository\@Founder-y\ByteForgeFrontend\project\code\Tests\Integration\Security\SecurityIntegrationTests.cs(446,76): error CS0246: The type or namespace name 'AuditLogQuery' could not be found (are you missing a using directive or an assembly reference?) [D:\Repository\@Founder-y\ByteForgeFrontend\project\code\Tests\ByteForgeFrontend.Tests.csproj]
D:\Repository\@Founder-y\ByteForgeFrontend\project\code\Tests\Integration\Security\SecurityIntegrationTests.cs(457,60): error CS1061: 'IComplianceService' does not contain a definition for 'ApplyDataRetentionPolicyAsync' and no accessible extension method 'ApplyDataRetentionPolicyAsync' accepting a first argument of type 'IComplianceService' could be found (are you missing a using directive or an assembly reference?) [D:\Repository\@Founder-y\ByteForgeFrontend\project\code\Tests\ByteForgeFrontend.Tests.csproj]
D:\Repository\@Founder-y\ByteForgeFrontend\project\code\Tests\Integration\Security\SecurityIntegrationTests.cs(440,60): warning CS8602: Dereference of a possibly null reference. [D:\Repository\@Founder-y\ByteForgeFrontend\project\code\Tests\ByteForgeFrontend.Tests.csproj]
D:\Repository\@Founder-y\ByteForgeFrontend\project\code\Tests\Infrastructure\RequirementsGeneration\PRDGeneratorTests.cs(207,43): error CS1061: 'IDocumentTemplateService' does not contain a definition for 'GetTemplateAsync' and no accessible extension method 'GetTemplateAsync' accepting a first argument of type 'IDocumentTemplateService' could be found (are you missing a using directive or an assembly reference?) [D:\Repository\@Founder-y\ByteForgeFrontend\project\code\Tests\ByteForgeFrontend.Tests.csproj]
D:\Repository\@Founder-y\ByteForgeFrontend\project\code\Tests\Infrastructure\RequirementsGeneration\PRDGeneratorTests.cs(222,45): error CS7036: There is no argument given that corresponds to the required parameter 'content' of 'IDocumentValidationService.ValidateDocumentAsync(string, string)' [D:\Repository\@Founder-y\ByteForgeFrontend\project\code\Tests\ByteForgeFrontend.Tests.csproj]
D:\Repository\@Founder-y\ByteForgeFrontend\project\code\Tests\Infrastructure\RequirementsGeneration\PRDGeneratorTests.cs(223,31): error CS0246: The type or namespace name 'DocumentValidationResponse' could not be found (are you missing a using directive or an assembly reference?) [D:\Repository\@Founder-y\ByteForgeFrontend\project\code\Tests\ByteForgeFrontend.Tests.csproj]
D:\Repository\@Founder-y\ByteForgeFrontend\project\code\Tests\Integration\Performance\LoadTestingSuite.cs(379,32): warning CS8600: Converting null literal or possible null value to non-nullable type. [D:\Repository\@Founder-y\ByteForgeFrontend\project\code\Tests\ByteForgeFrontend.Tests.csproj]
D:\Repository\@Founder-y\ByteForgeFrontend\project\code\Tests\Integration\Performance\LoadTestingSuite.cs(396,85): warning CS8604: Possible null reference argument for parameter 'error' in 'void LoadTestMetrics.RecordRequest(string action, long responseTime, bool success, string error = null)'. [D:\Repository\@Founder-y\ByteForgeFrontend\project\code\Tests\ByteForgeFrontend.Tests.csproj]
D:\Repository\@Founder-y\ByteForgeFrontend\project\code\Tests\AIAgents\SpecializedAgentTests.cs(246,56): error CS1503: Argument 1: cannot convert from 'string' to 'ByteForgeFrontend.Services.Infrastructure.LLM.LLMGenerationRequest' [D:\Repository\@Founder-y\ByteForgeFrontend\project\code\Tests\ByteForgeFrontend.Tests.csproj]
D:\Repository\@Founder-y\ByteForgeFrontend\project\code\Tests\AIAgents\SpecializedAgentTests.cs(247,35): error CS0246: The type or namespace name 'LLMResponse' could not be found (are you missing a using directive or an assembly reference?) [D:\Repository\@Founder-y\ByteForgeFrontend\project\code\Tests\ByteForgeFrontend.Tests.csproj]
D:\Repository\@Founder-y\ByteForgeFrontend\project\code\Tests\AIAgents\SpecializedAgentTests.cs(260,17): error CS1503: Argument 1: cannot convert from 'string' to 'ByteForgeFrontend.Services.Infrastructure.LLM.LLMGenerationRequest' [D:\Repository\@Founder-y\ByteForgeFrontend\project\code\Tests\ByteForgeFrontend.Tests.csproj]
D:\Repository\@Founder-y\ByteForgeFrontend\project\code\Tests\Infrastructure\DocumentGeneration\DocumentGenerationServiceTests.cs(172,46): warning CS8602: Dereference of a possibly null reference. [D:\Repository\@Founder-y\ByteForgeFrontend\project\code\Tests\ByteForgeFrontend.Tests.csproj]
D:\Repository\@Founder-y\ByteForgeFrontend\project\code\Tests\Infrastructure\DocumentGeneration\DocumentGenerationServiceTests.cs(188,46): warning CS8602: Dereference of a possibly null reference. [D:\Repository\@Founder-y\ByteForgeFrontend\project\code\Tests\ByteForgeFrontend.Tests.csproj]
D:\Repository\@Founder-y\ByteForgeFrontend\project\code\Tests\Integration\Performance\LoadTestingSuite.cs(444,38): warning CS8602: Dereference of a possibly null reference. [D:\Repository\@Founder-y\ByteForgeFrontend\project\code\Tests\ByteForgeFrontend.Tests.csproj]
D:\Repository\@Founder-y\ByteForgeFrontend\project\code\Tests\Infrastructure\RequirementsGeneration\RequirementsOrchestrationServiceTests.cs(103,27): error CS0246: The type or namespace name 'Project' could not be found (are you missing a using directive or an assembly reference?) [D:\Repository\@Founder-y\ByteForgeFrontend\project\code\Tests\ByteForgeFrontend.Tests.csproj]
D:\Repository\@Founder-y\ByteForgeFrontend\project\code\Tests\Infrastructure\RequirementsGeneration\RequirementsOrchestrationServiceTests.cs(110,58): error CS1503: Argument 1: cannot convert from 'System.Guid' to 'string' [D:\Repository\@Founder-y\ByteForgeFrontend\project\code\Tests\ByteForgeFrontend.Tests.csproj]
D:\Repository\@Founder-y\ByteForgeFrontend\project\code\Tests\Infrastructure\RequirementsGeneration\BRDGeneratorTests.cs(191,43): error CS1061: 'IDocumentTemplateService' does not contain a definition for 'GetTemplateAsync' and no accessible extension method 'GetTemplateAsync' accepting a first argument of type 'IDocumentTemplateService' could be found (are you missing a using directive or an assembly reference?) [D:\Repository\@Founder-y\ByteForgeFrontend\project\code\Tests\ByteForgeFrontend.Tests.csproj]
D:\Repository\@Founder-y\ByteForgeFrontend\project\code\Tests\Infrastructure\RequirementsGeneration\BRDGeneratorTests.cs(201,45): error CS7036: There is no argument given that corresponds to the required parameter 'content' of 'IDocumentValidationService.ValidateDocumentAsync(string, string)' [D:\Repository\@Founder-y\ByteForgeFrontend\project\code\Tests\ByteForgeFrontend.Tests.csproj]
D:\Repository\@Founder-y\ByteForgeFrontend\project\code\Tests\Infrastructure\RequirementsGeneration\BRDGeneratorTests.cs(202,31): error CS0246: The type or namespace name 'DocumentValidationResponse' could not be found (are you missing a using directive or an assembly reference?) [D:\Repository\@Founder-y\ByteForgeFrontend\project\code\Tests\ByteForgeFrontend.Tests.csproj]
D:\Repository\@Founder-y\ByteForgeFrontend\project\code\Tests\Infrastructure\RequirementsGeneration\BRDGeneratorTests.cs(214,39): warning CS8602: Dereference of a possibly null reference. [D:\Repository\@Founder-y\ByteForgeFrontend\project\code\Tests\ByteForgeFrontend.Tests.csproj]
D:\Repository\@Founder-y\ByteForgeFrontend\project\code\Tests\Integration\Performance\PerformanceBenchmarkTests.cs(538,27): warning CS8618: Non-nullable property 'Operation' must contain a non-null value when exiting constructor. Consider adding the 'required' modifier or declaring the property as nullable. [D:\Repository\@Founder-y\ByteForgeFrontend\project\code\Tests\ByteForgeFrontend.Tests.csproj]
D:\Repository\@Founder-y\ByteForgeFrontend\project\code\Tests\Integration\E2E\FullWorkflowIntegrationTests.cs(458,17): error CS0117: 'ProjectTemplate' does not contain a definition for 'TenantId' [D:\Repository\@Founder-y\ByteForgeFrontend\project\code\Tests\ByteForgeFrontend.Tests.csproj]
D:\Repository\@Founder-y\ByteForgeFrontend\project\code\Tests\Integration\E2E\FullWorkflowIntegrationTests.cs(459,17): error CS0117: 'ProjectTemplate' does not contain a definition for 'Metadata' [D:\Repository\@Founder-y\ByteForgeFrontend\project\code\Tests\ByteForgeFrontend.Tests.csproj]
D:\Repository\@Founder-y\ByteForgeFrontend\project\code\Tests\Integration\E2E\FullWorkflowIntegrationTests.cs(471,40): error CS1061: 'ProjectTemplate' does not contain a definition for 'Success' and no accessible extension method 'Success' accepting a first argument of type 'ProjectTemplate' could be found (are you missing a using directive or an assembly reference?) [D:\Repository\@Founder-y\ByteForgeFrontend\project\code\Tests\ByteForgeFrontend.Tests.csproj]
D:\Repository\@Founder-y\ByteForgeFrontend\project\code\Tests\Integration\E2E\FullWorkflowIntegrationTests.cs(472,45): error CS1061: 'ProjectTemplate' does not contain a definition for 'Data' and no accessible extension method 'Data' accepting a first argument of type 'ProjectTemplate' could be found (are you missing a using directive or an assembly reference?) [D:\Repository\@Founder-y\ByteForgeFrontend\project\code\Tests\ByteForgeFrontend.Tests.csproj]
D:\Repository\@Founder-y\ByteForgeFrontend\project\code\Tests\Integration\E2E\FullWorkflowIntegrationTests.cs(480,26): error CS0029: Cannot implicitly convert type 'string' to 'ByteForgeFrontend.Models.ProjectManagement.ProjectStatus' [D:\Repository\@Founder-y\ByteForgeFrontend\project\code\Tests\ByteForgeFrontend.Tests.csproj]
D:\Repository\@Founder-y\ByteForgeFrontend\project\code\Tests\Integration\E2E\FullWorkflowIntegrationTests.cs(487,54): error CS1061: 'ITemplateManagementService' does not contain a definition for 'ApplyTemplateAsync' and no accessible extension method 'ApplyTemplateAsync' accepting a first argument of type 'ITemplateManagementService' could be found (are you missing a using directive or an assembly reference?) [D:\Repository\@Founder-y\ByteForgeFrontend\project\code\Tests\ByteForgeFrontend.Tests.csproj]
D:\Repository\@Founder-y\ByteForgeFrontend\project\code\Tests\Integration\E2E\FullWorkflowIntegrationTests.cs(491,111): error CS1061: 'ProjectTemplate' does not contain a definition for 'Metadata' and no accessible extension method 'Metadata' accepting a first argument of type 'ProjectTemplate' could be found (are you missing a using directive or an assembly reference?) [D:\Repository\@Founder-y\ByteForgeFrontend\project\code\Tests\ByteForgeFrontend.Tests.csproj]
D:\Repository\@Founder-y\ByteForgeFrontend\project\code\Tests\Integration\E2E\FullWorkflowIntegrationTests.cs(491,56): error CS1061: 'IRequirementsOrchestrationService' does not contain a definition for 'GenerateDocumentAsync' and no accessible extension method 'GenerateDocumentAsync' accepting a first argument of type 'IRequirementsOrchestrationService' could be found (are you missing a using directive or an assembly reference?) [D:\Repository\@Founder-y\ByteForgeFrontend\project\code\Tests\ByteForgeFrontend.Tests.csproj]
D:\Repository\@Founder-y\ByteForgeFrontend\project\code\Tests\Integration\E2E\FullWorkflowIntegrationTests.cs(495,50): error CS1061: 'IProjectService' does not contain a definition for 'GetProjectDocumentAsync' and no accessible extension method 'GetProjectDocumentAsync' accepting a first argument of type 'IProjectService' could be found (are you missing a using directive or an assembly reference?) [D:\Repository\@Founder-y\ByteForgeFrontend\project\code\Tests\ByteForgeFrontend.Tests.csproj]
D:\Repository\@Founder-y\ByteForgeFrontend\project\code\Tests\Integration\E2E\FullWorkflowIntegrationTests.cs(510,44): error CS1061: 'IAgentRegistry' does not contain a definition for 'GetAgent' and no accessible extension method 'GetAgent' accepting a first argument of type 'IAgentRegistry' could be found (are you missing a using directive or an assembly reference?) [D:\Repository\@Founder-y\ByteForgeFrontend\project\code\Tests\ByteForgeFrontend.Tests.csproj]
D:\Repository\@Founder-y\ByteForgeFrontend\project\code\Tests\Integration\E2E\FullWorkflowIntegrationTests.cs(511,64): error CS0246: The type or namespace name 'AgentTaskRequest' could not be found (are you missing a using directive or an assembly reference?) [D:\Repository\@Founder-y\ByteForgeFrontend\project\code\Tests\ByteForgeFrontend.Tests.csproj]
D:\Repository\@Founder-y\ByteForgeFrontend\project\code\Tests\Integration\E2E\FullWorkflowIntegrationTests.cs(517,62): error CS1061: 'ProjectTemplate' does not contain a definition for 'Metadata' and no accessible extension method 'Metadata' accepting a first argument of type 'ProjectTemplate' could be found (are you missing a using directive or an assembly reference?) [D:\Repository\@Founder-y\ByteForgeFrontend\project\code\Tests\ByteForgeFrontend.Tests.csproj]
D:\Repository\@Founder-y\ByteForgeFrontend\project\code\Tests\Security\Audit\AuditLoggingTests.cs(366,106): warning CS8625: Cannot convert null literal to non-nullable reference type. [D:\Repository\@Founder-y\ByteForgeFrontend\project\code\Tests\ByteForgeFrontend.Tests.csproj]
D:\Repository\@Founder-y\ByteForgeFrontend\project\code\Tests\Infrastructure\RequirementsGeneration\RequirementsOrchestrationServiceTests.cs(197,27): error CS0246: The type or namespace name 'Project' could not be found (are you missing a using directive or an assembly reference?) [D:\Repository\@Founder-y\ByteForgeFrontend\project\code\Tests\ByteForgeFrontend.Tests.csproj]
D:\Repository\@Founder-y\ByteForgeFrontend\project\code\Tests\Infrastructure\RequirementsGeneration\RequirementsOrchestrationServiceTests.cs(198,58): error CS1503: Argument 1: cannot convert from 'System.Guid' to 'string' [D:\Repository\@Founder-y\ByteForgeFrontend\project\code\Tests\ByteForgeFrontend.Tests.csproj]
D:\Repository\@Founder-y\ByteForgeFrontend\project\code\Tests\Integration\E2E\FullWorkflowIntegrationTests.cs(541,32): error CS1061: 'IMonitoringService' does not contain a definition for 'SubscribeToUpdates' and no accessible extension method 'SubscribeToUpdates' accepting a first argument of type 'IMonitoringService' could be found (are you missing a using directive or an assembly reference?) [D:\Repository\@Founder-y\ByteForgeFrontend\project\code\Tests\ByteForgeFrontend.Tests.csproj]
D:\Repository\@Founder-y\ByteForgeFrontend\project\code\Tests\Integration\E2E\FullWorkflowIntegrationTests.cs(549,66): error CS1503: Argument 1: cannot convert from 'System.Guid' to 'string' [D:\Repository\@Founder-y\ByteForgeFrontend\project\code\Tests\ByteForgeFrontend.Tests.csproj]
D:\Repository\@Founder-y\ByteForgeFrontend\project\code\Tests\Integration\E2E\FullWorkflowIntegrationTests.cs(550,38): error CS1501: No overload for method 'UpdateAgentStatusAsync' takes 5 arguments [D:\Repository\@Founder-y\ByteForgeFrontend\project\code\Tests\ByteForgeFrontend.Tests.csproj]
D:\Repository\@Founder-y\ByteForgeFrontend\project\code\Tests\Integration\E2E\FullWorkflowIntegrationTests.cs(551,38): error CS1061: 'IMonitoringService' does not contain a definition for 'UpdateProjectStatusAsync' and no accessible extension method 'UpdateProjectStatusAsync' accepting a first argument of type 'IMonitoringService' could be found (are you missing a using directive or an assembly reference?) [D:\Repository\@Founder-y\ByteForgeFrontend\project\code\Tests\ByteForgeFrontend.Tests.csproj]
D:\Repository\@Founder-y\ByteForgeFrontend\project\code\Tests\Integration\E2E\FullWorkflowIntegrationTests.cs(561,32): error CS1061: 'IMonitoringService' does not contain a definition for 'UnsubscribeFromUpdates' and no accessible extension method 'UnsubscribeFromUpdates' accepting a first argument of type 'IMonitoringService' could be found (are you missing a using directive or an assembly reference?) [D:\Repository\@Founder-y\ByteForgeFrontend\project\code\Tests\ByteForgeFrontend.Tests.csproj]
D:\Repository\@Founder-y\ByteForgeFrontend\project\code\Tests\Integration\Performance\LoadTestingSuite.cs(675,27): warning CS8618: Non-nullable property 'Error' must contain a non-null value when exiting constructor. Consider adding the 'required' modifier or declaring the property as nullable. [D:\Repository\@Founder-y\ByteForgeFrontend\project\code\Tests\ByteForgeFrontend.Tests.csproj]
D:\Repository\@Founder-y\ByteForgeFrontend\project\code\Tests\Integration\Performance\LoadTestingSuite.cs(667,27): warning CS8618: Non-nullable property 'Action' must contain a non-null value when exiting constructor. Consider adding the 'required' modifier or declaring the property as nullable. [D:\Repository\@Founder-y\ByteForgeFrontend\project\code\Tests\ByteForgeFrontend.Tests.csproj]
D:\Repository\@Founder-y\ByteForgeFrontend\project\code\Tests\Infrastructure\RequirementsGeneration\PRDGeneratorTests.cs(244,43): error CS1061: 'IDocumentTemplateService' does not contain a definition for 'GetTemplateAsync' and no accessible extension method 'GetTemplateAsync' accepting a first argument of type 'IDocumentTemplateService' could be found (are you missing a using directive or an assembly reference?) [D:\Repository\@Founder-y\ByteForgeFrontend\project\code\Tests\ByteForgeFrontend.Tests.csproj]
D:\Repository\@Founder-y\ByteForgeFrontend\project\code\Tests\Infrastructure\RequirementsGeneration\PRDGeneratorTests.cs(259,45): error CS7036: There is no argument given that corresponds to the required parameter 'content' of 'IDocumentValidationService.ValidateDocumentAsync(string, string)' [D:\Repository\@Founder-y\ByteForgeFrontend\project\code\Tests\ByteForgeFrontend.Tests.csproj]
D:\Repository\@Founder-y\ByteForgeFrontend\project\code\Tests\Infrastructure\RequirementsGeneration\PRDGeneratorTests.cs(260,31): error CS0246: The type or namespace name 'DocumentValidationResponse' could not be found (are you missing a using directive or an assembly reference?) [D:\Repository\@Founder-y\ByteForgeFrontend\project\code\Tests\ByteForgeFrontend.Tests.csproj]
D:\Repository\@Founder-y\ByteForgeFrontend\project\code\Tests\Integration\Performance\LoadTestingSuite.cs(643,27): warning CS8618: Non-nullable property 'Action' must contain a non-null value when exiting constructor. Consider adding the 'required' modifier or declaring the property as nullable. [D:\Repository\@Founder-y\ByteForgeFrontend\project\code\Tests\ByteForgeFrontend.Tests.csproj]
D:\Repository\@Founder-y\ByteForgeFrontend\project\code\Tests\Integration\Performance\LoadTestingSuite.cs(646,27): warning CS8618: Non-nullable property 'Error' must contain a non-null value when exiting constructor. Consider adding the 'required' modifier or declaring the property as nullable. [D:\Repository\@Founder-y\ByteForgeFrontend\project\code\Tests\ByteForgeFrontend.Tests.csproj]
D:\Repository\@Founder-y\ByteForgeFrontend\project\code\Tests\Integration\Security\SecurityIntegrationTests.cs(502,71): error CS0246: The type or namespace name 'AuditLogQuery' could not be found (are you missing a using directive or an assembly reference?) [D:\Repository\@Founder-y\ByteForgeFrontend\project\code\Tests\ByteForgeFrontend.Tests.csproj]
D:\Repository\@Founder-y\ByteForgeFrontend\project\code\Tests\Integration\Security\SecurityIntegrationTests.cs(527,53): error CS1061: 'IAuditLoggingService' does not contain a definition for 'SearchAuditLogsAsync' and no accessible extension method 'SearchAuditLogsAsync' accepting a first argument of type 'IAuditLoggingService' could be found (are you missing a using directive or an assembly reference?) [D:\Repository\@Founder-y\ByteForgeFrontend\project\code\Tests\ByteForgeFrontend.Tests.csproj]
D:\Repository\@Founder-y\ByteForgeFrontend\project\code\Tests\Integration\Security\SecurityIntegrationTests.cs(533,77): error CS0246: The type or namespace name 'AuditLogQuery' could not be found (are you missing a using directive or an assembly reference?) [D:\Repository\@Founder-y\ByteForgeFrontend\project\code\Tests\ByteForgeFrontend.Tests.csproj]
D:\Repository\@Founder-y\ByteForgeFrontend\project\code\Tests\Integration\Security\SecurityIntegrationTests.cs(533,52): error CS1061: 'IAuditLoggingService' does not contain a definition for 'ExportAuditLogsAsync' and no accessible extension method 'ExportAuditLogsAsync' accepting a first argument of type 'IAuditLoggingService' could be found (are you missing a using directive or an assembly reference?) [D:\Repository\@Founder-y\ByteForgeFrontend\project\code\Tests\ByteForgeFrontend.Tests.csproj]
D:\Repository\@Founder-y\ByteForgeFrontend\project\code\Tests\Security\Audit\AuditLoggingTests.cs(403,104): warning CS8625: Cannot convert null literal to non-nullable reference type. [D:\Repository\@Founder-y\ByteForgeFrontend\project\code\Tests\ByteForgeFrontend.Tests.csproj]
D:\Repository\@Founder-y\ByteForgeFrontend\project\code\Tests\Security\Audit\AuditLoggingTests.cs(411,105): warning CS8625: Cannot convert null literal to non-nullable reference type. [D:\Repository\@Founder-y\ByteForgeFrontend\project\code\Tests\ByteForgeFrontend.Tests.csproj]
D:\Repository\@Founder-y\ByteForgeFrontend\project\code\Tests\Integration\Security\SecurityIntegrationTests.cs(571,20): warning CS8602: Dereference of a possibly null reference. [D:\Repository\@Founder-y\ByteForgeFrontend\project\code\Tests\ByteForgeFrontend.Tests.csproj]
D:\Repository\@Founder-y\ByteForgeFrontend\project\code\Tests\Integration\Security\SecurityIntegrationTests.cs(571,20): warning CS8602: Dereference of a possibly null reference. [D:\Repository\@Founder-y\ByteForgeFrontend\project\code\Tests\ByteForgeFrontend.Tests.csproj]
D:\Repository\@Founder-y\ByteForgeFrontend\project\code\Tests\Integration\Security\SecurityIntegrationTests.cs(576,27): warning CS8618: Non-nullable property 'Token' must contain a non-null value when exiting constructor. Consider adding the 'required' modifier or declaring the property as nullable. [D:\Repository\@Founder-y\ByteForgeFrontend\project\code\Tests\ByteForgeFrontend.Tests.csproj]
D:\Repository\@Founder-y\ByteForgeFrontend\project\code\Tests\Integration\Security\SecurityIntegrationTests.cs(577,27): warning CS8618: Non-nullable property 'Email' must contain a non-null value when exiting constructor. Consider adding the 'required' modifier or declaring the property as nullable. [D:\Repository\@Founder-y\ByteForgeFrontend\project\code\Tests\ByteForgeFrontend.Tests.csproj]
D:\Repository\@Founder-y\ByteForgeFrontend\project\code\Tests\Integration\Security\SecurityIntegrationTests.cs(578,27): warning CS8618: Non-nullable property 'UserId' must contain a non-null value when exiting constructor. Consider adding the 'required' modifier or declaring the property as nullable. [D:\Repository\@Founder-y\ByteForgeFrontend\project\code\Tests\ByteForgeFrontend.Tests.csproj]
D:\Repository\@Founder-y\ByteForgeFrontend\project\code\Tests\Infrastructure\RequirementsGeneration\RequirementsOrchestrationServiceTests.cs(246,27): error CS0246: The type or namespace name 'Project' could not be found (are you missing a using directive or an assembly reference?) [D:\Repository\@Founder-y\ByteForgeFrontend\project\code\Tests\ByteForgeFrontend.Tests.csproj]
D:\Repository\@Founder-y\ByteForgeFrontend\project\code\Tests\Infrastructure\RequirementsGeneration\RequirementsOrchestrationServiceTests.cs(247,58): error CS1503: Argument 1: cannot convert from 'System.Guid' to 'string' [D:\Repository\@Founder-y\ByteForgeFrontend\project\code\Tests\ByteForgeFrontend.Tests.csproj]
D:\Repository\@Founder-y\ByteForgeFrontend\project\code\Tests\Infrastructure\RequirementsGeneration\BRDGeneratorTests.cs(233,43): error CS1061: 'IDocumentTemplateService' does not contain a definition for 'GetTemplateAsync' and no accessible extension method 'GetTemplateAsync' accepting a first argument of type 'IDocumentTemplateService' could be found (are you missing a using directive or an assembly reference?) [D:\Repository\@Founder-y\ByteForgeFrontend\project\code\Tests\ByteForgeFrontend.Tests.csproj]
D:\Repository\@Founder-y\ByteForgeFrontend\project\code\Tests\Infrastructure\RequirementsGeneration\BRDGeneratorTests.cs(245,45): error CS7036: There is no argument given that corresponds to the required parameter 'content' of 'IDocumentValidationService.ValidateDocumentAsync(string, string)' [D:\Repository\@Founder-y\ByteForgeFrontend\project\code\Tests\ByteForgeFrontend.Tests.csproj]
D:\Repository\@Founder-y\ByteForgeFrontend\project\code\Tests\Infrastructure\RequirementsGeneration\BRDGeneratorTests.cs(246,31): error CS0246: The type or namespace name 'DocumentValidationResponse' could not be found (are you missing a using directive or an assembly reference?) [D:\Repository\@Founder-y\ByteForgeFrontend\project\code\Tests\ByteForgeFrontend.Tests.csproj]
D:\Repository\@Founder-y\ByteForgeFrontend\project\code\Tests\Integration\Performance\LoadTestingSuite.cs(544,27): warning CS8618: Non-nullable property 'Email' must contain a non-null value when exiting constructor. Consider adding the 'required' modifier or declaring the property as nullable. [D:\Repository\@Founder-y\ByteForgeFrontend\project\code\Tests\ByteForgeFrontend.Tests.csproj]
D:\Repository\@Founder-y\ByteForgeFrontend\project\code\Tests\Integration\Performance\LoadTestingSuite.cs(545,27): warning CS8618: Non-nullable property 'Token' must contain a non-null value when exiting constructor. Consider adding the 'required' modifier or declaring the property as nullable. [D:\Repository\@Founder-y\ByteForgeFrontend\project\code\Tests\ByteForgeFrontend.Tests.csproj]
D:\Repository\@Founder-y\ByteForgeFrontend\project\code\Tests\Integration\Performance\LoadTestingSuite.cs(546,27): warning CS8618: Non-nullable property 'TenantId' must contain a non-null value when exiting constructor. Consider adding the 'required' modifier or declaring the property as nullable. [D:\Repository\@Founder-y\ByteForgeFrontend\project\code\Tests\ByteForgeFrontend.Tests.csproj]
D:\Repository\@Founder-y\ByteForgeFrontend\project\code\Tests\Integration\Performance\LoadTestingSuite.cs(547,27): warning CS8618: Non-nullable property 'LastProjectId' must contain a non-null value when exiting constructor. Consider adding the 'required' modifier or declaring the property as nullable. [D:\Repository\@Founder-y\ByteForgeFrontend\project\code\Tests\ByteForgeFrontend.Tests.csproj]
D:\Repository\@Founder-y\ByteForgeFrontend\project\code\Tests\Infrastructure\RequirementsGeneration\RequirementsOrchestrationServiceTests.cs(291,27): error CS0246: The type or namespace name 'Project' could not be found (are you missing a using directive or an assembly reference?) [D:\Repository\@Founder-y\ByteForgeFrontend\project\code\Tests\ByteForgeFrontend.Tests.csproj]
D:\Repository\@Founder-y\ByteForgeFrontend\project\code\Tests\Infrastructure\RequirementsGeneration\RequirementsOrchestrationServiceTests.cs(292,58): error CS1503: Argument 1: cannot convert from 'System.Guid' to 'string' [D:\Repository\@Founder-y\ByteForgeFrontend\project\code\Tests\ByteForgeFrontend.Tests.csproj]
D:\Repository\@Founder-y\ByteForgeFrontend\project\code\Tests\Infrastructure\RequirementsGeneration\RequirementsOrchestrationServiceTests.cs(305,17): error CS0019: Operator '==' cannot be applied to operands of type 'string' and 'Guid' [D:\Repository\@Founder-y\ByteForgeFrontend\project\code\Tests\ByteForgeFrontend.Tests.csproj]
D:\Repository\@Founder-y\ByteForgeFrontend\project\code\Tests\Infrastructure\RequirementsGeneration\RequirementsOrchestrationServiceTests.cs(312,17): error CS0019: Operator '==' cannot be applied to operands of type 'string' and 'Guid' [D:\Repository\@Founder-y\ByteForgeFrontend\project\code\Tests\ByteForgeFrontend.Tests.csproj]
D:\Repository\@Founder-y\ByteForgeFrontend\project\code\Tests\Infrastructure\RequirementsGeneration\RequirementsOrchestrationServiceTests.cs(319,17): error CS0019: Operator '==' cannot be applied to operands of type 'string' and 'Guid' [D:\Repository\@Founder-y\ByteForgeFrontend\project\code\Tests\ByteForgeFrontend.Tests.csproj]
D:\Repository\@Founder-y\ByteForgeFrontend\project\code\Tests\Infrastructure\RequirementsGeneration\RequirementsOrchestrationServiceTests.cs(326,17): error CS0019: Operator '==' cannot be applied to operands of type 'string' and 'Guid' [D:\Repository\@Founder-y\ByteForgeFrontend\project\code\Tests\ByteForgeFrontend.Tests.csproj]
D:\Repository\@Founder-y\ByteForgeFrontend\project\code\Tests\Infrastructure\RequirementsGeneration\RequirementsOrchestrationServiceTests.cs(358,27): error CS0246: The type or namespace name 'Project' could not be found (are you missing a using directive or an assembly reference?) [D:\Repository\@Founder-y\ByteForgeFrontend\project\code\Tests\ByteForgeFrontend.Tests.csproj]
D:\Repository\@Founder-y\ByteForgeFrontend\project\code\Tests\Infrastructure\RequirementsGeneration\RequirementsOrchestrationServiceTests.cs(359,58): error CS1503: Argument 1: cannot convert from 'System.Guid' to 'string' [D:\Repository\@Founder-y\ByteForgeFrontend\project\code\Tests\ByteForgeFrontend.Tests.csproj]
D:\Repository\@Founder-y\ByteForgeFrontend\project\code\Tests\Security\Authentication\ApiKeyManagementTests.cs(69,13): warning xUnit2009: Do not use Assert.True() to check for substrings. Use Assert.StartsWith instead. (https://xunit.net/xunit.analyzers/rules/xUnit2009) [D:\Repository\@Founder-y\ByteForgeFrontend\project\code\Tests\ByteForgeFrontend.Tests.csproj]
D:\Repository\@Founder-y\ByteForgeFrontend\project\code\Tests\Security\Authentication\ApiKeyManagementTests.cs(70,13): warning xUnit2009: Do not use Assert.True() to check for substrings. Use Assert.EndsWith instead. (https://xunit.net/xunit.analyzers/rules/xUnit2009) [D:\Repository\@Founder-y\ByteForgeFrontend\project\code\Tests\ByteForgeFrontend.Tests.csproj]
D:\Repository\@Founder-y\ByteForgeFrontend\project\code\Tests\Security\Authentication\ApiKeyManagementTests.cs(109,13): warning xUnit2009: Do not use Assert.True() to check for substrings. Use Assert.StartsWith instead. (https://xunit.net/xunit.analyzers/rules/xUnit2009) [D:\Repository\@Founder-y\ByteForgeFrontend\project\code\Tests\ByteForgeFrontend.Tests.csproj]
D:\Repository\@Founder-y\ByteForgeFrontend\project\code\Tests\Security\Authentication\ApiKeyManagementTests.cs(145,13): warning xUnit2009: Do not use Assert.True() to check for substrings. Use Assert.StartsWith instead. (https://xunit.net/xunit.analyzers/rules/xUnit2009) [D:\Repository\@Founder-y\ByteForgeFrontend\project\code\Tests\ByteForgeFrontend.Tests.csproj]
D:\Repository\@Founder-y\ByteForgeFrontend\project\code\Tests\Security\Audit\ComplianceTests.cs(249,13): warning xUnit2009: Do not use Assert.True() to check for substrings. Use Assert.StartsWith instead. (https://xunit.net/xunit.analyzers/rules/xUnit2009) [D:\Repository\@Founder-y\ByteForgeFrontend\project\code\Tests\ByteForgeFrontend.Tests.csproj]
D:\Repository\@Founder-y\ByteForgeFrontend\project\code\Tests\Security\Audit\ComplianceTests.cs(369,13): warning xUnit2002: Do not use Assert.NotNull() on value type 'double'. Remove this assert. (https://xunit.net/xunit.analyzers/rules/xUnit2002) [D:\Repository\@Founder-y\ByteForgeFrontend\project\code\Tests\ByteForgeFrontend.Tests.csproj]
D:\Repository\@Founder-y\ByteForgeFrontend\project\code\Tests\Security\Authentication\ApiKeyManagementTests.cs(371,13): warning xUnit2002: Do not use Assert.NotNull() on value type 'DateTime'. Remove this assert. (https://xunit.net/xunit.analyzers/rules/xUnit2002) [D:\Repository\@Founder-y\ByteForgeFrontend\project\code\Tests\ByteForgeFrontend.Tests.csproj]

Build FAILED.

D:\Repository\@Founder-y\ByteForgeFrontend\project\code\Tests\Integration\Performance\LoadTestingSuite.cs(554,102): warning CS8625: Cannot convert null literal to non-nullable reference type. [D:\Repository\@Founder-y\ByteForgeFrontend\project\code\Tests\ByteForgeFrontend.Tests.csproj]
D:\Repository\@Founder-y\ByteForgeFrontend\project\code\Tests\Integration\Security\SecurityIntegrationTests.cs(40,16): warning CS8618: Non-nullable field '_client' must contain a non-null value when exiting constructor. Consider adding the 'required' modifier or declaring the field as nullable. [D:\Repository\@Founder-y\ByteForgeFrontend\project\code\Tests\ByteForgeFrontend.Tests.csproj]
D:\Repository\@Founder-y\ByteForgeFrontend\project\code\Tests\Integration\Security\SecurityIntegrationTests.cs(40,16): warning CS8618: Non-nullable field '_scope' must contain a non-null value when exiting constructor. Consider adding the 'required' modifier or declaring the field as nullable. [D:\Repository\@Founder-y\ByteForgeFrontend\project\code\Tests\ByteForgeFrontend.Tests.csproj]
D:\Repository\@Founder-y\ByteForgeFrontend\project\code\Tests\Integration\Security\SecurityIntegrationTests.cs(40,16): warning CS8618: Non-nullable field '_apiKeyService' must contain a non-null value when exiting constructor. Consider adding the 'required' modifier or declaring the field as nullable. [D:\Repository\@Founder-y\ByteForgeFrontend\project\code\Tests\ByteForgeFrontend.Tests.csproj]
D:\Repository\@Founder-y\ByteForgeFrontend\project\code\Tests\Integration\Security\SecurityIntegrationTests.cs(40,16): warning CS8618: Non-nullable field '_auditService' must contain a non-null value when exiting constructor. Consider adding the 'required' modifier or declaring the field as nullable. [D:\Repository\@Founder-y\ByteForgeFrontend\project\code\Tests\ByteForgeFrontend.Tests.csproj]
D:\Repository\@Founder-y\ByteForgeFrontend\project\code\Tests\Integration\Security\SecurityIntegrationTests.cs(40,16): warning CS8618: Non-nullable field '_complianceService' must contain a non-null value when exiting constructor. Consider adding the 'required' modifier or declaring the field as nullable. [D:\Repository\@Founder-y\ByteForgeFrontend\project\code\Tests\ByteForgeFrontend.Tests.csproj]
D:\Repository\@Founder-y\ByteForgeFrontend\project\code\Tests\Integration\Security\SecurityIntegrationTests.cs(40,16): warning CS8618: Non-nullable field '_userManager' must contain a non-null value when exiting constructor. Consider adding the 'required' modifier or declaring the field as nullable. [D:\Repository\@Founder-y\ByteForgeFrontend\project\code\Tests\ByteForgeFrontend.Tests.csproj]
D:\Repository\@Founder-y\ByteForgeFrontend\project\code\Tests\Integration\E2E\FullWorkflowIntegrationTests.cs(45,16): warning CS8618: Non-nullable field '_scope' must contain a non-null value when exiting constructor. Consider adding the 'required' modifier or declaring the field as nullable. [D:\Repository\@Founder-y\ByteForgeFrontend\project\code\Tests\ByteForgeFrontend.Tests.csproj]
D:\Repository\@Founder-y\ByteForgeFrontend\project\code\Tests\Integration\E2E\FullWorkflowIntegrationTests.cs(45,16): warning CS8618: Non-nullable field '_context' must contain a non-null value when exiting constructor. Consider adding the 'required' modifier or declaring the field as nullable. [D:\Repository\@Founder-y\ByteForgeFrontend\project\code\Tests\ByteForgeFrontend.Tests.csproj]
D:\Repository\@Founder-y\ByteForgeFrontend\project\code\Tests\Integration\E2E\FullWorkflowIntegrationTests.cs(45,16): warning CS8618: Non-nullable field '_projectService' must contain a non-null value when exiting constructor. Consider adding the 'required' modifier or declaring the field as nullable. [D:\Repository\@Founder-y\ByteForgeFrontend\project\code\Tests\ByteForgeFrontend.Tests.csproj]
D:\Repository\@Founder-y\ByteForgeFrontend\project\code\Tests\Integration\E2E\FullWorkflowIntegrationTests.cs(45,16): warning CS8618: Non-nullable field '_requirementsService' must contain a non-null value when exiting constructor. Consider adding the 'required' modifier or declaring the field as nullable. [D:\Repository\@Founder-y\ByteForgeFrontend\project\code\Tests\ByteForgeFrontend.Tests.csproj]
D:\Repository\@Founder-y\ByteForgeFrontend\project\code\Tests\Integration\E2E\FullWorkflowIntegrationTests.cs(45,16): warning CS8618: Non-nullable field '_templateService' must contain a non-null value when exiting constructor. Consider adding the 'required' modifier or declaring the field as nullable. [D:\Repository\@Founder-y\ByteForgeFrontend\project\code\Tests\ByteForgeFrontend.Tests.csproj]
D:\Repository\@Founder-y\ByteForgeFrontend\project\code\Tests\Integration\E2E\FullWorkflowIntegrationTests.cs(45,16): warning CS8618: Non-nullable field '_agentRegistry' must contain a non-null value when exiting constructor. Consider adding the 'required' modifier or declaring the field as nullable. [D:\Repository\@Founder-y\ByteForgeFrontend\project\code\Tests\ByteForgeFrontend.Tests.csproj]
D:\Repository\@Founder-y\ByteForgeFrontend\project\code\Tests\Integration\E2E\FullWorkflowIntegrationTests.cs(45,16): warning CS8618: Non-nullable field '_monitoringService' must contain a non-null value when exiting constructor. Consider adding the 'required' modifier or declaring the field as nullable. [D:\Repository\@Founder-y\ByteForgeFrontend\project\code\Tests\ByteForgeFrontend.Tests.csproj]
D:\Repository\@Founder-y\ByteForgeFrontend\project\code\Tests\Integration\E2E\FullWorkflowIntegrationTests.cs(45,16): warning CS8618: Non-nullable field '_auditService' must contain a non-null value when exiting constructor. Consider adding the 'required' modifier or declaring the field as nullable. [D:\Repository\@Founder-y\ByteForgeFrontend\project\code\Tests\ByteForgeFrontend.Tests.csproj]
D:\Repository\@Founder-y\ByteForgeFrontend\project\code\Tests\Integration\E2E\FullWorkflowIntegrationTests.cs(45,16): warning CS8618: Non-nullable field '_authService' must contain a non-null value when exiting constructor. Consider adding the 'required' modifier or declaring the field as nullable. [D:\Repository\@Founder-y\ByteForgeFrontend\project\code\Tests\ByteForgeFrontend.Tests.csproj]
D:\Repository\@Founder-y\ByteForgeFrontend\project\code\Tests\Integration\Performance\PerformanceBenchmarkTests.cs(36,16): warning CS8618: Non-nullable field '_scope' must contain a non-null value when exiting constructor. Consider adding the 'required' modifier or declaring the field as nullable. [D:\Repository\@Founder-y\ByteForgeFrontend\project\code\Tests\ByteForgeFrontend.Tests.csproj]
D:\Repository\@Founder-y\ByteForgeFrontend\project\code\Tests\Integration\Performance\PerformanceBenchmarkTests.cs(36,16): warning CS8618: Non-nullable field '_context' must contain a non-null value when exiting constructor. Consider adding the 'required' modifier or declaring the field as nullable. [D:\Repository\@Founder-y\ByteForgeFrontend\project\code\Tests\ByteForgeFrontend.Tests.csproj]
D:\Repository\@Founder-y\ByteForgeFrontend\project\code\Tests\Integration\Performance\PerformanceBenchmarkTests.cs(36,16): warning CS8618: Non-nullable field '_projectService' must contain a non-null value when exiting constructor. Consider adding the 'required' modifier or declaring the field as nullable. [D:\Repository\@Founder-y\ByteForgeFrontend\project\code\Tests\ByteForgeFrontend.Tests.csproj]
D:\Repository\@Founder-y\ByteForgeFrontend\project\code\Tests\Integration\Performance\PerformanceBenchmarkTests.cs(36,16): warning CS8618: Non-nullable field '_requirementsService' must contain a non-null value when exiting constructor. Consider adding the 'required' modifier or declaring the field as nullable. [D:\Repository\@Founder-y\ByteForgeFrontend\project\code\Tests\ByteForgeFrontend.Tests.csproj]
D:\Repository\@Founder-y\ByteForgeFrontend\project\code\Tests\Integration\Performance\PerformanceBenchmarkTests.cs(36,16): warning CS8618: Non-nullable field '_monitoringService' must contain a non-null value when exiting constructor. Consider adding the 'required' modifier or declaring the field as nullable. [D:\Repository\@Founder-y\ByteForgeFrontend\project\code\Tests\ByteForgeFrontend.Tests.csproj]
D:\Repository\@Founder-y\ByteForgeFrontend\project\code\Tests\Integration\Performance\PerformanceBenchmarkTests.cs(36,16): warning CS8618: Non-nullable field '_llmService' must contain a non-null value when exiting constructor. Consider adding the 'required' modifier or declaring the field as nullable. [D:\Repository\@Founder-y\ByteForgeFrontend\project\code\Tests\ByteForgeFrontend.Tests.csproj]
D:\Repository\@Founder-y\ByteForgeFrontend\project\code\Tests\Security\Authentication\MultiTenantAuthenticationTests.cs(26,39): warning CS8625: Cannot convert null literal to non-nullable reference type. [D:\Repository\@Founder-y\ByteForgeFrontend\project\code\Tests\ByteForgeFrontend.Tests.csproj]
D:\Repository\@Founder-y\ByteForgeFrontend\project\code\Tests\Security\Authentication\MultiTenantAuthenticationTests.cs(26,45): warning CS8625: Cannot convert null literal to non-nullable reference type. [D:\Repository\@Founder-y\ByteForgeFrontend\project\code\Tests\ByteForgeFrontend.Tests.csproj]
D:\Repository\@Founder-y\ByteForgeFrontend\project\code\Tests\Security\Authentication\MultiTenantAuthenticationTests.cs(26,51): warning CS8625: Cannot convert null literal to non-nullable reference type. [D:\Repository\@Founder-y\ByteForgeFrontend\project\code\Tests\ByteForgeFrontend.Tests.csproj]
D:\Repository\@Founder-y\ByteForgeFrontend\project\code\Tests\Security\Authentication\MultiTenantAuthenticationTests.cs(26,57): warning CS8625: Cannot convert null literal to non-nullable reference type. [D:\Repository\@Founder-y\ByteForgeFrontend\project\code\Tests\ByteForgeFrontend.Tests.csproj]
D:\Repository\@Founder-y\ByteForgeFrontend\project\code\Tests\Security\Authentication\MultiTenantAuthenticationTests.cs(26,63): warning CS8625: Cannot convert null literal to non-nullable reference type. [D:\Repository\@Founder-y\ByteForgeFrontend\project\code\Tests\ByteForgeFrontend.Tests.csproj]
D:\Repository\@Founder-y\ByteForgeFrontend\project\code\Tests\Security\Authentication\MultiTenantAuthenticationTests.cs(26,69): warning CS8625: Cannot convert null literal to non-nullable reference type. [D:\Repository\@Founder-y\ByteForgeFrontend\project\code\Tests\ByteForgeFrontend.Tests.csproj]
D:\Repository\@Founder-y\ByteForgeFrontend\project\code\Tests\Security\Authentication\MultiTenantAuthenticationTests.cs(26,75): warning CS8625: Cannot convert null literal to non-nullable reference type. [D:\Repository\@Founder-y\ByteForgeFrontend\project\code\Tests\ByteForgeFrontend.Tests.csproj]
D:\Repository\@Founder-y\ByteForgeFrontend\project\code\Tests\Security\Authentication\MultiTenantAuthenticationTests.cs(26,81): warning CS8625: Cannot convert null literal to non-nullable reference type. [D:\Repository\@Founder-y\ByteForgeFrontend\project\code\Tests\ByteForgeFrontend.Tests.csproj]
D:\Repository\@Founder-y\ByteForgeFrontend\project\code\Tests\Integration\Security\SecurityIntegrationTests.cs(46,27): warning CS1998: This async method lacks 'await' operators and will run synchronously. Consider using the 'await' operator to await non-blocking API calls, or 'await Task.Run(...)' to do CPU-bound work on a background thread. [D:\Repository\@Founder-y\ByteForgeFrontend\project\code\Tests\ByteForgeFrontend.Tests.csproj]
D:\Repository\@Founder-y\ByteForgeFrontend\project\code\Tests\Integration\Performance\PerformanceBenchmarkTests.cs(78,27): warning CS1998: This async method lacks 'await' operators and will run synchronously. Consider using the 'await' operator to await non-blocking API calls, or 'await Task.Run(...)' to do CPU-bound work on a background thread. [D:\Repository\@Founder-y\ByteForgeFrontend\project\code\Tests\ByteForgeFrontend.Tests.csproj]
D:\Repository\@Founder-y\ByteForgeFrontend\project\code\Tests\Integration\Security\SecurityIntegrationTests.cs(74,27): warning CS1998: This async method lacks 'await' operators and will run synchronously. Consider using the 'await' operator to await non-blocking API calls, or 'await Task.Run(...)' to do CPU-bound work on a background thread. [D:\Repository\@Founder-y\ByteForgeFrontend\project\code\Tests\ByteForgeFrontend.Tests.csproj]
D:\Repository\@Founder-y\ByteForgeFrontend\project\code\Tests\Integration\E2E\FullWorkflowIntegrationTests.cs(90,27): warning CS1998: This async method lacks 'await' operators and will run synchronously. Consider using the 'await' operator to await non-blocking API calls, or 'await Task.Run(...)' to do CPU-bound work on a background thread. [D:\Repository\@Founder-y\ByteForgeFrontend\project\code\Tests\ByteForgeFrontend.Tests.csproj]
D:\Repository\@Founder-y\ByteForgeFrontend\project\code\Tests\Infrastructure\LLM\LLMProviderFactoryTests.cs(121,49): warning CS8625: Cannot convert null literal to non-nullable reference type. [D:\Repository\@Founder-y\ByteForgeFrontend\project\code\Tests\ByteForgeFrontend.Tests.csproj]
D:\Repository\@Founder-y\ByteForgeFrontend\project\code\Tests\Integration\Security\SecurityIntegrationTests.cs(106,25): warning CS8602: Dereference of a possibly null reference. [D:\Repository\@Founder-y\ByteForgeFrontend\project\code\Tests\ByteForgeFrontend.Tests.csproj]
D:\Repository\@Founder-y\ByteForgeFrontend\project\code\Tests\Integration\Security\SecurityIntegrationTests.cs(107,28): warning CS8602: Dereference of a possibly null reference. [D:\Repository\@Founder-y\ByteForgeFrontend\project\code\Tests\ByteForgeFrontend.Tests.csproj]
D:\Repository\@Founder-y\ByteForgeFrontend\project\code\Tests\Integration\Security\SecurityIntegrationTests.cs(124,25): warning CS8602: Dereference of a possibly null reference. [D:\Repository\@Founder-y\ByteForgeFrontend\project\code\Tests\ByteForgeFrontend.Tests.csproj]
D:\Repository\@Founder-y\ByteForgeFrontend\project\code\Tests\Integration\Security\SecurityIntegrationTests.cs(125,28): warning CS8602: Dereference of a possibly null reference. [D:\Repository\@Founder-y\ByteForgeFrontend\project\code\Tests\ByteForgeFrontend.Tests.csproj]
D:\Repository\@Founder-y\ByteForgeFrontend\project\code\Tests\Security\Authentication\ApiKeyManagementTests.cs(101,17): warning CS8625: Cannot convert null literal to non-nullable reference type. [D:\Repository\@Founder-y\ByteForgeFrontend\project\code\Tests\ByteForgeFrontend.Tests.csproj]
D:\Repository\@Founder-y\ByteForgeFrontend\project\code\Tests\Security\Authentication\ApiKeyManagementTests.cs(137,17): warning CS8625: Cannot convert null literal to non-nullable reference type. [D:\Repository\@Founder-y\ByteForgeFrontend\project\code\Tests\ByteForgeFrontend.Tests.csproj]
D:\Repository\@Founder-y\ByteForgeFrontend\project\code\Tests\Security\Audit\ComplianceTests.cs(201,46): warning CS8602: Dereference of a possibly null reference. [D:\Repository\@Founder-y\ByteForgeFrontend\project\code\Tests\ByteForgeFrontend.Tests.csproj]
D:\Repository\@Founder-y\ByteForgeFrontend\project\code\Tests\Security\Audit\ComplianceTests.cs(205,27): warning CS8604: Possible null reference argument for parameter 'collection' in 'object Assert.Single<object>(IEnumerable<object> collection)'. [D:\Repository\@Founder-y\ByteForgeFrontend\project\code\Tests\ByteForgeFrontend.Tests.csproj]
D:\Repository\@Founder-y\ByteForgeFrontend\project\code\Tests\Security\Audit\ComplianceTests.cs(248,49): warning CS8602: Dereference of a possibly null reference. [D:\Repository\@Founder-y\ByteForgeFrontend\project\code\Tests\ByteForgeFrontend.Tests.csproj]
D:\Repository\@Founder-y\ByteForgeFrontend\project\code\Tests\Security\Audit\ComplianceTests.cs(249,25): warning CS8602: Dereference of a possibly null reference. [D:\Repository\@Founder-y\ByteForgeFrontend\project\code\Tests\ByteForgeFrontend.Tests.csproj]
D:\Repository\@Founder-y\ByteForgeFrontend\project\code\Tests\Security\Audit\ComplianceTests.cs(255,54): warning CS8602: Dereference of a possibly null reference. [D:\Repository\@Founder-y\ByteForgeFrontend\project\code\Tests\ByteForgeFrontend.Tests.csproj]
D:\Repository\@Founder-y\ByteForgeFrontend\project\code\Tests\Security\Authentication\ApiKeyManagementTests.cs(267,17): warning CS8625: Cannot convert null literal to non-nullable reference type. [D:\Repository\@Founder-y\ByteForgeFrontend\project\code\Tests\ByteForgeFrontend.Tests.csproj]
D:\Repository\@Founder-y\ByteForgeFrontend\project\code\Tests\Security\Authentication\ApiKeyManagementTests.cs(282,25): warning CS8602: Dereference of a possibly null reference. [D:\Repository\@Founder-y\ByteForgeFrontend\project\code\Tests\ByteForgeFrontend.Tests.csproj]
D:\Repository\@Founder-y\ByteForgeFrontend\project\code\Tests\Security\Authentication\ApiKeyManagementTests.cs(299,17): warning CS8625: Cannot convert null literal to non-nullable reference type. [D:\Repository\@Founder-y\ByteForgeFrontend\project\code\Tests\ByteForgeFrontend.Tests.csproj]
D:\Repository\@Founder-y\ByteForgeFrontend\project\code\Tests\Security\Authentication\ApiKeyManagementTests.cs(325,17): warning CS8625: Cannot convert null literal to non-nullable reference type. [D:\Repository\@Founder-y\ByteForgeFrontend\project\code\Tests\ByteForgeFrontend.Tests.csproj]
D:\Repository\@Founder-y\ByteForgeFrontend\project\code\Tests\Integration\Security\SecurityIntegrationTests.cs(292,25): warning CS8602: Dereference of a possibly null reference. [D:\Repository\@Founder-y\ByteForgeFrontend\project\code\Tests\ByteForgeFrontend.Tests.csproj]
D:\Repository\@Founder-y\ByteForgeFrontend\project\code\Tests\Integration\Security\SecurityIntegrationTests.cs(293,30): warning CS8602: Dereference of a possibly null reference. [D:\Repository\@Founder-y\ByteForgeFrontend\project\code\Tests\ByteForgeFrontend.Tests.csproj]
D:\Repository\@Founder-y\ByteForgeFrontend\project\code\Tests\Integration\Security\SecurityIntegrationTests.cs(334,27): warning CS8602: Dereference of a possibly null reference. [D:\Repository\@Founder-y\ByteForgeFrontend\project\code\Tests\ByteForgeFrontend.Tests.csproj]
D:\Repository\@Founder-y\ByteForgeFrontend\project\code\Tests\Integration\Security\SecurityIntegrationTests.cs(334,27): warning CS8604: Possible null reference argument for parameter 'collection' in 'dynamic Assert.Single<dynamic>(IEnumerable<dynamic> collection)'. [D:\Repository\@Founder-y\ByteForgeFrontend\project\code\Tests\ByteForgeFrontend.Tests.csproj]
D:\Repository\@Founder-y\ByteForgeFrontend\project\code\Tests\Integration\Security\SecurityIntegrationTests.cs(344,27): warning CS8602: Dereference of a possibly null reference. [D:\Repository\@Founder-y\ByteForgeFrontend\project\code\Tests\ByteForgeFrontend.Tests.csproj]
D:\Repository\@Founder-y\ByteForgeFrontend\project\code\Tests\Integration\Security\SecurityIntegrationTests.cs(344,27): warning CS8604: Possible null reference argument for parameter 'collection' in 'dynamic Assert.Single<dynamic>(IEnumerable<dynamic> collection)'. [D:\Repository\@Founder-y\ByteForgeFrontend\project\code\Tests\ByteForgeFrontend.Tests.csproj]
D:\Repository\@Founder-y\ByteForgeFrontend\project\code\Tests\Security\Audit\AuditLoggingTests.cs(249,87): warning CS8625: Cannot convert null literal to non-nullable reference type. [D:\Repository\@Founder-y\ByteForgeFrontend\project\code\Tests\ByteForgeFrontend.Tests.csproj]
D:\Repository\@Founder-y\ByteForgeFrontend\project\code\Tests\Security\Audit\AuditLoggingTests.cs(286,87): warning CS8625: Cannot convert null literal to non-nullable reference type. [D:\Repository\@Founder-y\ByteForgeFrontend\project\code\Tests\ByteForgeFrontend.Tests.csproj]
D:\Repository\@Founder-y\ByteForgeFrontend\project\code\Tests\Integration\Performance\LoadTestingSuite.cs(281,29): warning CS8602: Dereference of a possibly null reference. [D:\Repository\@Founder-y\ByteForgeFrontend\project\code\Tests\ByteForgeFrontend.Tests.csproj]
D:\Repository\@Founder-y\ByteForgeFrontend\project\code\Tests\Integration\Performance\LoadTestingSuite.cs(297,25): warning CS8602: Dereference of a possibly null reference. [D:\Repository\@Founder-y\ByteForgeFrontend\project\code\Tests\ByteForgeFrontend.Tests.csproj]
D:\Repository\@Founder-y\ByteForgeFrontend\project\code\Tests\Security\Authentication\MultiTenantAuthenticationTests.cs(194,27): warning CS1998: This async method lacks 'await' operators and will run synchronously. Consider using the 'await' operator to await non-blocking API calls, or 'await Task.Run(...)' to do CPU-bound work on a background thread. [D:\Repository\@Founder-y\ByteForgeFrontend\project\code\Tests\ByteForgeFrontend.Tests.csproj]
D:\Repository\@Founder-y\ByteForgeFrontend\project\code\Tests\Integration\Performance\LoadTestingSuite.cs(328,32): warning CS8600: Converting null literal or possible null value to non-nullable type. [D:\Repository\@Founder-y\ByteForgeFrontend\project\code\Tests\ByteForgeFrontend.Tests.csproj]
D:\Repository\@Founder-y\ByteForgeFrontend\project\code\Tests\Integration\Performance\LoadTestingSuite.cs(360,80): warning CS8604: Possible null reference argument for parameter 'error' in 'void LoadTestMetrics.RecordRequest(string action, long responseTime, bool success, string error = null)'. [D:\Repository\@Founder-y\ByteForgeFrontend\project\code\Tests\ByteForgeFrontend.Tests.csproj]
D:\Repository\@Founder-y\ByteForgeFrontend\project\code\Tests\Security\Audit\AuditLoggingTests.cs(316,55): warning CS8625: Cannot convert null literal to non-nullable reference type. [D:\Repository\@Founder-y\ByteForgeFrontend\project\code\Tests\ByteForgeFrontend.Tests.csproj]
D:\Repository\@Founder-y\ByteForgeFrontend\project\code\Tests\Integration\Security\SecurityIntegrationTests.cs(440,60): warning CS8602: Dereference of a possibly null reference. [D:\Repository\@Founder-y\ByteForgeFrontend\project\code\Tests\ByteForgeFrontend.Tests.csproj]
D:\Repository\@Founder-y\ByteForgeFrontend\project\code\Tests\Integration\Performance\LoadTestingSuite.cs(379,32): warning CS8600: Converting null literal or possible null value to non-nullable type. [D:\Repository\@Founder-y\ByteForgeFrontend\project\code\Tests\ByteForgeFrontend.Tests.csproj]
D:\Repository\@Founder-y\ByteForgeFrontend\project\code\Tests\Integration\Performance\LoadTestingSuite.cs(396,85): warning CS8604: Possible null reference argument for parameter 'error' in 'void LoadTestMetrics.RecordRequest(string action, long responseTime, bool success, string error = null)'. [D:\Repository\@Founder-y\ByteForgeFrontend\project\code\Tests\ByteForgeFrontend.Tests.csproj]
D:\Repository\@Founder-y\ByteForgeFrontend\project\code\Tests\Infrastructure\DocumentGeneration\DocumentGenerationServiceTests.cs(172,46): warning CS8602: Dereference of a possibly null reference. [D:\Repository\@Founder-y\ByteForgeFrontend\project\code\Tests\ByteForgeFrontend.Tests.csproj]
D:\Repository\@Founder-y\ByteForgeFrontend\project\code\Tests\Infrastructure\DocumentGeneration\DocumentGenerationServiceTests.cs(188,46): warning CS8602: Dereference of a possibly null reference. [D:\Repository\@Founder-y\ByteForgeFrontend\project\code\Tests\ByteForgeFrontend.Tests.csproj]
D:\Repository\@Founder-y\ByteForgeFrontend\project\code\Tests\Integration\Performance\LoadTestingSuite.cs(444,38): warning CS8602: Dereference of a possibly null reference. [D:\Repository\@Founder-y\ByteForgeFrontend\project\code\Tests\ByteForgeFrontend.Tests.csproj]
D:\Repository\@Founder-y\ByteForgeFrontend\project\code\Tests\Infrastructure\RequirementsGeneration\BRDGeneratorTests.cs(214,39): warning CS8602: Dereference of a possibly null reference. [D:\Repository\@Founder-y\ByteForgeFrontend\project\code\Tests\ByteForgeFrontend.Tests.csproj]
D:\Repository\@Founder-y\ByteForgeFrontend\project\code\Tests\Integration\Performance\PerformanceBenchmarkTests.cs(538,27): warning CS8618: Non-nullable property 'Operation' must contain a non-null value when exiting constructor. Consider adding the 'required' modifier or declaring the property as nullable. [D:\Repository\@Founder-y\ByteForgeFrontend\project\code\Tests\ByteForgeFrontend.Tests.csproj]
D:\Repository\@Founder-y\ByteForgeFrontend\project\code\Tests\Security\Audit\AuditLoggingTests.cs(366,106): warning CS8625: Cannot convert null literal to non-nullable reference type. [D:\Repository\@Founder-y\ByteForgeFrontend\project\code\Tests\ByteForgeFrontend.Tests.csproj]
D:\Repository\@Founder-y\ByteForgeFrontend\project\code\Tests\Integration\Performance\LoadTestingSuite.cs(675,27): warning CS8618: Non-nullable property 'Error' must contain a non-null value when exiting constructor. Consider adding the 'required' modifier or declaring the property as nullable. [D:\Repository\@Founder-y\ByteForgeFrontend\project\code\Tests\ByteForgeFrontend.Tests.csproj]
D:\Repository\@Founder-y\ByteForgeFrontend\project\code\Tests\Integration\Performance\LoadTestingSuite.cs(667,27): warning CS8618: Non-nullable property 'Action' must contain a non-null value when exiting constructor. Consider adding the 'required' modifier or declaring the property as nullable. [D:\Repository\@Founder-y\ByteForgeFrontend\project\code\Tests\ByteForgeFrontend.Tests.csproj]
D:\Repository\@Founder-y\ByteForgeFrontend\project\code\Tests\Integration\Performance\LoadTestingSuite.cs(643,27): warning CS8618: Non-nullable property 'Action' must contain a non-null value when exiting constructor. Consider adding the 'required' modifier or declaring the property as nullable. [D:\Repository\@Founder-y\ByteForgeFrontend\project\code\Tests\ByteForgeFrontend.Tests.csproj]
D:\Repository\@Founder-y\ByteForgeFrontend\project\code\Tests\Integration\Performance\LoadTestingSuite.cs(646,27): warning CS8618: Non-nullable property 'Error' must contain a non-null value when exiting constructor. Consider adding the 'required' modifier or declaring the property as nullable. [D:\Repository\@Founder-y\ByteForgeFrontend\project\code\Tests\ByteForgeFrontend.Tests.csproj]
D:\Repository\@Founder-y\ByteForgeFrontend\project\code\Tests\Security\Audit\AuditLoggingTests.cs(403,104): warning CS8625: Cannot convert null literal to non-nullable reference type. [D:\Repository\@Founder-y\ByteForgeFrontend\project\code\Tests\ByteForgeFrontend.Tests.csproj]
D:\Repository\@Founder-y\ByteForgeFrontend\project\code\Tests\Security\Audit\AuditLoggingTests.cs(411,105): warning CS8625: Cannot convert null literal to non-nullable reference type. [D:\Repository\@Founder-y\ByteForgeFrontend\project\code\Tests\ByteForgeFrontend.Tests.csproj]
D:\Repository\@Founder-y\ByteForgeFrontend\project\code\Tests\Integration\Security\SecurityIntegrationTests.cs(571,20): warning CS8602: Dereference of a possibly null reference. [D:\Repository\@Founder-y\ByteForgeFrontend\project\code\Tests\ByteForgeFrontend.Tests.csproj]
D:\Repository\@Founder-y\ByteForgeFrontend\project\code\Tests\Integration\Security\SecurityIntegrationTests.cs(571,20): warning CS8602: Dereference of a possibly null reference. [D:\Repository\@Founder-y\ByteForgeFrontend\project\code\Tests\ByteForgeFrontend.Tests.csproj]
D:\Repository\@Founder-y\ByteForgeFrontend\project\code\Tests\Integration\Security\SecurityIntegrationTests.cs(576,27): warning CS8618: Non-nullable property 'Token' must contain a non-null value when exiting constructor. Consider adding the 'required' modifier or declaring the property as nullable. [D:\Repository\@Founder-y\ByteForgeFrontend\project\code\Tests\ByteForgeFrontend.Tests.csproj]
D:\Repository\@Founder-y\ByteForgeFrontend\project\code\Tests\Integration\Security\SecurityIntegrationTests.cs(577,27): warning CS8618: Non-nullable property 'Email' must contain a non-null value when exiting constructor. Consider adding the 'required' modifier or declaring the property as nullable. [D:\Repository\@Founder-y\ByteForgeFrontend\project\code\Tests\ByteForgeFrontend.Tests.csproj]
D:\Repository\@Founder-y\ByteForgeFrontend\project\code\Tests\Integration\Security\SecurityIntegrationTests.cs(578,27): warning CS8618: Non-nullable property 'UserId' must contain a non-null value when exiting constructor. Consider adding the 'required' modifier or declaring the property as nullable. [D:\Repository\@Founder-y\ByteForgeFrontend\project\code\Tests\ByteForgeFrontend.Tests.csproj]
D:\Repository\@Founder-y\ByteForgeFrontend\project\code\Tests\Integration\Performance\LoadTestingSuite.cs(544,27): warning CS8618: Non-nullable property 'Email' must contain a non-null value when exiting constructor. Consider adding the 'required' modifier or declaring the property as nullable. [D:\Repository\@Founder-y\ByteForgeFrontend\project\code\Tests\ByteForgeFrontend.Tests.csproj]
D:\Repository\@Founder-y\ByteForgeFrontend\project\code\Tests\Integration\Performance\LoadTestingSuite.cs(545,27): warning CS8618: Non-nullable property 'Token' must contain a non-null value when exiting constructor. Consider adding the 'required' modifier or declaring the property as nullable. [D:\Repository\@Founder-y\ByteForgeFrontend\project\code\Tests\ByteForgeFrontend.Tests.csproj]
D:\Repository\@Founder-y\ByteForgeFrontend\project\code\Tests\Integration\Performance\LoadTestingSuite.cs(546,27): warning CS8618: Non-nullable property 'TenantId' must contain a non-null value when exiting constructor. Consider adding the 'required' modifier or declaring the property as nullable. [D:\Repository\@Founder-y\ByteForgeFrontend\project\code\Tests\ByteForgeFrontend.Tests.csproj]
D:\Repository\@Founder-y\ByteForgeFrontend\project\code\Tests\Integration\Performance\LoadTestingSuite.cs(547,27): warning CS8618: Non-nullable property 'LastProjectId' must contain a non-null value when exiting constructor. Consider adding the 'required' modifier or declaring the property as nullable. [D:\Repository\@Founder-y\ByteForgeFrontend\project\code\Tests\ByteForgeFrontend.Tests.csproj]
D:\Repository\@Founder-y\ByteForgeFrontend\project\code\Tests\Security\Authentication\ApiKeyManagementTests.cs(69,13): warning xUnit2009: Do not use Assert.True() to check for substrings. Use Assert.StartsWith instead. (https://xunit.net/xunit.analyzers/rules/xUnit2009) [D:\Repository\@Founder-y\ByteForgeFrontend\project\code\Tests\ByteForgeFrontend.Tests.csproj]
D:\Repository\@Founder-y\ByteForgeFrontend\project\code\Tests\Security\Authentication\ApiKeyManagementTests.cs(70,13): warning xUnit2009: Do not use Assert.True() to check for substrings. Use Assert.EndsWith instead. (https://xunit.net/xunit.analyzers/rules/xUnit2009) [D:\Repository\@Founder-y\ByteForgeFrontend\project\code\Tests\ByteForgeFrontend.Tests.csproj]
D:\Repository\@Founder-y\ByteForgeFrontend\project\code\Tests\Security\Authentication\ApiKeyManagementTests.cs(109,13): warning xUnit2009: Do not use Assert.True() to check for substrings. Use Assert.StartsWith instead. (https://xunit.net/xunit.analyzers/rules/xUnit2009) [D:\Repository\@Founder-y\ByteForgeFrontend\project\code\Tests\ByteForgeFrontend.Tests.csproj]
D:\Repository\@Founder-y\ByteForgeFrontend\project\code\Tests\Security\Authentication\ApiKeyManagementTests.cs(145,13): warning xUnit2009: Do not use Assert.True() to check for substrings. Use Assert.StartsWith instead. (https://xunit.net/xunit.analyzers/rules/xUnit2009) [D:\Repository\@Founder-y\ByteForgeFrontend\project\code\Tests\ByteForgeFrontend.Tests.csproj]
D:\Repository\@Founder-y\ByteForgeFrontend\project\code\Tests\Security\Audit\ComplianceTests.cs(249,13): warning xUnit2009: Do not use Assert.True() to check for substrings. Use Assert.StartsWith instead. (https://xunit.net/xunit.analyzers/rules/xUnit2009) [D:\Repository\@Founder-y\ByteForgeFrontend\project\code\Tests\ByteForgeFrontend.Tests.csproj]
D:\Repository\@Founder-y\ByteForgeFrontend\project\code\Tests\Security\Audit\ComplianceTests.cs(369,13): warning xUnit2002: Do not use Assert.NotNull() on value type 'double'. Remove this assert. (https://xunit.net/xunit.analyzers/rules/xUnit2002) [D:\Repository\@Founder-y\ByteForgeFrontend\project\code\Tests\ByteForgeFrontend.Tests.csproj]
D:\Repository\@Founder-y\ByteForgeFrontend\project\code\Tests\Security\Authentication\ApiKeyManagementTests.cs(371,13): warning xUnit2002: Do not use Assert.NotNull() on value type 'DateTime'. Remove this assert. (https://xunit.net/xunit.analyzers/rules/xUnit2002) [D:\Repository\@Founder-y\ByteForgeFrontend\project\code\Tests\ByteForgeFrontend.Tests.csproj]
D:\Repository\@Founder-y\ByteForgeFrontend\project\code\Tests\Infrastructure\LLM\LLMProviderFactoryTests.cs(21,24): error CS7036: There is no argument given that corresponds to the required parameter 'httpClientFactory' of 'LLMProviderFactory.LLMProviderFactory(ILLMConfigurationService, ILoggerFactory, IHttpClientFactory)' [D:\Repository\@Founder-y\ByteForgeFrontend\project\code\Tests\ByteForgeFrontend.Tests.csproj]
D:\Repository\@Founder-y\ByteForgeFrontend\project\code\Tests\TestHelpers\TestDatabaseHelper.cs(30,22): error CS0029: Cannot implicitly convert type 'System.Guid' to 'string' [D:\Repository\@Founder-y\ByteForgeFrontend\project\code\Tests\ByteForgeFrontend.Tests.csproj]
D:\Repository\@Founder-y\ByteForgeFrontend\project\code\Tests\TestHelpers\TestDatabaseHelper.cs(40,22): error CS0029: Cannot implicitly convert type 'System.Guid' to 'string' [D:\Repository\@Founder-y\ByteForgeFrontend\project\code\Tests\ByteForgeFrontend.Tests.csproj]
D:\Repository\@Founder-y\ByteForgeFrontend\project\code\Tests\TestHelpers\TestDatabaseHelper.cs(56,22): error CS0029: Cannot implicitly convert type 'System.Guid' to 'string' [D:\Repository\@Founder-y\ByteForgeFrontend\project\code\Tests\ByteForgeFrontend.Tests.csproj]
D:\Repository\@Founder-y\ByteForgeFrontend\project\code\Tests\TestHelpers\TestDatabaseHelper.cs(65,22): error CS0029: Cannot implicitly convert type 'System.Guid' to 'string' [D:\Repository\@Founder-y\ByteForgeFrontend\project\code\Tests\ByteForgeFrontend.Tests.csproj]
D:\Repository\@Founder-y\ByteForgeFrontend\project\code\Tests\Integration\E2E\FullWorkflowIntegrationTests.cs(72,57): error CS0246: The type or namespace name 'MockLLMProvider' could not be found (are you missing a using directive or an assembly reference?) [D:\Repository\@Founder-y\ByteForgeFrontend\project\code\Tests\ByteForgeFrontend.Tests.csproj]
D:\Repository\@Founder-y\ByteForgeFrontend\project\code\Tests\Infrastructure\LLM\LLMProviderFactoryTests.cs(42,36): error CS0246: The type or namespace name 'OpenAIProvider' could not be found (are you missing a using directive or an assembly reference?) [D:\Repository\@Founder-y\ByteForgeFrontend\project\code\Tests\ByteForgeFrontend.Tests.csproj]
D:\Repository\@Founder-y\ByteForgeFrontend\project\code\Tests\Infrastructure\LLM\LLMProviderFactoryTests.cs(63,36): error CS0246: The type or namespace name 'AnthropicProvider' could not be found (are you missing a using directive or an assembly reference?) [D:\Repository\@Founder-y\ByteForgeFrontend\project\code\Tests\ByteForgeFrontend.Tests.csproj]
D:\Repository\@Founder-y\ByteForgeFrontend\project\code\Tests\Integration\Performance\LoadTestingSuite.cs(72,33): error CS1061: 'LoadTestingSuite.LoadTestMetrics' does not contain a definition for 'SuccessRate' and no accessible extension method 'SuccessRate' accepting a first argument of type 'LoadTestingSuite.LoadTestMetrics' could be found (are you missing a using directive or an assembly reference?) [D:\Repository\@Founder-y\ByteForgeFrontend\project\code\Tests\ByteForgeFrontend.Tests.csproj]
D:\Repository\@Founder-y\ByteForgeFrontend\project\code\Tests\Integration\Performance\LoadTestingSuite.cs(72,77): error CS1061: 'LoadTestingSuite.LoadTestMetrics' does not contain a definition for 'SuccessRate' and no accessible extension method 'SuccessRate' accepting a first argument of type 'LoadTestingSuite.LoadTestMetrics' could be found (are you missing a using directive or an assembly reference?) [D:\Repository\@Founder-y\ByteForgeFrontend\project\code\Tests\ByteForgeFrontend.Tests.csproj]
D:\Repository\@Founder-y\ByteForgeFrontend\project\code\Tests\Integration\Performance\LoadTestingSuite.cs(73,33): error CS1061: 'LoadTestingSuite.LoadTestMetrics' does not contain a definition for 'AverageResponseTime' and no accessible extension method 'AverageResponseTime' accepting a first argument of type 'LoadTestingSuite.LoadTestMetrics' could be found (are you missing a using directive or an assembly reference?) [D:\Repository\@Founder-y\ByteForgeFrontend\project\code\Tests\ByteForgeFrontend.Tests.csproj]
D:\Repository\@Founder-y\ByteForgeFrontend\project\code\Tests\Integration\Performance\LoadTestingSuite.cs(73,93): error CS1061: 'LoadTestingSuite.LoadTestMetrics' does not contain a definition for 'AverageResponseTime' and no accessible extension method 'AverageResponseTime' accepting a first argument of type 'LoadTestingSuite.LoadTestMetrics' could be found (are you missing a using directive or an assembly reference?) [D:\Repository\@Founder-y\ByteForgeFrontend\project\code\Tests\ByteForgeFrontend.Tests.csproj]
D:\Repository\@Founder-y\ByteForgeFrontend\project\code\Tests\Integration\Performance\LoadTestingSuite.cs(74,33): error CS1061: 'LoadTestingSuite.LoadTestMetrics' does not contain a definition for 'P95ResponseTime' and no accessible extension method 'P95ResponseTime' accepting a first argument of type 'LoadTestingSuite.LoadTestMetrics' could be found (are you missing a using directive or an assembly reference?) [D:\Repository\@Founder-y\ByteForgeFrontend\project\code\Tests\ByteForgeFrontend.Tests.csproj]
D:\Repository\@Founder-y\ByteForgeFrontend\project\code\Tests\Integration\Performance\LoadTestingSuite.cs(74,86): error CS1061: 'LoadTestingSuite.LoadTestMetrics' does not contain a definition for 'P95ResponseTime' and no accessible extension method 'P95ResponseTime' accepting a first argument of type 'LoadTestingSuite.LoadTestMetrics' could be found (are you missing a using directive or an assembly reference?) [D:\Repository\@Founder-y\ByteForgeFrontend\project\code\Tests\ByteForgeFrontend.Tests.csproj]
D:\Repository\@Founder-y\ByteForgeFrontend\project\code\Tests\Infrastructure\RequirementsGeneration\RequirementTraceabilityServiceTests.cs(71,67): error CS1503: Argument 1: cannot convert from 'System.Guid' to 'string' [D:\Repository\@Founder-y\ByteForgeFrontend\project\code\Tests\ByteForgeFrontend.Tests.csproj]
D:\Repository\@Founder-y\ByteForgeFrontend\project\code\Tests\Security\Audit\ComplianceTests.cs(51,28): error CS0246: The type or namespace name 'ApplicationUser' could not be found (are you missing a using directive or an assembly reference?) [D:\Repository\@Founder-y\ByteForgeFrontend\project\code\Tests\ByteForgeFrontend.Tests.csproj]
D:\Repository\@Founder-y\ByteForgeFrontend\project\code\Tests\Infrastructure\LLM\LLMProviderFactoryTests.cs(84,36): error CS0246: The type or namespace name 'GoogleGeminiProvider' could not be found (are you missing a using directive or an assembly reference?) [D:\Repository\@Founder-y\ByteForgeFrontend\project\code\Tests\ByteForgeFrontend.Tests.csproj]
D:\Repository\@Founder-y\ByteForgeFrontend\project\code\Tests\Infrastructure\LLM\LLMProviderFactoryTests.cs(105,36): error CS0246: The type or namespace name 'GrokProvider' could not be found (are you missing a using directive or an assembly reference?) [D:\Repository\@Founder-y\ByteForgeFrontend\project\code\Tests\ByteForgeFrontend.Tests.csproj]
D:\Repository\@Founder-y\ByteForgeFrontend\project\code\Tests\Infrastructure\RequirementsGeneration\RequirementsOrchestrationServiceTests.cs(52,27): error CS0246: The type or namespace name 'Project' could not be found (are you missing a using directive or an assembly reference?) [D:\Repository\@Founder-y\ByteForgeFrontend\project\code\Tests\ByteForgeFrontend.Tests.csproj]
D:\Repository\@Founder-y\ByteForgeFrontend\project\code\Tests\Infrastructure\RequirementsGeneration\RequirementsOrchestrationServiceTests.cs(60,58): error CS1503: Argument 1: cannot convert from 'System.Guid' to 'string' [D:\Repository\@Founder-y\ByteForgeFrontend\project\code\Tests\ByteForgeFrontend.Tests.csproj]
D:\Repository\@Founder-y\ByteForgeFrontend\project\code\Tests\Infrastructure\LLM\LLMProviderTests.cs(31,43): error CS0246: The type or namespace name 'OpenAIProvider' could not be found (are you missing a using directive or an assembly reference?) [D:\Repository\@Founder-y\ByteForgeFrontend\project\code\Tests\ByteForgeFrontend.Tests.csproj]
D:\Repository\@Founder-y\ByteForgeFrontend\project\code\Tests\Infrastructure\LLM\LLMProviderTests.cs(33,28): error CS0246: The type or namespace name 'OpenAISettings' could not be found (are you missing a using directive or an assembly reference?) [D:\Repository\@Founder-y\ByteForgeFrontend\project\code\Tests\ByteForgeFrontend.Tests.csproj]
D:\Repository\@Founder-y\ByteForgeFrontend\project\code\Tests\Infrastructure\LLM\LLMProviderTests.cs(42,28): error CS0246: The type or namespace name 'OpenAIProvider' could not be found (are you missing a using directive or an assembly reference?) [D:\Repository\@Founder-y\ByteForgeFrontend\project\code\Tests\ByteForgeFrontend.Tests.csproj]
D:\Repository\@Founder-y\ByteForgeFrontend\project\code\Tests\AIAgents\SpecializedAgentTests.cs(58,56): error CS1503: Argument 1: cannot convert from 'string' to 'ByteForgeFrontend.Services.Infrastructure.LLM.LLMGenerationRequest' [D:\Repository\@Founder-y\ByteForgeFrontend\project\code\Tests\ByteForgeFrontend.Tests.csproj]
D:\Repository\@Founder-y\ByteForgeFrontend\project\code\Tests\AIAgents\SpecializedAgentTests.cs(59,35): error CS0246: The type or namespace name 'LLMResponse' could not be found (are you missing a using directive or an assembly reference?) [D:\Repository\@Founder-y\ByteForgeFrontend\project\code\Tests\ByteForgeFrontend.Tests.csproj]
D:\Repository\@Founder-y\ByteForgeFrontend\project\code\Tests\AIAgents\SpecializedAgentTests.cs(72,17): error CS1503: Argument 1: cannot convert from 'string' to 'ByteForgeFrontend.Services.Infrastructure.LLM.LLMGenerationRequest' [D:\Repository\@Founder-y\ByteForgeFrontend\project\code\Tests\ByteForgeFrontend.Tests.csproj]
D:\Repository\@Founder-y\ByteForgeFrontend\project\code\Tests\Infrastructure\ProjectManagement\ProjectServiceTests.cs(69,18): error CS0029: Cannot implicitly convert type 'System.Guid' to 'string' [D:\Repository\@Founder-y\ByteForgeFrontend\project\code\Tests\ByteForgeFrontend.Tests.csproj]
D:\Repository\@Founder-y\ByteForgeFrontend\project\code\Tests\Integration\Security\SecurityIntegrationTests.cs(162,71): error CS0246: The type or namespace name 'AuditLogQuery' could not be found (are you missing a using directive or an assembly reference?) [D:\Repository\@Founder-y\ByteForgeFrontend\project\code\Tests\ByteForgeFrontend.Tests.csproj]
D:\Repository\@Founder-y\ByteForgeFrontend\project\code\Tests\Infrastructure\RequirementsGeneration\RequirementTraceabilityServiceTests.cs(130,67): error CS1503: Argument 1: cannot convert from 'System.Guid' to 'string' [D:\Repository\@Founder-y\ByteForgeFrontend\project\code\Tests\ByteForgeFrontend.Tests.csproj]
D:\Repository\@Founder-y\ByteForgeFrontend\project\code\Tests\Infrastructure\RequirementsGeneration\PRDGeneratorTests.cs(46,28): error CS0029: Cannot implicitly convert type 'System.Collections.Generic.Dictionary<string, string>' to 'System.Collections.Generic.Dictionary<string, object>' [D:\Repository\@Founder-y\ByteForgeFrontend\project\code\Tests\ByteForgeFrontend.Tests.csproj]
D:\Repository\@Founder-y\ByteForgeFrontend\project\code\Tests\Infrastructure\RequirementsGeneration\PRDGeneratorTests.cs(53,43): error CS1061: 'IDocumentTemplateService' does not contain a definition for 'GetTemplateAsync' and no accessible extension method 'GetTemplateAsync' accepting a first argument of type 'IDocumentTemplateService' could be found (are you missing a using directive or an assembly reference?) [D:\Repository\@Founder-y\ByteForgeFrontend\project\code\Tests\ByteForgeFrontend.Tests.csproj]
D:\Repository\@Founder-y\ByteForgeFrontend\project\code\Tests\Infrastructure\RequirementsGeneration\PRDGeneratorTests.cs(92,45): error CS7036: There is no argument given that corresponds to the required parameter 'content' of 'IDocumentValidationService.ValidateDocumentAsync(string, string)' [D:\Repository\@Founder-y\ByteForgeFrontend\project\code\Tests\ByteForgeFrontend.Tests.csproj]
D:\Repository\@Founder-y\ByteForgeFrontend\project\code\Tests\Infrastructure\RequirementsGeneration\PRDGeneratorTests.cs(93,31): error CS0246: The type or namespace name 'DocumentValidationResponse' could not be found (are you missing a using directive or an assembly reference?) [D:\Repository\@Founder-y\ByteForgeFrontend\project\code\Tests\ByteForgeFrontend.Tests.csproj]
D:\Repository\@Founder-y\ByteForgeFrontend\project\code\Tests\Infrastructure\RequirementsGeneration\BRDGeneratorTests.cs(50,43): error CS1061: 'IDocumentTemplateService' does not contain a definition for 'GetTemplateAsync' and no accessible extension method 'GetTemplateAsync' accepting a first argument of type 'IDocumentTemplateService' could be found (are you missing a using directive or an assembly reference?) [D:\Repository\@Founder-y\ByteForgeFrontend\project\code\Tests\ByteForgeFrontend.Tests.csproj]
D:\Repository\@Founder-y\ByteForgeFrontend\project\code\Tests\Infrastructure\RequirementsGeneration\BRDGeneratorTests.cs(86,45): error CS7036: There is no argument given that corresponds to the required parameter 'content' of 'IDocumentValidationService.ValidateDocumentAsync(string, string)' [D:\Repository\@Founder-y\ByteForgeFrontend\project\code\Tests\ByteForgeFrontend.Tests.csproj]
D:\Repository\@Founder-y\ByteForgeFrontend\project\code\Tests\Infrastructure\RequirementsGeneration\BRDGeneratorTests.cs(87,31): error CS0246: The type or namespace name 'DocumentValidationResponse' could not be found (are you missing a using directive or an assembly reference?) [D:\Repository\@Founder-y\ByteForgeFrontend\project\code\Tests\ByteForgeFrontend.Tests.csproj]
D:\Repository\@Founder-y\ByteForgeFrontend\project\code\Tests\Security\Audit\ComplianceTests.cs(94,28): error CS0246: The type or namespace name 'ApplicationUser' could not be found (are you missing a using directive or an assembly reference?) [D:\Repository\@Founder-y\ByteForgeFrontend\project\code\Tests\ByteForgeFrontend.Tests.csproj]
D:\Repository\@Founder-y\ByteForgeFrontend\project\code\Tests\Infrastructure\Templates\TemplateGeneratorTests.cs(80,69): error CS1503: Argument 2: cannot convert from 'object' to 'System.Collections.Generic.Dictionary<string, object>' [D:\Repository\@Founder-y\ByteForgeFrontend\project\code\Tests\ByteForgeFrontend.Tests.csproj]
D:\Repository\@Founder-y\ByteForgeFrontend\project\code\Tests\Infrastructure\ProjectManagement\ProjectServiceTests.cs(94,18): error CS0029: Cannot implicitly convert type 'System.Guid' to 'string' [D:\Repository\@Founder-y\ByteForgeFrontend\project\code\Tests\ByteForgeFrontend.Tests.csproj]
D:\Repository\@Founder-y\ByteForgeFrontend\project\code\Tests\Infrastructure\ProjectManagement\ProjectServiceTests.cs(116,53): error CS1503: Argument 1: cannot convert from 'System.Guid' to 'string' [D:\Repository\@Founder-y\ByteForgeFrontend\project\code\Tests\ByteForgeFrontend.Tests.csproj]
D:\Repository\@Founder-y\ByteForgeFrontend\project\code\Tests\Integration\Performance\PerformanceBenchmarkTests.cs(97,40): error CS1061: 'IRequirementsOrchestrationService' does not contain a definition for 'GenerateDocumentAsync' and no accessible extension method 'GenerateDocumentAsync' accepting a first argument of type 'IRequirementsOrchestrationService' could be found (are you missing a using directive or an assembly reference?) [D:\Repository\@Founder-y\ByteForgeFrontend\project\code\Tests\ByteForgeFrontend.Tests.csproj]
D:\Repository\@Founder-y\ByteForgeFrontend\project\code\Tests\Integration\Performance\PerformanceBenchmarkTests.cs(109,61): error CS1061: 'IRequirementsOrchestrationService' does not contain a definition for 'GenerateDocumentAsync' and no accessible extension method 'GenerateDocumentAsync' accepting a first argument of type 'IRequirementsOrchestrationService' could be found (are you missing a using directive or an assembly reference?) [D:\Repository\@Founder-y\ByteForgeFrontend\project\code\Tests\ByteForgeFrontend.Tests.csproj]
D:\Repository\@Founder-y\ByteForgeFrontend\project\code\Tests\Security\Audit\ComplianceTests.cs(123,28): error CS0246: The type or namespace name 'ApplicationUser' could not be found (are you missing a using directive or an assembly reference?) [D:\Repository\@Founder-y\ByteForgeFrontend\project\code\Tests\ByteForgeFrontend.Tests.csproj]
D:\Repository\@Founder-y\ByteForgeFrontend\project\code\Tests\Infrastructure\LLM\LLMProviderTests.cs(81,43): error CS0246: The type or namespace name 'OpenAIProvider' could not be found (are you missing a using directive or an assembly reference?) [D:\Repository\@Founder-y\ByteForgeFrontend\project\code\Tests\ByteForgeFrontend.Tests.csproj]
D:\Repository\@Founder-y\ByteForgeFrontend\project\code\Tests\Infrastructure\LLM\LLMProviderTests.cs(83,28): error CS0246: The type or namespace name 'OpenAISettings' could not be found (are you missing a using directive or an assembly reference?) [D:\Repository\@Founder-y\ByteForgeFrontend\project\code\Tests\ByteForgeFrontend.Tests.csproj]
D:\Repository\@Founder-y\ByteForgeFrontend\project\code\Tests\Infrastructure\LLM\LLMProviderTests.cs(90,28): error CS0246: The type or namespace name 'OpenAIProvider' could not be found (are you missing a using directive or an assembly reference?) [D:\Repository\@Founder-y\ByteForgeFrontend\project\code\Tests\ByteForgeFrontend.Tests.csproj]
D:\Repository\@Founder-y\ByteForgeFrontend\project\code\Tests\AIAgents\SpecializedAgentTests.cs(93,56): error CS1503: Argument 1: cannot convert from 'string' to 'ByteForgeFrontend.Services.Infrastructure.LLM.LLMGenerationRequest' [D:\Repository\@Founder-y\ByteForgeFrontend\project\code\Tests\ByteForgeFrontend.Tests.csproj]
D:\Repository\@Founder-y\ByteForgeFrontend\project\code\Tests\AIAgents\SpecializedAgentTests.cs(94,35): error CS0246: The type or namespace name 'LLMResponse' could not be found (are you missing a using directive or an assembly reference?) [D:\Repository\@Founder-y\ByteForgeFrontend\project\code\Tests\ByteForgeFrontend.Tests.csproj]
D:\Repository\@Founder-y\ByteForgeFrontend\project\code\Tests\AIAgents\SpecializedAgentTests.cs(107,17): error CS1503: Argument 1: cannot convert from 'string' to 'ByteForgeFrontend.Services.Infrastructure.LLM.LLMGenerationRequest' [D:\Repository\@Founder-y\ByteForgeFrontend\project\code\Tests\ByteForgeFrontend.Tests.csproj]
D:\Repository\@Founder-y\ByteForgeFrontend\project\code\Tests\Integration\Security\SecurityIntegrationTests.cs(190,53): error CS7036: There is no argument given that corresponds to the required parameter 'value' of 'IApiKeyManagementService.CreateApiKeyAsync(string, string, string, ApiKeyType, Dictionary<string, string>, int?)' [D:\Repository\@Founder-y\ByteForgeFrontend\project\code\Tests\ByteForgeFrontend.Tests.csproj]
D:\Repository\@Founder-y\ByteForgeFrontend\project\code\Tests\Integration\Security\SecurityIntegrationTests.cs(216,53): error CS1061: 'IApiKeyManagementService' does not contain a definition for 'RevokeApiKeyAsync' and no accessible extension method 'RevokeApiKeyAsync' accepting a first argument of type 'IApiKeyManagementService' could be found (are you missing a using directive or an assembly reference?) [D:\Repository\@Founder-y\ByteForgeFrontend\project\code\Tests\ByteForgeFrontend.Tests.csproj]
D:\Repository\@Founder-y\ByteForgeFrontend\project\code\Tests\Integration\Security\SecurityIntegrationTests.cs(228,53): error CS7036: There is no argument given that corresponds to the required parameter 'value' of 'IApiKeyManagementService.CreateApiKeyAsync(string, string, string, ApiKeyType, Dictionary<string, string>, int?)' [D:\Repository\@Founder-y\ByteForgeFrontend\project\code\Tests\ByteForgeFrontend.Tests.csproj]
D:\Repository\@Founder-y\ByteForgeFrontend\project\code\Tests\Integration\Security\SecurityIntegrationTests.cs(248,71): error CS0246: The type or namespace name 'AuditLogQuery' could not be found (are you missing a using directive or an assembly reference?) [D:\Repository\@Founder-y\ByteForgeFrontend\project\code\Tests\ByteForgeFrontend.Tests.csproj]
D:\Repository\@Founder-y\ByteForgeFrontend\project\code\Tests\Infrastructure\RequirementsGeneration\RequirementTraceabilityServiceTests.cs(179,67): error CS1503: Argument 1: cannot convert from 'System.Guid' to 'string' [D:\Repository\@Founder-y\ByteForgeFrontend\project\code\Tests\ByteForgeFrontend.Tests.csproj]
D:\Repository\@Founder-y\ByteForgeFrontend\project\code\Tests\Infrastructure\Templates\TemplateManagementServiceTests.cs(215,18): error CS0029: Cannot implicitly convert type 'System.Guid' to 'string' [D:\Repository\@Founder-y\ByteForgeFrontend\project\code\Tests\ByteForgeFrontend.Tests.csproj]
D:\Repository\@Founder-y\ByteForgeFrontend\project\code\Tests\Infrastructure\Templates\TemplateManagementServiceTests.cs(218,13): error CS0117: 'Project' does not contain a definition for 'ClientName' [D:\Repository\@Founder-y\ByteForgeFrontend\project\code\Tests\ByteForgeFrontend.Tests.csproj]
D:\Repository\@Founder-y\ByteForgeFrontend\project\code\Tests\Infrastructure\ProjectManagement\ProjectServiceTests.cs(128,32): error CS0029: Cannot implicitly convert type 'System.Guid' to 'string' [D:\Repository\@Founder-y\ByteForgeFrontend\project\code\Tests\ByteForgeFrontend.Tests.csproj]
D:\Repository\@Founder-y\ByteForgeFrontend\project\code\Tests\Infrastructure\ProjectManagement\ProjectServiceTests.cs(129,32): error CS0029: Cannot implicitly convert type 'System.Guid' to 'string' [D:\Repository\@Founder-y\ByteForgeFrontend\project\code\Tests\ByteForgeFrontend.Tests.csproj]
D:\Repository\@Founder-y\ByteForgeFrontend\project\code\Tests\Infrastructure\ProjectManagement\ProjectServiceTests.cs(130,32): error CS0029: Cannot implicitly convert type 'System.Guid' to 'string' [D:\Repository\@Founder-y\ByteForgeFrontend\project\code\Tests\ByteForgeFrontend.Tests.csproj]
D:\Repository\@Founder-y\ByteForgeFrontend\project\code\Tests\Infrastructure\LLM\LLMProviderTests.cs(120,43): error CS0246: The type or namespace name 'OpenAIProvider' could not be found (are you missing a using directive or an assembly reference?) [D:\Repository\@Founder-y\ByteForgeFrontend\project\code\Tests\ByteForgeFrontend.Tests.csproj]
D:\Repository\@Founder-y\ByteForgeFrontend\project\code\Tests\Infrastructure\LLM\LLMProviderTests.cs(122,28): error CS0246: The type or namespace name 'OpenAISettings' could not be found (are you missing a using directive or an assembly reference?) [D:\Repository\@Founder-y\ByteForgeFrontend\project\code\Tests\ByteForgeFrontend.Tests.csproj]
D:\Repository\@Founder-y\ByteForgeFrontend\project\code\Tests\Infrastructure\LLM\LLMProviderTests.cs(129,28): error CS0246: The type or namespace name 'OpenAIProvider' could not be found (are you missing a using directive or an assembly reference?) [D:\Repository\@Founder-y\ByteForgeFrontend\project\code\Tests\ByteForgeFrontend.Tests.csproj]
D:\Repository\@Founder-y\ByteForgeFrontend\project\code\Tests\Integration\Performance\PerformanceBenchmarkTests.cs(178,54): error CS1061: 'IProjectService' does not contain a definition for 'GetProjectsByTenantAsync' and no accessible extension method 'GetProjectsByTenantAsync' accepting a first argument of type 'IProjectService' could be found (are you missing a using directive or an assembly reference?) [D:\Repository\@Founder-y\ByteForgeFrontend\project\code\Tests\ByteForgeFrontend.Tests.csproj]
D:\Repository\@Founder-y\ByteForgeFrontend\project\code\Tests\Integration\Performance\PerformanceBenchmarkTests.cs(198,54): error CS1061: 'IProjectService' does not contain a definition for 'GetProjectsByTenantAsync' and no accessible extension method 'GetProjectsByTenantAsync' accepting a first argument of type 'IProjectService' could be found (are you missing a using directive or an assembly reference?) [D:\Repository\@Founder-y\ByteForgeFrontend\project\code\Tests\ByteForgeFrontend.Tests.csproj]
D:\Repository\@Founder-y\ByteForgeFrontend\project\code\Tests\Integration\Performance\PerformanceBenchmarkTests.cs(202,53): error CS1061: 'IProjectService' does not contain a definition for 'GetProjectDetailsAsync' and no accessible extension method 'GetProjectDetailsAsync' accepting a first argument of type 'IProjectService' could be found (are you missing a using directive or an assembly reference?) [D:\Repository\@Founder-y\ByteForgeFrontend\project\code\Tests\ByteForgeFrontend.Tests.csproj]
D:\Repository\@Founder-y\ByteForgeFrontend\project\code\Tests\Integration\Performance\PerformanceBenchmarkTests.cs(221,53): error CS1061: 'IProjectService' does not contain a definition for 'SearchProjectsAsync' and no accessible extension method 'SearchProjectsAsync' accepting a first argument of type 'IProjectService' could be found (are you missing a using directive or an assembly reference?) [D:\Repository\@Founder-y\ByteForgeFrontend\project\code\Tests\ByteForgeFrontend.Tests.csproj]
D:\Repository\@Founder-y\ByteForgeFrontend\project\code\Tests\Security\Audit\ComplianceTests.cs(152,28): error CS0246: The type or namespace name 'ApplicationUser' could not be found (are you missing a using directive or an assembly reference?) [D:\Repository\@Founder-y\ByteForgeFrontend\project\code\Tests\ByteForgeFrontend.Tests.csproj]
D:\Repository\@Founder-y\ByteForgeFrontend\project\code\Tests\Security\Audit\ComplianceTests.cs(164,31): error CS0246: The type or namespace name 'Project' could not be found (are you missing a using directive or an assembly reference?) [D:\Repository\@Founder-y\ByteForgeFrontend\project\code\Tests\ByteForgeFrontend.Tests.csproj]
D:\Repository\@Founder-y\ByteForgeFrontend\project\code\Tests\Infrastructure\ProjectManagement\ProjectServiceTests.cs(149,32): error CS0029: Cannot implicitly convert type 'System.Guid' to 'string' [D:\Repository\@Founder-y\ByteForgeFrontend\project\code\Tests\ByteForgeFrontend.Tests.csproj]
D:\Repository\@Founder-y\ByteForgeFrontend\project\code\Tests\Infrastructure\ProjectManagement\ProjectServiceTests.cs(150,32): error CS0029: Cannot implicitly convert type 'System.Guid' to 'string' [D:\Repository\@Founder-y\ByteForgeFrontend\project\code\Tests\ByteForgeFrontend.Tests.csproj]
D:\Repository\@Founder-y\ByteForgeFrontend\project\code\Tests\Infrastructure\ProjectManagement\ProjectServiceTests.cs(151,32): error CS0029: Cannot implicitly convert type 'System.Guid' to 'string' [D:\Repository\@Founder-y\ByteForgeFrontend\project\code\Tests\ByteForgeFrontend.Tests.csproj]
D:\Repository\@Founder-y\ByteForgeFrontend\project\code\Tests\Integration\Performance\PerformanceBenchmarkTests.cs(260,21): error CS1503: Argument 1: cannot convert from 'System.Guid' to 'string' [D:\Repository\@Founder-y\ByteForgeFrontend\project\code\Tests\ByteForgeFrontend.Tests.csproj]
D:\Repository\@Founder-y\ByteForgeFrontend\project\code\Tests\Integration\Performance\PerformanceBenchmarkTests.cs(284,63): error CS1061: 'IMonitoringService' does not contain a definition for 'GetSystemStatusAsync' and no accessible extension method 'GetSystemStatusAsync' accepting a first argument of type 'IMonitoringService' could be found (are you missing a using directive or an assembly reference?) [D:\Repository\@Founder-y\ByteForgeFrontend\project\code\Tests\ByteForgeFrontend.Tests.csproj]
D:\Repository\@Founder-y\ByteForgeFrontend\project\code\Tests\Security\Audit\ComplianceTests.cs(216,28): error CS0246: The type or namespace name 'ApplicationUser' could not be found (are you missing a using directive or an assembly reference?) [D:\Repository\@Founder-y\ByteForgeFrontend\project\code\Tests\ByteForgeFrontend.Tests.csproj]
D:\Repository\@Founder-y\ByteForgeFrontend\project\code\Tests\Security\Audit\ComplianceTests.cs(227,31): error CS0246: The type or namespace name 'Project' could not be found (are you missing a using directive or an assembly reference?) [D:\Repository\@Founder-y\ByteForgeFrontend\project\code\Tests\ByteForgeFrontend.Tests.csproj]
D:\Repository\@Founder-y\ByteForgeFrontend\project\code\Tests\Infrastructure\RequirementsGeneration\RequirementTraceabilityServiceTests.cs(215,67): error CS1503: Argument 1: cannot convert from 'System.Guid' to 'string' [D:\Repository\@Founder-y\ByteForgeFrontend\project\code\Tests\ByteForgeFrontend.Tests.csproj]
D:\Repository\@Founder-y\ByteForgeFrontend\project\code\Tests\AIAgents\SpecializedAgentTests.cs(128,56): error CS1503: Argument 1: cannot convert from 'string' to 'ByteForgeFrontend.Services.Infrastructure.LLM.LLMGenerationRequest' [D:\Repository\@Founder-y\ByteForgeFrontend\project\code\Tests\ByteForgeFrontend.Tests.csproj]
D:\Repository\@Founder-y\ByteForgeFrontend\project\code\Tests\AIAgents\SpecializedAgentTests.cs(129,35): error CS0246: The type or namespace name 'LLMResponse' could not be found (are you missing a using directive or an assembly reference?) [D:\Repository\@Founder-y\ByteForgeFrontend\project\code\Tests\ByteForgeFrontend.Tests.csproj]
D:\Repository\@Founder-y\ByteForgeFrontend\project\code\Tests\AIAgents\SpecializedAgentTests.cs(142,17): error CS1503: Argument 1: cannot convert from 'string' to 'ByteForgeFrontend.Services.Infrastructure.LLM.LLMGenerationRequest' [D:\Repository\@Founder-y\ByteForgeFrontend\project\code\Tests\ByteForgeFrontend.Tests.csproj]
D:\Repository\@Founder-y\ByteForgeFrontend\project\code\Tests\Infrastructure\RequirementsGeneration\PRDGeneratorTests.cs(123,28): error CS0029: Cannot implicitly convert type 'System.Collections.Generic.Dictionary<string, string>' to 'System.Collections.Generic.Dictionary<string, object>' [D:\Repository\@Founder-y\ByteForgeFrontend\project\code\Tests\ByteForgeFrontend.Tests.csproj]
D:\Repository\@Founder-y\ByteForgeFrontend\project\code\Tests\Infrastructure\RequirementsGeneration\PRDGeneratorTests.cs(129,43): error CS1061: 'IDocumentTemplateService' does not contain a definition for 'GetTemplateAsync' and no accessible extension method 'GetTemplateAsync' accepting a first argument of type 'IDocumentTemplateService' could be found (are you missing a using directive or an assembly reference?) [D:\Repository\@Founder-y\ByteForgeFrontend\project\code\Tests\ByteForgeFrontend.Tests.csproj]
D:\Repository\@Founder-y\ByteForgeFrontend\project\code\Tests\Infrastructure\RequirementsGeneration\PRDGeneratorTests.cs(141,45): error CS7036: There is no argument given that corresponds to the required parameter 'content' of 'IDocumentValidationService.ValidateDocumentAsync(string, string)' [D:\Repository\@Founder-y\ByteForgeFrontend\project\code\Tests\ByteForgeFrontend.Tests.csproj]
D:\Repository\@Founder-y\ByteForgeFrontend\project\code\Tests\Infrastructure\RequirementsGeneration\PRDGeneratorTests.cs(142,31): error CS0246: The type or namespace name 'DocumentValidationResponse' could not be found (are you missing a using directive or an assembly reference?) [D:\Repository\@Founder-y\ByteForgeFrontend\project\code\Tests\ByteForgeFrontend.Tests.csproj]
D:\Repository\@Founder-y\ByteForgeFrontend\project\code\Tests\Infrastructure\ProjectManagement\ProjectServiceTests.cs(170,18): error CS0029: Cannot implicitly convert type 'System.Guid' to 'string' [D:\Repository\@Founder-y\ByteForgeFrontend\project\code\Tests\ByteForgeFrontend.Tests.csproj]
D:\Repository\@Founder-y\ByteForgeFrontend\project\code\Tests\Integration\E2E\FullWorkflowIntegrationTests.cs(114,26): error CS0029: Cannot implicitly convert type 'string' to 'ByteForgeFrontend.Models.ProjectManagement.ProjectStatus' [D:\Repository\@Founder-y\ByteForgeFrontend\project\code\Tests\ByteForgeFrontend.Tests.csproj]
D:\Repository\@Founder-y\ByteForgeFrontend\project\code\Tests\Integration\E2E\FullWorkflowIntegrationTests.cs(115,17): error CS0117: 'Project' does not contain a definition for 'CurrentPhase' [D:\Repository\@Founder-y\ByteForgeFrontend\project\code\Tests\ByteForgeFrontend.Tests.csproj]
D:\Repository\@Founder-y\ByteForgeFrontend\project\code\Tests\Integration\E2E\FullWorkflowIntegrationTests.cs(125,52): error CS1061: 'ITemplateManagementService' does not contain a definition for 'GetTemplatesAsync' and no accessible extension method 'GetTemplatesAsync' accepting a first argument of type 'ITemplateManagementService' could be found (are you missing a using directive or an assembly reference?) [D:\Repository\@Founder-y\ByteForgeFrontend\project\code\Tests\ByteForgeFrontend.Tests.csproj]
D:\Repository\@Founder-y\ByteForgeFrontend\project\code\Tests\Integration\E2E\FullWorkflowIntegrationTests.cs(129,54): error CS1061: 'ITemplateManagementService' does not contain a definition for 'ApplyTemplateAsync' and no accessible extension method 'ApplyTemplateAsync' accepting a first argument of type 'ITemplateManagementService' could be found (are you missing a using directive or an assembly reference?) [D:\Repository\@Founder-y\ByteForgeFrontend\project\code\Tests\ByteForgeFrontend.Tests.csproj]
D:\Repository\@Founder-y\ByteForgeFrontend\project\code\Tests\Integration\E2E\FullWorkflowIntegrationTests.cs(143,60): error CS1061: 'IRequirementsOrchestrationService' does not contain a definition for 'GenerateDocumentAsync' and no accessible extension method 'GenerateDocumentAsync' accepting a first argument of type 'IRequirementsOrchestrationService' could be found (are you missing a using directive or an assembly reference?) [D:\Repository\@Founder-y\ByteForgeFrontend\project\code\Tests\ByteForgeFrontend.Tests.csproj]
D:\Repository\@Founder-y\ByteForgeFrontend\project\code\Tests\Integration\E2E\FullWorkflowIntegrationTests.cs(157,91): error CS0234: The type or namespace name 'AuditLogQuery' does not exist in the namespace 'ByteForgeFrontend.Models.Security' (are you missing an assembly reference?) [D:\Repository\@Founder-y\ByteForgeFrontend\project\code\Tests\ByteForgeFrontend.Tests.csproj]
D:\Repository\@Founder-y\ByteForgeFrontend\project\code\Tests\Integration\E2E\FullWorkflowIntegrationTests.cs(169,65): error CS1061: 'IRequirementsOrchestrationService' does not contain a definition for 'ValidateTraceabilityAsync' and no accessible extension method 'ValidateTraceabilityAsync' accepting a first argument of type 'IRequirementsOrchestrationService' could be found (are you missing a using directive or an assembly reference?) [D:\Repository\@Founder-y\ByteForgeFrontend\project\code\Tests\ByteForgeFrontend.Tests.csproj]
D:\Repository\@Founder-y\ByteForgeFrontend\project\code\Tests\Integration\E2E\FullWorkflowIntegrationTests.cs(182,49): error CS0246: The type or namespace name 'AgentContext' could not be found (are you missing a using directive or an assembly reference?) [D:\Repository\@Founder-y\ByteForgeFrontend\project\code\Tests\ByteForgeFrontend.Tests.csproj]
D:\Repository\@Founder-y\ByteForgeFrontend\project\code\Tests\Integration\E2E\FullWorkflowIntegrationTests.cs(182,29): error CS1061: 'IAgent' does not contain a definition for 'InitializeAsync' and no accessible extension method 'InitializeAsync' accepting a first argument of type 'IAgent' could be found (are you missing a using directive or an assembly reference?) [D:\Repository\@Founder-y\ByteForgeFrontend\project\code\Tests\ByteForgeFrontend.Tests.csproj]
D:\Repository\@Founder-y\ByteForgeFrontend\project\code\Tests\Integration\E2E\FullWorkflowIntegrationTests.cs(206,36): error CS1061: 'IMonitoringService' does not contain a definition for 'StartAgentMonitoring' and no accessible extension method 'StartAgentMonitoring' accepting a first argument of type 'IMonitoringService' could be found (are you missing a using directive or an assembly reference?) [D:\Repository\@Founder-y\ByteForgeFrontend\project\code\Tests\ByteForgeFrontend.Tests.csproj]
D:\Repository\@Founder-y\ByteForgeFrontend\project\code\Tests\Integration\E2E\FullWorkflowIntegrationTests.cs(208,68): error CS0246: The type or namespace name 'AgentTaskRequest' could not be found (are you missing a using directive or an assembly reference?) [D:\Repository\@Founder-y\ByteForgeFrontend\project\code\Tests\ByteForgeFrontend.Tests.csproj]
D:\Repository\@Founder-y\ByteForgeFrontend\project\code\Tests\Integration\E2E\FullWorkflowIntegrationTests.cs(221,60): error CS1061: 'IMonitoringService' does not contain a definition for 'GetAgentStatusAsync' and no accessible extension method 'GetAgentStatusAsync' accepting a first argument of type 'IMonitoringService' could be found (are you missing a using directive or an assembly reference?) [D:\Repository\@Founder-y\ByteForgeFrontend\project\code\Tests\ByteForgeFrontend.Tests.csproj]
D:\Repository\@Founder-y\ByteForgeFrontend\project\code\Tests\Integration\E2E\FullWorkflowIntegrationTests.cs(232,54): error CS1061: 'IProjectService' does not contain a definition for 'GetProjectFilesAsync' and no accessible extension method 'GetProjectFilesAsync' accepting a first argument of type 'IProjectService' could be found (are you missing a using directive or an assembly reference?) [D:\Repository\@Founder-y\ByteForgeFrontend\project\code\Tests\ByteForgeFrontend.Tests.csproj]
D:\Repository\@Founder-y\ByteForgeFrontend\project\code\Tests\Integration\E2E\FullWorkflowIntegrationTests.cs(261,26): error CS0029: Cannot implicitly convert type 'string' to 'ByteForgeFrontend.Models.ProjectManagement.ProjectStatus' [D:\Repository\@Founder-y\ByteForgeFrontend\project\code\Tests\ByteForgeFrontend.Tests.csproj]
D:\Repository\@Founder-y\ByteForgeFrontend\project\code\Tests\Integration\E2E\FullWorkflowIntegrationTests.cs(267,56): error CS1061: 'IProjectService' does not contain a definition for 'GetProjectsByTenantAsync' and no accessible extension method 'GetProjectsByTenantAsync' accepting a first argument of type 'IProjectService' could be found (are you missing a using directive or an assembly reference?) [D:\Repository\@Founder-y\ByteForgeFrontend\project\code\Tests\ByteForgeFrontend.Tests.csproj]
D:\Repository\@Founder-y\ByteForgeFrontend\project\code\Tests\Integration\E2E\FullWorkflowIntegrationTests.cs(287,54): error CS1061: 'IProjectService' does not contain a definition for 'ExportProjectAsync' and no accessible extension method 'ExportProjectAsync' accepting a first argument of type 'IProjectService' could be found (are you missing a using directive or an assembly reference?) [D:\Repository\@Founder-y\ByteForgeFrontend\project\code\Tests\ByteForgeFrontend.Tests.csproj]
D:\Repository\@Founder-y\ByteForgeFrontend\project\code\Tests\Integration\Performance\PerformanceBenchmarkTests.cs(320,73): error CS0246: The type or namespace name 'LLMRequest' could not be found (are you missing a using directive or an assembly reference?) [D:\Repository\@Founder-y\ByteForgeFrontend\project\code\Tests\ByteForgeFrontend.Tests.csproj]
D:\Repository\@Founder-y\ByteForgeFrontend\project\code\Tests\Integration\Performance\PerformanceBenchmarkTests.cs(320,48): error CS1061: 'ILLMService' does not contain a definition for 'GenerateContentAsync' and no accessible extension method 'GenerateContentAsync' accepting a first argument of type 'ILLMService' could be found (are you missing a using directive or an assembly reference?) [D:\Repository\@Founder-y\ByteForgeFrontend\project\code\Tests\ByteForgeFrontend.Tests.csproj]
D:\Repository\@Founder-y\ByteForgeFrontend\project\code\Tests\Integration\Performance\PerformanceBenchmarkTests.cs(349,73): error CS0246: The type or namespace name 'LLMRequest' could not be found (are you missing a using directive or an assembly reference?) [D:\Repository\@Founder-y\ByteForgeFrontend\project\code\Tests\ByteForgeFrontend.Tests.csproj]
D:\Repository\@Founder-y\ByteForgeFrontend\project\code\Tests\Integration\Performance\PerformanceBenchmarkTests.cs(349,48): error CS1061: 'ILLMService' does not contain a definition for 'GenerateContentAsync' and no accessible extension method 'GenerateContentAsync' accepting a first argument of type 'ILLMService' could be found (are you missing a using directive or an assembly reference?) [D:\Repository\@Founder-y\ByteForgeFrontend\project\code\Tests\ByteForgeFrontend.Tests.csproj]
D:\Repository\@Founder-y\ByteForgeFrontend\project\code\Tests\Infrastructure\RequirementsGeneration\BRDGeneratorTests.cs(116,43): error CS1061: 'IDocumentTemplateService' does not contain a definition for 'GetTemplateAsync' and no accessible extension method 'GetTemplateAsync' accepting a first argument of type 'IDocumentTemplateService' could be found (are you missing a using directive or an assembly reference?) [D:\Repository\@Founder-y\ByteForgeFrontend\project\code\Tests\ByteForgeFrontend.Tests.csproj]
D:\Repository\@Founder-y\ByteForgeFrontend\project\code\Tests\Infrastructure\RequirementsGeneration\BRDGeneratorTests.cs(128,45): error CS7036: There is no argument given that corresponds to the required parameter 'content' of 'IDocumentValidationService.ValidateDocumentAsync(string, string)' [D:\Repository\@Founder-y\ByteForgeFrontend\project\code\Tests\ByteForgeFrontend.Tests.csproj]
D:\Repository\@Founder-y\ByteForgeFrontend\project\code\Tests\Infrastructure\RequirementsGeneration\BRDGeneratorTests.cs(129,31): error CS0246: The type or namespace name 'DocumentValidationResponse' could not be found (are you missing a using directive or an assembly reference?) [D:\Repository\@Founder-y\ByteForgeFrontend\project\code\Tests\ByteForgeFrontend.Tests.csproj]
D:\Repository\@Founder-y\ByteForgeFrontend\project\code\Tests\Infrastructure\ProjectManagement\ProjectServiceTests.cs(198,18): error CS0029: Cannot implicitly convert type 'System.Guid' to 'string' [D:\Repository\@Founder-y\ByteForgeFrontend\project\code\Tests\ByteForgeFrontend.Tests.csproj]
D:\Repository\@Founder-y\ByteForgeFrontend\project\code\Tests\Infrastructure\RequirementsGeneration\RequirementTraceabilityServiceTests.cs(257,67): error CS1503: Argument 1: cannot convert from 'System.Guid' to 'string' [D:\Repository\@Founder-y\ByteForgeFrontend\project\code\Tests\ByteForgeFrontend.Tests.csproj]
D:\Repository\@Founder-y\ByteForgeFrontend\project\code\Tests\AIAgents\SpecializedAgentTests.cs(163,56): error CS1503: Argument 1: cannot convert from 'string' to 'ByteForgeFrontend.Services.Infrastructure.LLM.LLMGenerationRequest' [D:\Repository\@Founder-y\ByteForgeFrontend\project\code\Tests\ByteForgeFrontend.Tests.csproj]
D:\Repository\@Founder-y\ByteForgeFrontend\project\code\Tests\AIAgents\SpecializedAgentTests.cs(164,35): error CS0246: The type or namespace name 'LLMResponse' could not be found (are you missing a using directive or an assembly reference?) [D:\Repository\@Founder-y\ByteForgeFrontend\project\code\Tests\ByteForgeFrontend.Tests.csproj]
D:\Repository\@Founder-y\ByteForgeFrontend\project\code\Tests\AIAgents\SpecializedAgentTests.cs(177,17): error CS1503: Argument 1: cannot convert from 'string' to 'ByteForgeFrontend.Services.Infrastructure.LLM.LLMGenerationRequest' [D:\Repository\@Founder-y\ByteForgeFrontend\project\code\Tests\ByteForgeFrontend.Tests.csproj]
D:\Repository\@Founder-y\ByteForgeFrontend\project\code\Tests\Integration\Security\SecurityIntegrationTests.cs(351,73): error CS0246: The type or namespace name 'AuditLogQuery' could not be found (are you missing a using directive or an assembly reference?) [D:\Repository\@Founder-y\ByteForgeFrontend\project\code\Tests\ByteForgeFrontend.Tests.csproj]
D:\Repository\@Founder-y\ByteForgeFrontend\project\code\Tests\Integration\Security\SecurityIntegrationTests.cs(356,73): error CS0246: The type or namespace name 'AuditLogQuery' could not be found (are you missing a using directive or an assembly reference?) [D:\Repository\@Founder-y\ByteForgeFrontend\project\code\Tests\ByteForgeFrontend.Tests.csproj]
D:\Repository\@Founder-y\ByteForgeFrontend\project\code\Tests\Infrastructure\DocumentGeneration\DocumentGenerationServiceTests.cs(132,22): error CS0029: Cannot implicitly convert type 'string[]' to 'System.Collections.Generic.List<string>' [D:\Repository\@Founder-y\ByteForgeFrontend\project\code\Tests\ByteForgeFrontend.Tests.csproj]
D:\Repository\@Founder-y\ByteForgeFrontend\project\code\Tests\Infrastructure\RequirementsGeneration\PRDGeneratorTests.cs(164,43): error CS1061: 'IDocumentTemplateService' does not contain a definition for 'GetTemplateAsync' and no accessible extension method 'GetTemplateAsync' accepting a first argument of type 'IDocumentTemplateService' could be found (are you missing a using directive or an assembly reference?) [D:\Repository\@Founder-y\ByteForgeFrontend\project\code\Tests\ByteForgeFrontend.Tests.csproj]
D:\Repository\@Founder-y\ByteForgeFrontend\project\code\Tests\Infrastructure\RequirementsGeneration\PRDGeneratorTests.cs(182,45): error CS7036: There is no argument given that corresponds to the required parameter 'content' of 'IDocumentValidationService.ValidateDocumentAsync(string, string)' [D:\Repository\@Founder-y\ByteForgeFrontend\project\code\Tests\ByteForgeFrontend.Tests.csproj]
D:\Repository\@Founder-y\ByteForgeFrontend\project\code\Tests\Infrastructure\RequirementsGeneration\PRDGeneratorTests.cs(183,31): error CS0246: The type or namespace name 'DocumentValidationResponse' could not be found (are you missing a using directive or an assembly reference?) [D:\Repository\@Founder-y\ByteForgeFrontend\project\code\Tests\ByteForgeFrontend.Tests.csproj]
D:\Repository\@Founder-y\ByteForgeFrontend\project\code\Tests\Integration\Performance\PerformanceBenchmarkTests.cs(395,30): error CS0029: Cannot implicitly convert type 'string' to 'ByteForgeFrontend.Models.ProjectManagement.ProjectStatus' [D:\Repository\@Founder-y\ByteForgeFrontend\project\code\Tests\ByteForgeFrontend.Tests.csproj]
D:\Repository\@Founder-y\ByteForgeFrontend\project\code\Tests\Integration\Performance\PerformanceBenchmarkTests.cs(398,71): error CS1503: Argument 1: cannot convert from 'ByteForgeFrontend.Models.ProjectManagement.Project' to 'ByteForgeFrontend.Services.Infrastructure.ProjectManagement.CreateProjectRequest' [D:\Repository\@Founder-y\ByteForgeFrontend\project\code\Tests\ByteForgeFrontend.Tests.csproj]
D:\Repository\@Founder-y\ByteForgeFrontend\project\code\Tests\Integration\Performance\PerformanceBenchmarkTests.cs(402,60): error CS1061: 'IRequirementsOrchestrationService' does not contain a definition for 'GenerateDocumentAsync' and no accessible extension method 'GenerateDocumentAsync' accepting a first argument of type 'IRequirementsOrchestrationService' could be found (are you missing a using directive or an assembly reference?) [D:\Repository\@Founder-y\ByteForgeFrontend\project\code\Tests\ByteForgeFrontend.Tests.csproj]
D:\Repository\@Founder-y\ByteForgeFrontend\project\code\Tests\Integration\Performance\PerformanceBenchmarkTests.cs(443,26): error CS0029: Cannot implicitly convert type 'string' to 'ByteForgeFrontend.Models.ProjectManagement.ProjectStatus' [D:\Repository\@Founder-y\ByteForgeFrontend\project\code\Tests\ByteForgeFrontend.Tests.csproj]
D:\Repository\@Founder-y\ByteForgeFrontend\project\code\Tests\Infrastructure\ProjectManagement\ProjectServiceTests.cs(223,18): error CS0029: Cannot implicitly convert type 'System.Guid' to 'string' [D:\Repository\@Founder-y\ByteForgeFrontend\project\code\Tests\ByteForgeFrontend.Tests.csproj]
D:\Repository\@Founder-y\ByteForgeFrontend\project\code\Tests\Infrastructure\RequirementsGeneration\RequirementTraceabilityServiceTests.cs(294,67): error CS1503: Argument 1: cannot convert from 'System.Guid' to 'string' [D:\Repository\@Founder-y\ByteForgeFrontend\project\code\Tests\ByteForgeFrontend.Tests.csproj]
D:\Repository\@Founder-y\ByteForgeFrontend\project\code\Tests\Integration\Performance\PerformanceBenchmarkTests.cs(467,34): error CS0029: Cannot implicitly convert type 'string' to 'ByteForgeFrontend.Models.ProjectManagement.ProjectStatus' [D:\Repository\@Founder-y\ByteForgeFrontend\project\code\Tests\ByteForgeFrontend.Tests.csproj]
D:\Repository\@Founder-y\ByteForgeFrontend\project\code\Tests\Integration\Performance\PerformanceBenchmarkTests.cs(478,29): error CS0117: 'ProjectDocument' does not contain a definition for 'Type' [D:\Repository\@Founder-y\ByteForgeFrontend\project\code\Tests\ByteForgeFrontend.Tests.csproj]
D:\Repository\@Founder-y\ByteForgeFrontend\project\code\Tests\Security\Audit\AuditLoggingTests.cs(289,33): error CS7036: There is no argument given that corresponds to the required parameter 'success' of 'AuditLoggingService.LogDocumentGenerationAsync(string, string, string, string, string, int, TimeSpan, bool)' [D:\Repository\@Founder-y\ByteForgeFrontend\project\code\Tests\ByteForgeFrontend.Tests.csproj]
D:\Repository\@Founder-y\ByteForgeFrontend\project\code\Tests\AIAgents\SpecializedAgentTests.cs(189,42): error CS1501: No overload for method 'GetTemplateAsync' takes 2 arguments [D:\Repository\@Founder-y\ByteForgeFrontend\project\code\Tests\ByteForgeFrontend.Tests.csproj]
D:\Repository\@Founder-y\ByteForgeFrontend\project\code\Tests\AIAgents\SpecializedAgentTests.cs(192,42): error CS1501: No overload for method 'RenderTemplateAsync' takes 3 arguments [D:\Repository\@Founder-y\ByteForgeFrontend\project\code\Tests\ByteForgeFrontend.Tests.csproj]
D:\Repository\@Founder-y\ByteForgeFrontend\project\code\Tests\AIAgents\SpecializedAgentTests.cs(204,43): error CS1501: No overload for method 'GetTemplateAsync' takes 2 arguments [D:\Repository\@Founder-y\ByteForgeFrontend\project\code\Tests\ByteForgeFrontend.Tests.csproj]
D:\Repository\@Founder-y\ByteForgeFrontend\project\code\Tests\AIAgents\SpecializedAgentTests.cs(205,43): error CS1501: No overload for method 'RenderTemplateAsync' takes 3 arguments [D:\Repository\@Founder-y\ByteForgeFrontend\project\code\Tests\ByteForgeFrontend.Tests.csproj]
D:\Repository\@Founder-y\ByteForgeFrontend\project\code\Tests\Infrastructure\ProjectManagement\ProjectServiceTests.cs(264,18): error CS0029: Cannot implicitly convert type 'System.Guid' to 'string' [D:\Repository\@Founder-y\ByteForgeFrontend\project\code\Tests\ByteForgeFrontend.Tests.csproj]
D:\Repository\@Founder-y\ByteForgeFrontend\project\code\Tests\Infrastructure\ProjectManagement\ProjectServiceTests.cs(270,44): error CS0029: Cannot implicitly convert type 'System.Guid' to 'string' [D:\Repository\@Founder-y\ByteForgeFrontend\project\code\Tests\ByteForgeFrontend.Tests.csproj]
D:\Repository\@Founder-y\ByteForgeFrontend\project\code\Tests\Infrastructure\ProjectManagement\ProjectServiceTests.cs(271,44): error CS0029: Cannot implicitly convert type 'System.Guid' to 'string' [D:\Repository\@Founder-y\ByteForgeFrontend\project\code\Tests\ByteForgeFrontend.Tests.csproj]
D:\Repository\@Founder-y\ByteForgeFrontend\project\code\Tests\Infrastructure\ProjectManagement\ProjectServiceTests.cs(272,44): error CS0029: Cannot implicitly convert type 'System.Guid' to 'string' [D:\Repository\@Founder-y\ByteForgeFrontend\project\code\Tests\ByteForgeFrontend.Tests.csproj]
D:\Repository\@Founder-y\ByteForgeFrontend\project\code\Tests\Integration\E2E\FullWorkflowIntegrationTests.cs(320,34): error CS0029: Cannot implicitly convert type 'string' to 'ByteForgeFrontend.Models.ProjectManagement.ProjectStatus' [D:\Repository\@Founder-y\ByteForgeFrontend\project\code\Tests\ByteForgeFrontend.Tests.csproj]
D:\Repository\@Founder-y\ByteForgeFrontend\project\code\Tests\Integration\E2E\FullWorkflowIntegrationTests.cs(323,75): error CS1503: Argument 1: cannot convert from 'ByteForgeFrontend.Models.ProjectManagement.Project' to 'ByteForgeFrontend.Services.Infrastructure.ProjectManagement.CreateProjectRequest' [D:\Repository\@Founder-y\ByteForgeFrontend\project\code\Tests\ByteForgeFrontend.Tests.csproj]
D:\Repository\@Founder-y\ByteForgeFrontend\project\code\Tests\Integration\E2E\FullWorkflowIntegrationTests.cs(332,48): error CS1061: 'IRequirementsOrchestrationService' does not contain a definition for 'GenerateDocumentAsync' and no accessible extension method 'GenerateDocumentAsync' accepting a first argument of type 'IRequirementsOrchestrationService' could be found (are you missing a using directive or an assembly reference?) [D:\Repository\@Founder-y\ByteForgeFrontend\project\code\Tests\ByteForgeFrontend.Tests.csproj]
D:\Repository\@Founder-y\ByteForgeFrontend\project\code\Tests\Integration\E2E\FullWorkflowIntegrationTests.cs(346,60): error CS1061: 'IProjectService' does not contain a definition for 'GetProjectsByTenantAsync' and no accessible extension method 'GetProjectsByTenantAsync' accepting a first argument of type 'IProjectService' could be found (are you missing a using directive or an assembly reference?) [D:\Repository\@Founder-y\ByteForgeFrontend\project\code\Tests\ByteForgeFrontend.Tests.csproj]
D:\Repository\@Founder-y\ByteForgeFrontend\project\code\Tests\Integration\E2E\FullWorkflowIntegrationTests.cs(358,91): error CS0234: The type or namespace name 'AuditLogQuery' does not exist in the namespace 'ByteForgeFrontend.Models.Security' (are you missing an assembly reference?) [D:\Repository\@Founder-y\ByteForgeFrontend\project\code\Tests\ByteForgeFrontend.Tests.csproj]
D:\Repository\@Founder-y\ByteForgeFrontend\project\code\Tests\AIAgents\SpecializedAgentTests.cs(219,56): error CS1503: Argument 1: cannot convert from 'string' to 'ByteForgeFrontend.Services.Infrastructure.LLM.LLMGenerationRequest' [D:\Repository\@Founder-y\ByteForgeFrontend\project\code\Tests\ByteForgeFrontend.Tests.csproj]
D:\Repository\@Founder-y\ByteForgeFrontend\project\code\Tests\AIAgents\SpecializedAgentTests.cs(220,35): error CS0246: The type or namespace name 'LLMResponse' could not be found (are you missing a using directive or an assembly reference?) [D:\Repository\@Founder-y\ByteForgeFrontend\project\code\Tests\ByteForgeFrontend.Tests.csproj]
D:\Repository\@Founder-y\ByteForgeFrontend\project\code\Tests\Infrastructure\RequirementsGeneration\BRDGeneratorTests.cs(150,43): error CS1061: 'IDocumentTemplateService' does not contain a definition for 'GetTemplateAsync' and no accessible extension method 'GetTemplateAsync' accepting a first argument of type 'IDocumentTemplateService' could be found (are you missing a using directive or an assembly reference?) [D:\Repository\@Founder-y\ByteForgeFrontend\project\code\Tests\ByteForgeFrontend.Tests.csproj]
D:\Repository\@Founder-y\ByteForgeFrontend\project\code\Tests\Infrastructure\RequirementsGeneration\BRDGeneratorTests.cs(168,45): error CS7036: There is no argument given that corresponds to the required parameter 'content' of 'IDocumentValidationService.ValidateDocumentAsync(string, string)' [D:\Repository\@Founder-y\ByteForgeFrontend\project\code\Tests\ByteForgeFrontend.Tests.csproj]
D:\Repository\@Founder-y\ByteForgeFrontend\project\code\Tests\Infrastructure\RequirementsGeneration\BRDGeneratorTests.cs(169,31): error CS0246: The type or namespace name 'DocumentValidationResponse' could not be found (are you missing a using directive or an assembly reference?) [D:\Repository\@Founder-y\ByteForgeFrontend\project\code\Tests\ByteForgeFrontend.Tests.csproj]
D:\Repository\@Founder-y\ByteForgeFrontend\project\code\Tests\Infrastructure\RequirementsGeneration\RequirementTraceabilityServiceTests.cs(342,67): error CS1503: Argument 1: cannot convert from 'System.Guid' to 'string' [D:\Repository\@Founder-y\ByteForgeFrontend\project\code\Tests\ByteForgeFrontend.Tests.csproj]
D:\Repository\@Founder-y\ByteForgeFrontend\project\code\Tests\Security\Audit\ComplianceTests.cs(434,32): error CS0246: The type or namespace name 'ApplicationUser' could not be found (are you missing a using directive or an assembly reference?) [D:\Repository\@Founder-y\ByteForgeFrontend\project\code\Tests\ByteForgeFrontend.Tests.csproj]
D:\Repository\@Founder-y\ByteForgeFrontend\project\code\Tests\Integration\E2E\FullWorkflowIntegrationTests.cs(389,26): error CS0029: Cannot implicitly convert type 'string' to 'ByteForgeFrontend.Models.ProjectManagement.ProjectStatus' [D:\Repository\@Founder-y\ByteForgeFrontend\project\code\Tests\ByteForgeFrontend.Tests.csproj]
D:\Repository\@Founder-y\ByteForgeFrontend\project\code\Tests\Integration\E2E\FullWorkflowIntegrationTests.cs(398,47): error CS1061: 'IAgentRegistry' does not contain a definition for 'GetAgent' and no accessible extension method 'GetAgent' accepting a first argument of type 'IAgentRegistry' could be found (are you missing a using directive or an assembly reference?) [D:\Repository\@Founder-y\ByteForgeFrontend\project\code\Tests\ByteForgeFrontend.Tests.csproj]
D:\Repository\@Founder-y\ByteForgeFrontend\project\code\Tests\Integration\E2E\FullWorkflowIntegrationTests.cs(401,62): error CS0246: The type or namespace name 'AgentTaskRequest' could not be found (are you missing a using directive or an assembly reference?) [D:\Repository\@Founder-y\ByteForgeFrontend\project\code\Tests\ByteForgeFrontend.Tests.csproj]
D:\Repository\@Founder-y\ByteForgeFrontend\project\code\Tests\Integration\E2E\FullWorkflowIntegrationTests.cs(413,38): error CS0117: 'AgentStatus' does not contain a definition for 'Error' [D:\Repository\@Founder-y\ByteForgeFrontend\project\code\Tests\ByteForgeFrontend.Tests.csproj]
D:\Repository\@Founder-y\ByteForgeFrontend\project\code\Tests\Integration\E2E\FullWorkflowIntegrationTests.cs(416,61): error CS1061: 'IMonitoringService' does not contain a definition for 'GetAgentStatusAsync' and no accessible extension method 'GetAgentStatusAsync' accepting a first argument of type 'IMonitoringService' could be found (are you missing a using directive or an assembly reference?) [D:\Repository\@Founder-y\ByteForgeFrontend\project\code\Tests\ByteForgeFrontend.Tests.csproj]
D:\Repository\@Founder-y\ByteForgeFrontend\project\code\Tests\Integration\E2E\FullWorkflowIntegrationTests.cs(420,87): error CS0234: The type or namespace name 'AuditLogQuery' does not exist in the namespace 'ByteForgeFrontend.Models.Security' (are you missing an assembly reference?) [D:\Repository\@Founder-y\ByteForgeFrontend\project\code\Tests\ByteForgeFrontend.Tests.csproj]
D:\Repository\@Founder-y\ByteForgeFrontend\project\code\Tests\Integration\E2E\FullWorkflowIntegrationTests.cs(433,67): error CS0246: The type or namespace name 'AgentTaskRequest' could not be found (are you missing a using directive or an assembly reference?) [D:\Repository\@Founder-y\ByteForgeFrontend\project\code\Tests\ByteForgeFrontend.Tests.csproj]
D:\Repository\@Founder-y\ByteForgeFrontend\project\code\Tests\Integration\Security\SecurityIntegrationTests.cs(426,57): error CS1061: 'IComplianceService' does not contain a definition for 'ExportUserDataAsync' and no accessible extension method 'ExportUserDataAsync' accepting a first argument of type 'IComplianceService' could be found (are you missing a using directive or an assembly reference?) [D:\Repository\@Founder-y\ByteForgeFrontend\project\code\Tests\ByteForgeFrontend.Tests.csproj]
D:\Repository\@Founder-y\ByteForgeFrontend\project\code\Tests\Integration\Security\SecurityIntegrationTests.cs(435,60): error CS1061: 'IComplianceService' does not contain a definition for 'AnonymizeUserDataAsync' and no accessible extension method 'AnonymizeUserDataAsync' accepting a first argument of type 'IComplianceService' could be found (are you missing a using directive or an assembly reference?) [D:\Repository\@Founder-y\ByteForgeFrontend\project\code\Tests\ByteForgeFrontend.Tests.csproj]
D:\Repository\@Founder-y\ByteForgeFrontend\project\code\Tests\Integration\Security\SecurityIntegrationTests.cs(446,76): error CS0246: The type or namespace name 'AuditLogQuery' could not be found (are you missing a using directive or an assembly reference?) [D:\Repository\@Founder-y\ByteForgeFrontend\project\code\Tests\ByteForgeFrontend.Tests.csproj]
D:\Repository\@Founder-y\ByteForgeFrontend\project\code\Tests\Integration\Security\SecurityIntegrationTests.cs(457,60): error CS1061: 'IComplianceService' does not contain a definition for 'ApplyDataRetentionPolicyAsync' and no accessible extension method 'ApplyDataRetentionPolicyAsync' accepting a first argument of type 'IComplianceService' could be found (are you missing a using directive or an assembly reference?) [D:\Repository\@Founder-y\ByteForgeFrontend\project\code\Tests\ByteForgeFrontend.Tests.csproj]
D:\Repository\@Founder-y\ByteForgeFrontend\project\code\Tests\Infrastructure\RequirementsGeneration\PRDGeneratorTests.cs(207,43): error CS1061: 'IDocumentTemplateService' does not contain a definition for 'GetTemplateAsync' and no accessible extension method 'GetTemplateAsync' accepting a first argument of type 'IDocumentTemplateService' could be found (are you missing a using directive or an assembly reference?) [D:\Repository\@Founder-y\ByteForgeFrontend\project\code\Tests\ByteForgeFrontend.Tests.csproj]
D:\Repository\@Founder-y\ByteForgeFrontend\project\code\Tests\Infrastructure\RequirementsGeneration\PRDGeneratorTests.cs(222,45): error CS7036: There is no argument given that corresponds to the required parameter 'content' of 'IDocumentValidationService.ValidateDocumentAsync(string, string)' [D:\Repository\@Founder-y\ByteForgeFrontend\project\code\Tests\ByteForgeFrontend.Tests.csproj]
D:\Repository\@Founder-y\ByteForgeFrontend\project\code\Tests\Infrastructure\RequirementsGeneration\PRDGeneratorTests.cs(223,31): error CS0246: The type or namespace name 'DocumentValidationResponse' could not be found (are you missing a using directive or an assembly reference?) [D:\Repository\@Founder-y\ByteForgeFrontend\project\code\Tests\ByteForgeFrontend.Tests.csproj]
D:\Repository\@Founder-y\ByteForgeFrontend\project\code\Tests\AIAgents\SpecializedAgentTests.cs(246,56): error CS1503: Argument 1: cannot convert from 'string' to 'ByteForgeFrontend.Services.Infrastructure.LLM.LLMGenerationRequest' [D:\Repository\@Founder-y\ByteForgeFrontend\project\code\Tests\ByteForgeFrontend.Tests.csproj]
D:\Repository\@Founder-y\ByteForgeFrontend\project\code\Tests\AIAgents\SpecializedAgentTests.cs(247,35): error CS0246: The type or namespace name 'LLMResponse' could not be found (are you missing a using directive or an assembly reference?) [D:\Repository\@Founder-y\ByteForgeFrontend\project\code\Tests\ByteForgeFrontend.Tests.csproj]
D:\Repository\@Founder-y\ByteForgeFrontend\project\code\Tests\AIAgents\SpecializedAgentTests.cs(260,17): error CS1503: Argument 1: cannot convert from 'string' to 'ByteForgeFrontend.Services.Infrastructure.LLM.LLMGenerationRequest' [D:\Repository\@Founder-y\ByteForgeFrontend\project\code\Tests\ByteForgeFrontend.Tests.csproj]
D:\Repository\@Founder-y\ByteForgeFrontend\project\code\Tests\Infrastructure\RequirementsGeneration\RequirementsOrchestrationServiceTests.cs(103,27): error CS0246: The type or namespace name 'Project' could not be found (are you missing a using directive or an assembly reference?) [D:\Repository\@Founder-y\ByteForgeFrontend\project\code\Tests\ByteForgeFrontend.Tests.csproj]
D:\Repository\@Founder-y\ByteForgeFrontend\project\code\Tests\Infrastructure\RequirementsGeneration\RequirementsOrchestrationServiceTests.cs(110,58): error CS1503: Argument 1: cannot convert from 'System.Guid' to 'string' [D:\Repository\@Founder-y\ByteForgeFrontend\project\code\Tests\ByteForgeFrontend.Tests.csproj]
D:\Repository\@Founder-y\ByteForgeFrontend\project\code\Tests\Infrastructure\RequirementsGeneration\BRDGeneratorTests.cs(191,43): error CS1061: 'IDocumentTemplateService' does not contain a definition for 'GetTemplateAsync' and no accessible extension method 'GetTemplateAsync' accepting a first argument of type 'IDocumentTemplateService' could be found (are you missing a using directive or an assembly reference?) [D:\Repository\@Founder-y\ByteForgeFrontend\project\code\Tests\ByteForgeFrontend.Tests.csproj]
D:\Repository\@Founder-y\ByteForgeFrontend\project\code\Tests\Infrastructure\RequirementsGeneration\BRDGeneratorTests.cs(201,45): error CS7036: There is no argument given that corresponds to the required parameter 'content' of 'IDocumentValidationService.ValidateDocumentAsync(string, string)' [D:\Repository\@Founder-y\ByteForgeFrontend\project\code\Tests\ByteForgeFrontend.Tests.csproj]
D:\Repository\@Founder-y\ByteForgeFrontend\project\code\Tests\Infrastructure\RequirementsGeneration\BRDGeneratorTests.cs(202,31): error CS0246: The type or namespace name 'DocumentValidationResponse' could not be found (are you missing a using directive or an assembly reference?) [D:\Repository\@Founder-y\ByteForgeFrontend\project\code\Tests\ByteForgeFrontend.Tests.csproj]
D:\Repository\@Founder-y\ByteForgeFrontend\project\code\Tests\Integration\E2E\FullWorkflowIntegrationTests.cs(458,17): error CS0117: 'ProjectTemplate' does not contain a definition for 'TenantId' [D:\Repository\@Founder-y\ByteForgeFrontend\project\code\Tests\ByteForgeFrontend.Tests.csproj]
D:\Repository\@Founder-y\ByteForgeFrontend\project\code\Tests\Integration\E2E\FullWorkflowIntegrationTests.cs(459,17): error CS0117: 'ProjectTemplate' does not contain a definition for 'Metadata' [D:\Repository\@Founder-y\ByteForgeFrontend\project\code\Tests\ByteForgeFrontend.Tests.csproj]
D:\Repository\@Founder-y\ByteForgeFrontend\project\code\Tests\Integration\E2E\FullWorkflowIntegrationTests.cs(471,40): error CS1061: 'ProjectTemplate' does not contain a definition for 'Success' and no accessible extension method 'Success' accepting a first argument of type 'ProjectTemplate' could be found (are you missing a using directive or an assembly reference?) [D:\Repository\@Founder-y\ByteForgeFrontend\project\code\Tests\ByteForgeFrontend.Tests.csproj]
D:\Repository\@Founder-y\ByteForgeFrontend\project\code\Tests\Integration\E2E\FullWorkflowIntegrationTests.cs(472,45): error CS1061: 'ProjectTemplate' does not contain a definition for 'Data' and no accessible extension method 'Data' accepting a first argument of type 'ProjectTemplate' could be found (are you missing a using directive or an assembly reference?) [D:\Repository\@Founder-y\ByteForgeFrontend\project\code\Tests\ByteForgeFrontend.Tests.csproj]
D:\Repository\@Founder-y\ByteForgeFrontend\project\code\Tests\Integration\E2E\FullWorkflowIntegrationTests.cs(480,26): error CS0029: Cannot implicitly convert type 'string' to 'ByteForgeFrontend.Models.ProjectManagement.ProjectStatus' [D:\Repository\@Founder-y\ByteForgeFrontend\project\code\Tests\ByteForgeFrontend.Tests.csproj]
D:\Repository\@Founder-y\ByteForgeFrontend\project\code\Tests\Integration\E2E\FullWorkflowIntegrationTests.cs(487,54): error CS1061: 'ITemplateManagementService' does not contain a definition for 'ApplyTemplateAsync' and no accessible extension method 'ApplyTemplateAsync' accepting a first argument of type 'ITemplateManagementService' could be found (are you missing a using directive or an assembly reference?) [D:\Repository\@Founder-y\ByteForgeFrontend\project\code\Tests\ByteForgeFrontend.Tests.csproj]
D:\Repository\@Founder-y\ByteForgeFrontend\project\code\Tests\Integration\E2E\FullWorkflowIntegrationTests.cs(491,111): error CS1061: 'ProjectTemplate' does not contain a definition for 'Metadata' and no accessible extension method 'Metadata' accepting a first argument of type 'ProjectTemplate' could be found (are you missing a using directive or an assembly reference?) [D:\Repository\@Founder-y\ByteForgeFrontend\project\code\Tests\ByteForgeFrontend.Tests.csproj]
D:\Repository\@Founder-y\ByteForgeFrontend\project\code\Tests\Integration\E2E\FullWorkflowIntegrationTests.cs(491,56): error CS1061: 'IRequirementsOrchestrationService' does not contain a definition for 'GenerateDocumentAsync' and no accessible extension method 'GenerateDocumentAsync' accepting a first argument of type 'IRequirementsOrchestrationService' could be found (are you missing a using directive or an assembly reference?) [D:\Repository\@Founder-y\ByteForgeFrontend\project\code\Tests\ByteForgeFrontend.Tests.csproj]
D:\Repository\@Founder-y\ByteForgeFrontend\project\code\Tests\Integration\E2E\FullWorkflowIntegrationTests.cs(495,50): error CS1061: 'IProjectService' does not contain a definition for 'GetProjectDocumentAsync' and no accessible extension method 'GetProjectDocumentAsync' accepting a first argument of type 'IProjectService' could be found (are you missing a using directive or an assembly reference?) [D:\Repository\@Founder-y\ByteForgeFrontend\project\code\Tests\ByteForgeFrontend.Tests.csproj]
D:\Repository\@Founder-y\ByteForgeFrontend\project\code\Tests\Integration\E2E\FullWorkflowIntegrationTests.cs(510,44): error CS1061: 'IAgentRegistry' does not contain a definition for 'GetAgent' and no accessible extension method 'GetAgent' accepting a first argument of type 'IAgentRegistry' could be found (are you missing a using directive or an assembly reference?) [D:\Repository\@Founder-y\ByteForgeFrontend\project\code\Tests\ByteForgeFrontend.Tests.csproj]
D:\Repository\@Founder-y\ByteForgeFrontend\project\code\Tests\Integration\E2E\FullWorkflowIntegrationTests.cs(511,64): error CS0246: The type or namespace name 'AgentTaskRequest' could not be found (are you missing a using directive or an assembly reference?) [D:\Repository\@Founder-y\ByteForgeFrontend\project\code\Tests\ByteForgeFrontend.Tests.csproj]
D:\Repository\@Founder-y\ByteForgeFrontend\project\code\Tests\Integration\E2E\FullWorkflowIntegrationTests.cs(517,62): error CS1061: 'ProjectTemplate' does not contain a definition for 'Metadata' and no accessible extension method 'Metadata' accepting a first argument of type 'ProjectTemplate' could be found (are you missing a using directive or an assembly reference?) [D:\Repository\@Founder-y\ByteForgeFrontend\project\code\Tests\ByteForgeFrontend.Tests.csproj]
D:\Repository\@Founder-y\ByteForgeFrontend\project\code\Tests\Infrastructure\RequirementsGeneration\RequirementsOrchestrationServiceTests.cs(197,27): error CS0246: The type or namespace name 'Project' could not be found (are you missing a using directive or an assembly reference?) [D:\Repository\@Founder-y\ByteForgeFrontend\project\code\Tests\ByteForgeFrontend.Tests.csproj]
D:\Repository\@Founder-y\ByteForgeFrontend\project\code\Tests\Infrastructure\RequirementsGeneration\RequirementsOrchestrationServiceTests.cs(198,58): error CS1503: Argument 1: cannot convert from 'System.Guid' to 'string' [D:\Repository\@Founder-y\ByteForgeFrontend\project\code\Tests\ByteForgeFrontend.Tests.csproj]
D:\Repository\@Founder-y\ByteForgeFrontend\project\code\Tests\Integration\E2E\FullWorkflowIntegrationTests.cs(541,32): error CS1061: 'IMonitoringService' does not contain a definition for 'SubscribeToUpdates' and no accessible extension method 'SubscribeToUpdates' accepting a first argument of type 'IMonitoringService' could be found (are you missing a using directive or an assembly reference?) [D:\Repository\@Founder-y\ByteForgeFrontend\project\code\Tests\ByteForgeFrontend.Tests.csproj]
D:\Repository\@Founder-y\ByteForgeFrontend\project\code\Tests\Integration\E2E\FullWorkflowIntegrationTests.cs(549,66): error CS1503: Argument 1: cannot convert from 'System.Guid' to 'string' [D:\Repository\@Founder-y\ByteForgeFrontend\project\code\Tests\ByteForgeFrontend.Tests.csproj]
D:\Repository\@Founder-y\ByteForgeFrontend\project\code\Tests\Integration\E2E\FullWorkflowIntegrationTests.cs(550,38): error CS1501: No overload for method 'UpdateAgentStatusAsync' takes 5 arguments [D:\Repository\@Founder-y\ByteForgeFrontend\project\code\Tests\ByteForgeFrontend.Tests.csproj]
D:\Repository\@Founder-y\ByteForgeFrontend\project\code\Tests\Integration\E2E\FullWorkflowIntegrationTests.cs(551,38): error CS1061: 'IMonitoringService' does not contain a definition for 'UpdateProjectStatusAsync' and no accessible extension method 'UpdateProjectStatusAsync' accepting a first argument of type 'IMonitoringService' could be found (are you missing a using directive or an assembly reference?) [D:\Repository\@Founder-y\ByteForgeFrontend\project\code\Tests\ByteForgeFrontend.Tests.csproj]
D:\Repository\@Founder-y\ByteForgeFrontend\project\code\Tests\Integration\E2E\FullWorkflowIntegrationTests.cs(561,32): error CS1061: 'IMonitoringService' does not contain a definition for 'UnsubscribeFromUpdates' and no accessible extension method 'UnsubscribeFromUpdates' accepting a first argument of type 'IMonitoringService' could be found (are you missing a using directive or an assembly reference?) [D:\Repository\@Founder-y\ByteForgeFrontend\project\code\Tests\ByteForgeFrontend.Tests.csproj]
D:\Repository\@Founder-y\ByteForgeFrontend\project\code\Tests\Infrastructure\RequirementsGeneration\PRDGeneratorTests.cs(244,43): error CS1061: 'IDocumentTemplateService' does not contain a definition for 'GetTemplateAsync' and no accessible extension method 'GetTemplateAsync' accepting a first argument of type 'IDocumentTemplateService' could be found (are you missing a using directive or an assembly reference?) [D:\Repository\@Founder-y\ByteForgeFrontend\project\code\Tests\ByteForgeFrontend.Tests.csproj]
D:\Repository\@Founder-y\ByteForgeFrontend\project\code\Tests\Infrastructure\RequirementsGeneration\PRDGeneratorTests.cs(259,45): error CS7036: There is no argument given that corresponds to the required parameter 'content' of 'IDocumentValidationService.ValidateDocumentAsync(string, string)' [D:\Repository\@Founder-y\ByteForgeFrontend\project\code\Tests\ByteForgeFrontend.Tests.csproj]
D:\Repository\@Founder-y\ByteForgeFrontend\project\code\Tests\Infrastructure\RequirementsGeneration\PRDGeneratorTests.cs(260,31): error CS0246: The type or namespace name 'DocumentValidationResponse' could not be found (are you missing a using directive or an assembly reference?) [D:\Repository\@Founder-y\ByteForgeFrontend\project\code\Tests\ByteForgeFrontend.Tests.csproj]
D:\Repository\@Founder-y\ByteForgeFrontend\project\code\Tests\Integration\Security\SecurityIntegrationTests.cs(502,71): error CS0246: The type or namespace name 'AuditLogQuery' could not be found (are you missing a using directive or an assembly reference?) [D:\Repository\@Founder-y\ByteForgeFrontend\project\code\Tests\ByteForgeFrontend.Tests.csproj]
D:\Repository\@Founder-y\ByteForgeFrontend\project\code\Tests\Integration\Security\SecurityIntegrationTests.cs(527,53): error CS1061: 'IAuditLoggingService' does not contain a definition for 'SearchAuditLogsAsync' and no accessible extension method 'SearchAuditLogsAsync' accepting a first argument of type 'IAuditLoggingService' could be found (are you missing a using directive or an assembly reference?) [D:\Repository\@Founder-y\ByteForgeFrontend\project\code\Tests\ByteForgeFrontend.Tests.csproj]
D:\Repository\@Founder-y\ByteForgeFrontend\project\code\Tests\Integration\Security\SecurityIntegrationTests.cs(533,77): error CS0246: The type or namespace name 'AuditLogQuery' could not be found (are you missing a using directive or an assembly reference?) [D:\Repository\@Founder-y\ByteForgeFrontend\project\code\Tests\ByteForgeFrontend.Tests.csproj]
D:\Repository\@Founder-y\ByteForgeFrontend\project\code\Tests\Integration\Security\SecurityIntegrationTests.cs(533,52): error CS1061: 'IAuditLoggingService' does not contain a definition for 'ExportAuditLogsAsync' and no accessible extension method 'ExportAuditLogsAsync' accepting a first argument of type 'IAuditLoggingService' could be found (are you missing a using directive or an assembly reference?) [D:\Repository\@Founder-y\ByteForgeFrontend\project\code\Tests\ByteForgeFrontend.Tests.csproj]
D:\Repository\@Founder-y\ByteForgeFrontend\project\code\Tests\Infrastructure\RequirementsGeneration\RequirementsOrchestrationServiceTests.cs(246,27): error CS0246: The type or namespace name 'Project' could not be found (are you missing a using directive or an assembly reference?) [D:\Repository\@Founder-y\ByteForgeFrontend\project\code\Tests\ByteForgeFrontend.Tests.csproj]
D:\Repository\@Founder-y\ByteForgeFrontend\project\code\Tests\Infrastructure\RequirementsGeneration\RequirementsOrchestrationServiceTests.cs(247,58): error CS1503: Argument 1: cannot convert from 'System.Guid' to 'string' [D:\Repository\@Founder-y\ByteForgeFrontend\project\code\Tests\ByteForgeFrontend.Tests.csproj]
D:\Repository\@Founder-y\ByteForgeFrontend\project\code\Tests\Infrastructure\RequirementsGeneration\BRDGeneratorTests.cs(233,43): error CS1061: 'IDocumentTemplateService' does not contain a definition for 'GetTemplateAsync' and no accessible extension method 'GetTemplateAsync' accepting a first argument of type 'IDocumentTemplateService' could be found (are you missing a using directive or an assembly reference?) [D:\Repository\@Founder-y\ByteForgeFrontend\project\code\Tests\ByteForgeFrontend.Tests.csproj]
D:\Repository\@Founder-y\ByteForgeFrontend\project\code\Tests\Infrastructure\RequirementsGeneration\BRDGeneratorTests.cs(245,45): error CS7036: There is no argument given that corresponds to the required parameter 'content' of 'IDocumentValidationService.ValidateDocumentAsync(string, string)' [D:\Repository\@Founder-y\ByteForgeFrontend\project\code\Tests\ByteForgeFrontend.Tests.csproj]
D:\Repository\@Founder-y\ByteForgeFrontend\project\code\Tests\Infrastructure\RequirementsGeneration\BRDGeneratorTests.cs(246,31): error CS0246: The type or namespace name 'DocumentValidationResponse' could not be found (are you missing a using directive or an assembly reference?) [D:\Repository\@Founder-y\ByteForgeFrontend\project\code\Tests\ByteForgeFrontend.Tests.csproj]
D:\Repository\@Founder-y\ByteForgeFrontend\project\code\Tests\Infrastructure\RequirementsGeneration\RequirementsOrchestrationServiceTests.cs(291,27): error CS0246: The type or namespace name 'Project' could not be found (are you missing a using directive or an assembly reference?) [D:\Repository\@Founder-y\ByteForgeFrontend\project\code\Tests\ByteForgeFrontend.Tests.csproj]
D:\Repository\@Founder-y\ByteForgeFrontend\project\code\Tests\Infrastructure\RequirementsGeneration\RequirementsOrchestrationServiceTests.cs(292,58): error CS1503: Argument 1: cannot convert from 'System.Guid' to 'string' [D:\Repository\@Founder-y\ByteForgeFrontend\project\code\Tests\ByteForgeFrontend.Tests.csproj]
D:\Repository\@Founder-y\ByteForgeFrontend\project\code\Tests\Infrastructure\RequirementsGeneration\RequirementsOrchestrationServiceTests.cs(305,17): error CS0019: Operator '==' cannot be applied to operands of type 'string' and 'Guid' [D:\Repository\@Founder-y\ByteForgeFrontend\project\code\Tests\ByteForgeFrontend.Tests.csproj]
D:\Repository\@Founder-y\ByteForgeFrontend\project\code\Tests\Infrastructure\RequirementsGeneration\RequirementsOrchestrationServiceTests.cs(312,17): error CS0019: Operator '==' cannot be applied to operands of type 'string' and 'Guid' [D:\Repository\@Founder-y\ByteForgeFrontend\project\code\Tests\ByteForgeFrontend.Tests.csproj]
D:\Repository\@Founder-y\ByteForgeFrontend\project\code\Tests\Infrastructure\RequirementsGeneration\RequirementsOrchestrationServiceTests.cs(319,17): error CS0019: Operator '==' cannot be applied to operands of type 'string' and 'Guid' [D:\Repository\@Founder-y\ByteForgeFrontend\project\code\Tests\ByteForgeFrontend.Tests.csproj]
D:\Repository\@Founder-y\ByteForgeFrontend\project\code\Tests\Infrastructure\RequirementsGeneration\RequirementsOrchestrationServiceTests.cs(326,17): error CS0019: Operator '==' cannot be applied to operands of type 'string' and 'Guid' [D:\Repository\@Founder-y\ByteForgeFrontend\project\code\Tests\ByteForgeFrontend.Tests.csproj]
D:\Repository\@Founder-y\ByteForgeFrontend\project\code\Tests\Infrastructure\RequirementsGeneration\RequirementsOrchestrationServiceTests.cs(358,27): error CS0246: The type or namespace name 'Project' could not be found (are you missing a using directive or an assembly reference?) [D:\Repository\@Founder-y\ByteForgeFrontend\project\code\Tests\ByteForgeFrontend.Tests.csproj]
D:\Repository\@Founder-y\ByteForgeFrontend\project\code\Tests\Infrastructure\RequirementsGeneration\RequirementsOrchestrationServiceTests.cs(359,58): error CS1503: Argument 1: cannot convert from 'System.Guid' to 'string' [D:\Repository\@Founder-y\ByteForgeFrontend\project\code\Tests\ByteForgeFrontend.Tests.csproj]
    95 Warning(s)
    208 Error(s)

Time Elapsed 00:00:01.70
